â¯ Building...
âœ” Building...
Application bundle generation failed. [6.191 seconds]

[31mâœ˜ [41;31m[[41;97mERROR[41;31m][0m [1mNG8004: No pipe found with name 'translate'.[0m [1m[35m[plugin angular-compiler][0m

    src/app/features/customers/customer-create-modal/customer-create-modal.component.html:1:61:
[37m      1 â”‚ ...le]="'modals.newCustomer' | [32mtranslate[37m" [size]="'lg'" (close)="on...
        â•µ                                [32m~~~~~~~~~[0m

  Error occurs in the template of component CustomerCreateModalComponent.

    src/app/features/customers/customer-create-modal/customer-create-modal.component.ts:15:15:
[37m      15 â”‚   templateUrl: [32m'./customer-create-modal.component.html'[37m,
         â•µ                [32m~~~~~~~~~~~~~~~~~~~~~~~~~~~~~~~~~~~~~~~~[0m


[31mâœ˜ [41;31m[[41;97mERROR[41;31m][0m [1mNG8004: No pipe found with name 'translate'.[0m [1m[35m[plugin angular-compiler][0m

    src/app/features/customers/customer-create-modal/customer-create-modal.component.html:5:56:
[37m      5 â”‚ ...el]="'common.fields.name' | [32mtranslate[37m" [control]="form.controls[...
        â•µ                                [32m~~~~~~~~~[0m

  Error occurs in the template of component CustomerCreateModalComponent.

    src/app/features/customers/customer-create-modal/customer-create-modal.component.ts:15:15:
[37m      15 â”‚   templateUrl: [32m'./customer-create-modal.component.html'[37m,
         â•µ                [32m~~~~~~~~~~~~~~~~~~~~~~~~~~~~~~~~~~~~~~~~[0m


[31mâœ˜ [41;31m[[41;97mERROR[41;31m][0m [1mNG8004: No pipe found with name 'translate'.[0m [1m[35m[plugin angular-compiler][0m

    src/app/features/customers/customer-create-modal/customer-create-modal.component.html:5:165:
[37m      5 â”‚ ...on.placeholders.fullName' | [32mtranslate[37m" [required]="true"></app-f...
        â•µ                                [32m~~~~~~~~~[0m

  Error occurs in the template of component CustomerCreateModalComponent.

    src/app/features/customers/customer-create-modal/customer-create-modal.component.ts:15:15:
[37m      15 â”‚   templateUrl: [32m'./customer-create-modal.component.html'[37m,
         â•µ                [32m~~~~~~~~~~~~~~~~~~~~~~~~~~~~~~~~~~~~~~~~[0m


[31mâœ˜ [41;31m[[41;97mERROR[41;31m][0m [1mNG8004: No pipe found with name 'translate'.[0m [1m[35m[plugin angular-compiler][0m

    src/app/features/customers/customer-create-modal/customer-create-modal.component.html:8:55:
[37m      8 â”‚ ...l]="'common.fields.email' | [32mtranslate[37m" [control]="form.controls[...
        â•µ                                [32m~~~~~~~~~[0m

  Error occurs in the template of component CustomerCreateModalComponent.

    src/app/features/customers/customer-create-modal/customer-create-modal.component.ts:15:15:
[37m      15 â”‚   templateUrl: [32m'./customer-create-modal.component.html'[37m,
         â•µ                [32m~~~~~~~~~~~~~~~~~~~~~~~~~~~~~~~~~~~~~~~~[0m


[31mâœ˜ [41;31m[[41;97mERROR[41;31m][0m [1mNG8004: No pipe found with name 'translate'.[0m [1m[35m[plugin angular-compiler][0m

    src/app/features/customers/customer-create-modal/customer-create-modal.component.html:8:163:
[37m      8 â”‚ ...ommon.placeholders.email' | [32mtranslate[37m" [required]="true"></app-f...
        â•µ                                [32m~~~~~~~~~[0m

  Error occurs in the template of component CustomerCreateModalComponent.

    src/app/features/customers/customer-create-modal/customer-create-modal.component.ts:15:15:
[37m      15 â”‚   templateUrl: [32m'./customer-create-modal.component.html'[37m,
         â•µ                [32m~~~~~~~~~~~~~~~~~~~~~~~~~~~~~~~~~~~~~~~~[0m


[31mâœ˜ [41;31m[[41;97mERROR[41;31m][0m [1mNG8004: No pipe found with name 'translate'.[0m [1m[35m[plugin angular-compiler][0m

    src/app/features/customers/customer-create-modal/customer-create-modal.component.html:10:55:
[37m      10 â”‚ ...]="'common.fields.phone' | [32mtranslate[37m" [control]="form.controls[...
         â•µ                               [32m~~~~~~~~~[0m

  Error occurs in the template of component CustomerCreateModalComponent.

    src/app/features/customers/customer-create-modal/customer-create-modal.component.ts:15:15:
[37m      15 â”‚   templateUrl: [32m'./customer-create-modal.component.html'[37m,
         â•µ                [32m~~~~~~~~~~~~~~~~~~~~~~~~~~~~~~~~~~~~~~~~[0m


[31mâœ˜ [41;31m[[41;97mERROR[41;31m][0m [1mNG8004: No pipe found with name 'translate'.[0m [1m[35m[plugin angular-compiler][0m

    src/app/features/customers/customer-create-modal/customer-create-modal.component.html:10:162:
[37m      10 â”‚ ...mmon.placeholders.phone' | [32mtranslate[37m" [required]="true"></app-f...
         â•µ                               [32m~~~~~~~~~[0m

  Error occurs in the template of component CustomerCreateModalComponent.

    src/app/features/customers/customer-create-modal/customer-create-modal.component.ts:15:15:
[37m      15 â”‚   templateUrl: [32m'./customer-create-modal.component.html'[37m,
         â•µ                [32m~~~~~~~~~~~~~~~~~~~~~~~~~~~~~~~~~~~~~~~~[0m


[31mâœ˜ [41;31m[[41;97mERROR[41;31m][0m [1mNG8004: No pipe found with name 'translate'.[0m [1m[35m[plugin angular-compiler][0m

    src/app/features/customers/customer-create-modal/customer-create-modal.component.html:12:55:
[37m      12 â”‚ ...]="'common.fields.taxId' | [32mtranslate[37m" [control]="form.controls[...
         â•µ                               [32m~~~~~~~~~[0m

  Error occurs in the template of component CustomerCreateModalComponent.

    src/app/features/customers/customer-create-modal/customer-create-modal.component.ts:15:15:
[37m      15 â”‚   templateUrl: [32m'./customer-create-modal.component.html'[37m,
         â•µ                [32m~~~~~~~~~~~~~~~~~~~~~~~~~~~~~~~~~~~~~~~~[0m


[31mâœ˜ [41;31m[[41;97mERROR[41;31m][0m [1mNG8004: No pipe found with name 'translate'.[0m [1m[35m[plugin angular-compiler][0m

    src/app/features/customers/customer-create-modal/customer-create-modal.component.html:12:165:
[37m      12 â”‚ ...mmon.placeholders.taxId' | [32mtranslate[37m" [required]="true"></app-f...
         â•µ                               [32m~~~~~~~~~[0m

  Error occurs in the template of component CustomerCreateModalComponent.

    src/app/features/customers/customer-create-modal/customer-create-modal.component.ts:15:15:
[37m      15 â”‚   templateUrl: [32m'./customer-create-modal.component.html'[37m,
         â•µ                [32m~~~~~~~~~~~~~~~~~~~~~~~~~~~~~~~~~~~~~~~~[0m


[31mâœ˜ [41;31m[[41;97mERROR[41;31m][0m [1mNG8004: No pipe found with name 'translate'.[0m [1m[35m[plugin angular-compiler][0m

    src/app/features/customers/customer-create-modal/customer-create-modal.component.html:14:57:
[37m      14 â”‚ ..."'common.fields.zipCode' | [32mtranslate[37m" [control]="form.controls[...
         â•µ                               [32m~~~~~~~~~[0m

  Error occurs in the template of component CustomerCreateModalComponent.

    src/app/features/customers/customer-create-modal/customer-create-modal.component.ts:15:15:
[37m      15 â”‚   templateUrl: [32m'./customer-create-modal.component.html'[37m,
         â•µ                [32m~~~~~~~~~~~~~~~~~~~~~~~~~~~~~~~~~~~~~~~~[0m


[31mâœ˜ [41;31m[[41;97mERROR[41;31m][0m [1mNG8004: No pipe found with name 'translate'.[0m [1m[35m[plugin angular-compiler][0m

    src/app/features/customers/customer-create-modal/customer-create-modal.component.html:14:168:
[37m      14 â”‚ ...on.placeholders.zipCode' | [32mtranslate[37m" [required]="true"></app-f...
         â•µ                               [32m~~~~~~~~~[0m

  Error occurs in the template of component CustomerCreateModalComponent.

    src/app/features/customers/customer-create-modal/customer-create-modal.component.ts:15:15:
[37m      15 â”‚   templateUrl: [32m'./customer-create-modal.component.html'[37m,
         â•µ                [32m~~~~~~~~~~~~~~~~~~~~~~~~~~~~~~~~~~~~~~~~[0m


[31mâœ˜ [41;31m[[41;97mERROR[41;31m][0m [1mNG8004: No pipe found with name 'translate'.[0m [1m[35m[plugin angular-compiler][0m

    src/app/features/customers/customer-create-modal/customer-create-modal.component.html:17:59:
[37m      17 â”‚ ..."'common.fields.address' | [32mtranslate[37m" [control]="form.controls[...
         â•µ                               [32m~~~~~~~~~[0m

  Error occurs in the template of component CustomerCreateModalComponent.

    src/app/features/customers/customer-create-modal/customer-create-modal.component.ts:15:15:
[37m      15 â”‚   templateUrl: [32m'./customer-create-modal.component.html'[37m,
         â•µ                [32m~~~~~~~~~~~~~~~~~~~~~~~~~~~~~~~~~~~~~~~~[0m


[31mâœ˜ [41;31m[[41;97mERROR[41;31m][0m [1mNG8004: No pipe found with name 'translate'.[0m [1m[35m[plugin angular-compiler][0m

    src/app/features/customers/customer-create-modal/customer-create-modal.component.html:17:170:
[37m      17 â”‚ ...on.placeholders.address' | [32mtranslate[37m" [required]="true"></app-f...
         â•µ                               [32m~~~~~~~~~[0m

  Error occurs in the template of component CustomerCreateModalComponent.

    src/app/features/customers/customer-create-modal/customer-create-modal.component.ts:15:15:
[37m      15 â”‚   templateUrl: [32m'./customer-create-modal.component.html'[37m,
         â•µ                [32m~~~~~~~~~~~~~~~~~~~~~~~~~~~~~~~~~~~~~~~~[0m


[31mâœ˜ [41;31m[[41;97mERROR[41;31m][0m [1mNG8004: No pipe found with name 'translate'.[0m [1m[35m[plugin angular-compiler][0m

    src/app/features/customers/customer-create-modal/customer-create-modal.component.html:20:54:
[37m      20 â”‚ ...l]="'common.fields.city' | [32mtranslate[37m" [control]="form.controls[...
         â•µ                               [32m~~~~~~~~~[0m

  Error occurs in the template of component CustomerCreateModalComponent.

    src/app/features/customers/customer-create-modal/customer-create-modal.component.ts:15:15:
[37m      15 â”‚   templateUrl: [32m'./customer-create-modal.component.html'[37m,
         â•µ                [32m~~~~~~~~~~~~~~~~~~~~~~~~~~~~~~~~~~~~~~~~[0m


[31mâœ˜ [41;31m[[41;97mERROR[41;31m][0m [1mNG8004: No pipe found with name 'translate'.[0m [1m[35m[plugin angular-compiler][0m

    src/app/features/customers/customer-create-modal/customer-create-modal.component.html:20:159:
[37m      20 â”‚ ...ommon.placeholders.city' | [32mtranslate[37m" [required]="true"></app-f...
         â•µ                               [32m~~~~~~~~~[0m

  Error occurs in the template of component CustomerCreateModalComponent.

    src/app/features/customers/customer-create-modal/customer-create-modal.component.ts:15:15:
[37m      15 â”‚   templateUrl: [32m'./customer-create-modal.component.html'[37m,
         â•µ                [32m~~~~~~~~~~~~~~~~~~~~~~~~~~~~~~~~~~~~~~~~[0m


[31mâœ˜ [41;31m[[41;97mERROR[41;31m][0m [1mNG8004: No pipe found with name 'translate'.[0m [1m[35m[plugin angular-compiler][0m

    src/app/features/customers/customer-create-modal/customer-create-modal.component.html:22:55:
[37m      22 â”‚ ...]="'common.fields.state' | [32mtranslate[37m" [control]="form.controls[...
         â•µ                               [32m~~~~~~~~~[0m

  Error occurs in the template of component CustomerCreateModalComponent.

    src/app/features/customers/customer-create-modal/customer-create-modal.component.ts:15:15:
[37m      15 â”‚   templateUrl: [32m'./customer-create-modal.component.html'[37m,
         â•µ                [32m~~~~~~~~~~~~~~~~~~~~~~~~~~~~~~~~~~~~~~~~[0m


[31mâœ˜ [41;31m[[41;97mERROR[41;31m][0m [1mNG8004: No pipe found with name 'translate'.[0m [1m[35m[plugin angular-compiler][0m

    src/app/features/customers/customer-create-modal/customer-create-modal.component.html:22:160:
[37m      22 â”‚ ...common.fields.stateAbbr' | [32mtranslate[37m" [required]="true"></app-f...
         â•µ                               [32m~~~~~~~~~[0m

  Error occurs in the template of component CustomerCreateModalComponent.

    src/app/features/customers/customer-create-modal/customer-create-modal.component.ts:15:15:
[37m      15 â”‚   templateUrl: [32m'./customer-create-modal.component.html'[37m,
         â•µ                [32m~~~~~~~~~~~~~~~~~~~~~~~~~~~~~~~~~~~~~~~~[0m


[31mâœ˜ [41;31m[[41;97mERROR[41;31m][0m [1mNG8004: No pipe found with name 'translate'.[0m [1m[35m[plugin angular-compiler][0m

    src/app/features/customers/customer-create-modal/customer-create-modal.component.html:24:57:
[37m      24 â”‚ ..."'common.fields.country' | [32mtranslate[37m" [control]="form.controls[...
         â•µ                               [32m~~~~~~~~~[0m

  Error occurs in the template of component CustomerCreateModalComponent.

    src/app/features/customers/customer-create-modal/customer-create-modal.component.ts:15:15:
[37m      15 â”‚   templateUrl: [32m'./customer-create-modal.component.html'[37m,
         â•µ                [32m~~~~~~~~~~~~~~~~~~~~~~~~~~~~~~~~~~~~~~~~[0m


[31mâœ˜ [41;31m[[41;97mERROR[41;31m][0m [1mNG8004: No pipe found with name 'translate'.[0m [1m[35m[plugin angular-compiler][0m

    src/app/features/customers/customer-create-modal/customer-create-modal.component.html:24:168:
[37m      24 â”‚ ...der]="'common.placeholders.country' | [32mtranslate[37m"></app-form-field>
         â•µ                                          [32m~~~~~~~~~[0m

  Error occurs in the template of component CustomerCreateModalComponent.

    src/app/features/customers/customer-create-modal/customer-create-modal.component.ts:15:15:
[37m      15 â”‚   templateUrl: [32m'./customer-create-modal.component.html'[37m,
         â•µ                [32m~~~~~~~~~~~~~~~~~~~~~~~~~~~~~~~~~~~~~~~~[0m


[31mâœ˜ [41;31m[[41;97mERROR[41;31m][0m [1mNG8004: No pipe found with name 'translate'.[0m [1m[35m[plugin angular-compiler][0m

    src/app/features/customers/customer-create-modal/customer-create-modal.component.html:29:37:
[37m      29 â”‚         {{ 'common.buttons.cancel' | [32mtranslate[37m }}
         â•µ                                      [32m~~~~~~~~~[0m

  Error occurs in the template of component CustomerCreateModalComponent.

    src/app/features/customers/customer-create-modal/customer-create-modal.component.ts:15:15:
[37m      15 â”‚   templateUrl: [32m'./customer-create-modal.component.html'[37m,
         â•µ                [32m~~~~~~~~~~~~~~~~~~~~~~~~~~~~~~~~~~~~~~~~[0m


[31mâœ˜ [41;31m[[41;97mERROR[41;31m][0m [1mNG8004: No pipe found with name 'translate'.[0m [1m[35m[plugin angular-compiler][0m

    src/app/features/customers/customer-create-modal/customer-create-modal.component.html:37:31:
[37m      37 â”‚           {{ 'common.saving' | [32mtranslate[37m }}
         â•µ                                [32m~~~~~~~~~[0m

  Error occurs in the template of component CustomerCreateModalComponent.

    src/app/features/customers/customer-create-modal/customer-create-modal.component.ts:15:15:
[37m      15 â”‚   templateUrl: [32m'./customer-create-modal.component.html'[37m,
         â•µ                [32m~~~~~~~~~~~~~~~~~~~~~~~~~~~~~~~~~~~~~~~~[0m


[31mâœ˜ [41;31m[[41;97mERROR[41;31m][0m [1mNG8004: No pipe found with name 'translate'.[0m [1m[35m[plugin angular-compiler][0m

    src/app/features/customers/customer-create-modal/customer-create-modal.component.html:39:47:
[37m      39 â”‚           {{ 'common.buttons.createCustomer' | [32mtranslate[37m }}
         â•µ                                                [32m~~~~~~~~~[0m

  Error occurs in the template of component CustomerCreateModalComponent.

    src/app/features/customers/customer-create-modal/customer-create-modal.component.ts:15:15:
[37m      15 â”‚   templateUrl: [32m'./customer-create-modal.component.html'[37m,
         â•µ                [32m~~~~~~~~~~~~~~~~~~~~~~~~~~~~~~~~~~~~~~~~[0m


[31mâœ˜ [41;31m[[41;97mERROR[41;31m][0m [1mNG8004: No pipe found with name 'translate'.[0m [1m[35m[plugin angular-compiler][0m

    src/app/features/customers/customer-edit-modal/customer-edit-modal.component.html:1:62:
[37m      1 â”‚ ...e]="'modals.editCustomer' | [32mtranslate[37m" [size]="'lg'" (close)="on...
        â•µ                                [32m~~~~~~~~~[0m

  Error occurs in the template of component CustomerEditModalComponent.

    src/app/features/customers/customer-edit-modal/customer-edit-modal.component.ts:14:15:
[37m      14 â”‚   templateUrl: [32m'./customer-edit-modal.component.html'[37m,
         â•µ                [32m~~~~~~~~~~~~~~~~~~~~~~~~~~~~~~~~~~~~~~[0m


[31mâœ˜ [41;31m[[41;97mERROR[41;31m][0m [1mNG8004: No pipe found with name 'translate'.[0m [1m[35m[plugin angular-compiler][0m

    src/app/features/customers/customer-edit-modal/customer-edit-modal.component.html:5:56:
[37m      5 â”‚ ...el]="'common.fields.name' | [32mtranslate[37m" [control]="form.controls[...
        â•µ                                [32m~~~~~~~~~[0m

  Error occurs in the template of component CustomerEditModalComponent.

    src/app/features/customers/customer-edit-modal/customer-edit-modal.component.ts:14:15:
[37m      14 â”‚   templateUrl: [32m'./customer-edit-modal.component.html'[37m,
         â•µ                [32m~~~~~~~~~~~~~~~~~~~~~~~~~~~~~~~~~~~~~~[0m


[31mâœ˜ [41;31m[[41;97mERROR[41;31m][0m [1mNG8004: No pipe found with name 'translate'.[0m [1m[35m[plugin angular-compiler][0m

    src/app/features/customers/customer-edit-modal/customer-edit-modal.component.html:5:165:
[37m      5 â”‚ ...on.placeholders.fullName' | [32mtranslate[37m" [required]="true"></app-f...
        â•µ                                [32m~~~~~~~~~[0m

  Error occurs in the template of component CustomerEditModalComponent.

    src/app/features/customers/customer-edit-modal/customer-edit-modal.component.ts:14:15:
[37m      14 â”‚   templateUrl: [32m'./customer-edit-modal.component.html'[37m,
         â•µ                [32m~~~~~~~~~~~~~~~~~~~~~~~~~~~~~~~~~~~~~~[0m


[31mâœ˜ [41;31m[[41;97mERROR[41;31m][0m [1mNG8004: No pipe found with name 'translate'.[0m [1m[35m[plugin angular-compiler][0m

    src/app/features/customers/customer-edit-modal/customer-edit-modal.component.html:8:55:
[37m      8 â”‚ ...l]="'common.fields.email' | [32mtranslate[37m" [control]="form.controls[...
        â•µ                                [32m~~~~~~~~~[0m

  Error occurs in the template of component CustomerEditModalComponent.

    src/app/features/customers/customer-edit-modal/customer-edit-modal.component.ts:14:15:
[37m      14 â”‚   templateUrl: [32m'./customer-edit-modal.component.html'[37m,
         â•µ                [32m~~~~~~~~~~~~~~~~~~~~~~~~~~~~~~~~~~~~~~[0m


[31mâœ˜ [41;31m[[41;97mERROR[41;31m][0m [1mNG8004: No pipe found with name 'translate'.[0m [1m[35m[plugin angular-compiler][0m

    src/app/features/customers/customer-edit-modal/customer-edit-modal.component.html:8:163:
[37m      8 â”‚ ...ommon.placeholders.email' | [32mtranslate[37m" [required]="true"></app-f...
        â•µ                                [32m~~~~~~~~~[0m

  Error occurs in the template of component CustomerEditModalComponent.

    src/app/features/customers/customer-edit-modal/customer-edit-modal.component.ts:14:15:
[37m      14 â”‚   templateUrl: [32m'./customer-edit-modal.component.html'[37m,
         â•µ                [32m~~~~~~~~~~~~~~~~~~~~~~~~~~~~~~~~~~~~~~[0m


[31mâœ˜ [41;31m[[41;97mERROR[41;31m][0m [1mNG8004: No pipe found with name 'translate'.[0m [1m[35m[plugin angular-compiler][0m

    src/app/features/customers/customer-edit-modal/customer-edit-modal.component.html:10:55:
[37m      10 â”‚ ...]="'common.fields.phone' | [32mtranslate[37m" [control]="form.controls[...
         â•µ                               [32m~~~~~~~~~[0m

  Error occurs in the template of component CustomerEditModalComponent.

    src/app/features/customers/customer-edit-modal/customer-edit-modal.component.ts:14:15:
[37m      14 â”‚   templateUrl: [32m'./customer-edit-modal.component.html'[37m,
         â•µ                [32m~~~~~~~~~~~~~~~~~~~~~~~~~~~~~~~~~~~~~~[0m


[31mâœ˜ [41;31m[[41;97mERROR[41;31m][0m [1mNG8004: No pipe found with name 'translate'.[0m [1m[35m[plugin angular-compiler][0m

    src/app/features/customers/customer-edit-modal/customer-edit-modal.component.html:10:162:
[37m      10 â”‚ ...mmon.placeholders.phone' | [32mtranslate[37m" [required]="true"></app-f...
         â•µ                               [32m~~~~~~~~~[0m

  Error occurs in the template of component CustomerEditModalComponent.

    src/app/features/customers/customer-edit-modal/customer-edit-modal.component.ts:14:15:
[37m      14 â”‚   templateUrl: [32m'./customer-edit-modal.component.html'[37m,
         â•µ                [32m~~~~~~~~~~~~~~~~~~~~~~~~~~~~~~~~~~~~~~[0m


[31mâœ˜ [41;31m[[41;97mERROR[41;31m][0m [1mNG8004: No pipe found with name 'translate'.[0m [1m[35m[plugin angular-compiler][0m

    src/app/features/customers/customer-edit-modal/customer-edit-modal.component.html:12:55:
[37m      12 â”‚ ...]="'common.fields.taxId' | [32mtranslate[37m" [control]="form.controls[...
         â•µ                               [32m~~~~~~~~~[0m

  Error occurs in the template of component CustomerEditModalComponent.

    src/app/features/customers/customer-edit-modal/customer-edit-modal.component.ts:14:15:
[37m      14 â”‚   templateUrl: [32m'./customer-edit-modal.component.html'[37m,
         â•µ                [32m~~~~~~~~~~~~~~~~~~~~~~~~~~~~~~~~~~~~~~[0m


[31mâœ˜ [41;31m[[41;97mERROR[41;31m][0m [1mNG8004: No pipe found with name 'translate'.[0m [1m[35m[plugin angular-compiler][0m

    src/app/features/customers/customer-edit-modal/customer-edit-modal.component.html:12:165:
[37m      12 â”‚ ...mmon.placeholders.taxId' | [32mtranslate[37m" [required]="true"></app-f...
         â•µ                               [32m~~~~~~~~~[0m

  Error occurs in the template of component CustomerEditModalComponent.

    src/app/features/customers/customer-edit-modal/customer-edit-modal.component.ts:14:15:
[37m      14 â”‚   templateUrl: [32m'./customer-edit-modal.component.html'[37m,
         â•µ                [32m~~~~~~~~~~~~~~~~~~~~~~~~~~~~~~~~~~~~~~[0m


[31mâœ˜ [41;31m[[41;97mERROR[41;31m][0m [1mNG8004: No pipe found with name 'translate'.[0m [1m[35m[plugin angular-compiler][0m

    src/app/features/customers/customer-edit-modal/customer-edit-modal.component.html:14:57:
[37m      14 â”‚ ..."'common.fields.zipCode' | [32mtranslate[37m" [control]="form.controls[...
         â•µ                               [32m~~~~~~~~~[0m

  Error occurs in the template of component CustomerEditModalComponent.

    src/app/features/customers/customer-edit-modal/customer-edit-modal.component.ts:14:15:
[37m      14 â”‚   templateUrl: [32m'./customer-edit-modal.component.html'[37m,
         â•µ                [32m~~~~~~~~~~~~~~~~~~~~~~~~~~~~~~~~~~~~~~[0m


[31mâœ˜ [41;31m[[41;97mERROR[41;31m][0m [1mNG8004: No pipe found with name 'translate'.[0m [1m[35m[plugin angular-compiler][0m

    src/app/features/customers/customer-edit-modal/customer-edit-modal.component.html:14:168:
[37m      14 â”‚ ...on.placeholders.zipCode' | [32mtranslate[37m" [required]="true"></app-f...
         â•µ                               [32m~~~~~~~~~[0m

  Error occurs in the template of component CustomerEditModalComponent.

    src/app/features/customers/customer-edit-modal/customer-edit-modal.component.ts:14:15:
[37m      14 â”‚   templateUrl: [32m'./customer-edit-modal.component.html'[37m,
         â•µ                [32m~~~~~~~~~~~~~~~~~~~~~~~~~~~~~~~~~~~~~~[0m


[31mâœ˜ [41;31m[[41;97mERROR[41;31m][0m [1mNG8004: No pipe found with name 'translate'.[0m [1m[35m[plugin angular-compiler][0m

    src/app/features/customers/customer-edit-modal/customer-edit-modal.component.html:17:59:
[37m      17 â”‚ ..."'common.fields.address' | [32mtranslate[37m" [control]="form.controls[...
         â•µ                               [32m~~~~~~~~~[0m

  Error occurs in the template of component CustomerEditModalComponent.

    src/app/features/customers/customer-edit-modal/customer-edit-modal.component.ts:14:15:
[37m      14 â”‚   templateUrl: [32m'./customer-edit-modal.component.html'[37m,
         â•µ                [32m~~~~~~~~~~~~~~~~~~~~~~~~~~~~~~~~~~~~~~[0m


[31mâœ˜ [41;31m[[41;97mERROR[41;31m][0m [1mNG8004: No pipe found with name 'translate'.[0m [1m[35m[plugin angular-compiler][0m

    src/app/features/customers/customer-edit-modal/customer-edit-modal.component.html:17:170:
[37m      17 â”‚ ...on.placeholders.address' | [32mtranslate[37m" [required]="true"></app-f...
         â•µ                               [32m~~~~~~~~~[0m

  Error occurs in the template of component CustomerEditModalComponent.

    src/app/features/customers/customer-edit-modal/customer-edit-modal.component.ts:14:15:
[37m      14 â”‚   templateUrl: [32m'./customer-edit-modal.component.html'[37m,
         â•µ                [32m~~~~~~~~~~~~~~~~~~~~~~~~~~~~~~~~~~~~~~[0m


[31mâœ˜ [41;31m[[41;97mERROR[41;31m][0m [1mNG8004: No pipe found with name 'translate'.[0m [1m[35m[plugin angular-compiler][0m

    src/app/features/customers/customer-edit-modal/customer-edit-modal.component.html:20:54:
[37m      20 â”‚ ...l]="'common.fields.city' | [32mtranslate[37m" [control]="form.controls[...
         â•µ                               [32m~~~~~~~~~[0m

  Error occurs in the template of component CustomerEditModalComponent.

    src/app/features/customers/customer-edit-modal/customer-edit-modal.component.ts:14:15:
[37m      14 â”‚   templateUrl: [32m'./customer-edit-modal.component.html'[37m,
         â•µ                [32m~~~~~~~~~~~~~~~~~~~~~~~~~~~~~~~~~~~~~~[0m


[31mâœ˜ [41;31m[[41;97mERROR[41;31m][0m [1mNG8004: No pipe found with name 'translate'.[0m [1m[35m[plugin angular-compiler][0m

    src/app/features/customers/customer-edit-modal/customer-edit-modal.component.html:20:159:
[37m      20 â”‚ ...ommon.placeholders.city' | [32mtranslate[37m" [required]="true"></app-f...
         â•µ                               [32m~~~~~~~~~[0m

  Error occurs in the template of component CustomerEditModalComponent.

    src/app/features/customers/customer-edit-modal/customer-edit-modal.component.ts:14:15:
[37m      14 â”‚   templateUrl: [32m'./customer-edit-modal.component.html'[37m,
         â•µ                [32m~~~~~~~~~~~~~~~~~~~~~~~~~~~~~~~~~~~~~~[0m


[31mâœ˜ [41;31m[[41;97mERROR[41;31m][0m [1mNG8004: No pipe found with name 'translate'.[0m [1m[35m[plugin angular-compiler][0m

    src/app/features/customers/customer-edit-modal/customer-edit-modal.component.html:22:55:
[37m      22 â”‚ ...]="'common.fields.state' | [32mtranslate[37m" [control]="form.controls[...
         â•µ                               [32m~~~~~~~~~[0m

  Error occurs in the template of component CustomerEditModalComponent.

    src/app/features/customers/customer-edit-modal/customer-edit-modal.component.ts:14:15:
[37m      14 â”‚   templateUrl: [32m'./customer-edit-modal.component.html'[37m,
         â•µ                [32m~~~~~~~~~~~~~~~~~~~~~~~~~~~~~~~~~~~~~~[0m


[31mâœ˜ [41;31m[[41;97mERROR[41;31m][0m [1mNG8004: No pipe found with name 'translate'.[0m [1m[35m[plugin angular-compiler][0m

    src/app/features/customers/customer-edit-modal/customer-edit-modal.component.html:22:160:
[37m      22 â”‚ ...common.fields.stateAbbr' | [32mtranslate[37m" [required]="true"></app-f...
         â•µ                               [32m~~~~~~~~~[0m

  Error occurs in the template of component CustomerEditModalComponent.

    src/app/features/customers/customer-edit-modal/customer-edit-modal.component.ts:14:15:
[37m      14 â”‚   templateUrl: [32m'./customer-edit-modal.component.html'[37m,
         â•µ                [32m~~~~~~~~~~~~~~~~~~~~~~~~~~~~~~~~~~~~~~[0m


[31mâœ˜ [41;31m[[41;97mERROR[41;31m][0m [1mNG8004: No pipe found with name 'translate'.[0m [1m[35m[plugin angular-compiler][0m

    src/app/features/customers/customer-edit-modal/customer-edit-modal.component.html:24:57:
[37m      24 â”‚ ..."'common.fields.country' | [32mtranslate[37m" [control]="form.controls[...
         â•µ                               [32m~~~~~~~~~[0m

  Error occurs in the template of component CustomerEditModalComponent.

    src/app/features/customers/customer-edit-modal/customer-edit-modal.component.ts:14:15:
[37m      14 â”‚   templateUrl: [32m'./customer-edit-modal.component.html'[37m,
         â•µ                [32m~~~~~~~~~~~~~~~~~~~~~~~~~~~~~~~~~~~~~~[0m


[31mâœ˜ [41;31m[[41;97mERROR[41;31m][0m [1mNG8004: No pipe found with name 'translate'.[0m [1m[35m[plugin angular-compiler][0m

    src/app/features/customers/customer-edit-modal/customer-edit-modal.component.html:24:168:
[37m      24 â”‚ ...der]="'common.placeholders.country' | [32mtranslate[37m"></app-form-field>
         â•µ                                          [32m~~~~~~~~~[0m

  Error occurs in the template of component CustomerEditModalComponent.

    src/app/features/customers/customer-edit-modal/customer-edit-modal.component.ts:14:15:
[37m      14 â”‚   templateUrl: [32m'./customer-edit-modal.component.html'[37m,
         â•µ                [32m~~~~~~~~~~~~~~~~~~~~~~~~~~~~~~~~~~~~~~[0m


[31mâœ˜ [41;31m[[41;97mERROR[41;31m][0m [1mNG8004: No pipe found with name 'translate'.[0m [1m[35m[plugin angular-compiler][0m

    src/app/features/customers/customer-edit-modal/customer-edit-modal.component.html:29:109:
[37m      29 â”‚ ...300">{{ 'common.activeStatus.activeCustomer' | [32mtranslate[37m }}</span>
         â•µ                                                   [32m~~~~~~~~~[0m

  Error occurs in the template of component CustomerEditModalComponent.

    src/app/features/customers/customer-edit-modal/customer-edit-modal.component.ts:14:15:
[37m      14 â”‚   templateUrl: [32m'./customer-edit-modal.component.html'[37m,
         â•µ                [32m~~~~~~~~~~~~~~~~~~~~~~~~~~~~~~~~~~~~~~[0m


[31mâœ˜ [41;31m[[41;97mERROR[41;31m][0m [1mNG8004: No pipe found with name 'translate'.[0m [1m[35m[plugin angular-compiler][0m

    src/app/features/customers/customer-edit-modal/customer-edit-modal.component.html:36:37:
[37m      36 â”‚         {{ 'common.buttons.cancel' | [32mtranslate[37m }}
         â•µ                                      [32m~~~~~~~~~[0m

  Error occurs in the template of component CustomerEditModalComponent.

    src/app/features/customers/customer-edit-modal/customer-edit-modal.component.ts:14:15:
[37m      14 â”‚   templateUrl: [32m'./customer-edit-modal.component.html'[37m,
         â•µ                [32m~~~~~~~~~~~~~~~~~~~~~~~~~~~~~~~~~~~~~~[0m


[31mâœ˜ [41;31m[[41;97mERROR[41;31m][0m [1mNG8004: No pipe found with name 'translate'.[0m [1m[35m[plugin angular-compiler][0m

    src/app/features/customers/customer-edit-modal/customer-edit-modal.component.html:44:31:
[37m      44 â”‚           {{ 'common.saving' | [32mtranslate[37m }}
         â•µ                                [32m~~~~~~~~~[0m

  Error occurs in the template of component CustomerEditModalComponent.

    src/app/features/customers/customer-edit-modal/customer-edit-modal.component.ts:14:15:
[37m      14 â”‚   templateUrl: [32m'./customer-edit-modal.component.html'[37m,
         â•µ                [32m~~~~~~~~~~~~~~~~~~~~~~~~~~~~~~~~~~~~~~[0m


[31mâœ˜ [41;31m[[41;97mERROR[41;31m][0m [1mNG8004: No pipe found with name 'translate'.[0m [1m[35m[plugin angular-compiler][0m

    src/app/features/customers/customer-edit-modal/customer-edit-modal.component.html:46:44:
[37m      46 â”‚           {{ 'common.buttons.saveChanges' | [32mtranslate[37m }}
         â•µ                                             [32m~~~~~~~~~[0m

  Error occurs in the template of component CustomerEditModalComponent.

    src/app/features/customers/customer-edit-modal/customer-edit-modal.component.ts:14:15:
[37m      14 â”‚   templateUrl: [32m'./customer-edit-modal.component.html'[37m,
         â•µ                [32m~~~~~~~~~~~~~~~~~~~~~~~~~~~~~~~~~~~~~~[0m


[31mâœ˜ [41;31m[[41;97mERROR[41;31m][0m [1mNG8004: No pipe found with name 'translate'.[0m [1m[35m[plugin angular-compiler][0m

    src/app/features/drivers/driver-create-modal/driver-create-modal.component.html:1:60:
[37m      1 â”‚ ...tle]="'drivers.newDriver' | [32mtranslate[37m" [size]="'md'" (close)="on...
        â•µ                                [32m~~~~~~~~~[0m

  Error occurs in the template of component DriverCreateModalComponent.

    src/app/features/drivers/driver-create-modal/driver-create-modal.component.ts:15:15:
[37m      15 â”‚   templateUrl: [32m'./driver-create-modal.component.html'[37m,
         â•µ                [32m~~~~~~~~~~~~~~~~~~~~~~~~~~~~~~~~~~~~~~[0m


[31mâœ˜ [41;31m[[41;97mERROR[41;31m][0m [1mNG8004: No pipe found with name 'translate'.[0m [1m[35m[plugin angular-compiler][0m

    src/app/features/drivers/driver-create-modal/driver-create-modal.component.html:4:54:
[37m      4 â”‚ ...el]="'common.fields.name' | [32mtranslate[37m" [control]="form.controls[...
        â•µ                                [32m~~~~~~~~~[0m

  Error occurs in the template of component DriverCreateModalComponent.

    src/app/features/drivers/driver-create-modal/driver-create-modal.component.ts:15:15:
[37m      15 â”‚   templateUrl: [32m'./driver-create-modal.component.html'[37m,
         â•µ                [32m~~~~~~~~~~~~~~~~~~~~~~~~~~~~~~~~~~~~~~[0m


[31mâœ˜ [41;31m[[41;97mERROR[41;31m][0m [1mNG8004: No pipe found with name 'translate'.[0m [1m[35m[plugin angular-compiler][0m

    src/app/features/drivers/driver-create-modal/driver-create-modal.component.html:4:163:
[37m      4 â”‚ ...on.placeholders.fullName' | [32mtranslate[37m" [required]="true"></app-f...
        â•µ                                [32m~~~~~~~~~[0m

  Error occurs in the template of component DriverCreateModalComponent.

    src/app/features/drivers/driver-create-modal/driver-create-modal.component.ts:15:15:
[37m      15 â”‚   templateUrl: [32m'./driver-create-modal.component.html'[37m,
         â•µ                [32m~~~~~~~~~~~~~~~~~~~~~~~~~~~~~~~~~~~~~~[0m


[31mâœ˜ [41;31m[[41;97mERROR[41;31m][0m [1mNG8004: No pipe found with name 'translate'.[0m [1m[35m[plugin angular-compiler][0m

    src/app/features/drivers/driver-create-modal/driver-create-modal.component.html:5:64:
[37m      5 â”‚ ...ers.fields.licenseNumber' | [32mtranslate[37m" [control]="form.controls[...
        â•µ                                [32m~~~~~~~~~[0m

  Error occurs in the template of component DriverCreateModalComponent.

    src/app/features/drivers/driver-create-modal/driver-create-modal.component.ts:15:15:
[37m      15 â”‚   templateUrl: [32m'./driver-create-modal.component.html'[37m,
         â•µ                [32m~~~~~~~~~~~~~~~~~~~~~~~~~~~~~~~~~~~~~~[0m


[31mâœ˜ [41;31m[[41;97mERROR[41;31m][0m [1mNG8004: No pipe found with name 'translate'.[0m [1m[35m[plugin angular-compiler][0m

    src/app/features/drivers/driver-create-modal/driver-create-modal.component.html:5:188:
[37m      5 â”‚ ...aceholders.licenseNumber' | [32mtranslate[37m" [required]="true"></app-f...
        â•µ                                [32m~~~~~~~~~[0m

  Error occurs in the template of component DriverCreateModalComponent.

    src/app/features/drivers/driver-create-modal/driver-create-modal.component.ts:15:15:
[37m      15 â”‚   templateUrl: [32m'./driver-create-modal.component.html'[37m,
         â•µ                [32m~~~~~~~~~~~~~~~~~~~~~~~~~~~~~~~~~~~~~~[0m


[31mâœ˜ [41;31m[[41;97mERROR[41;31m][0m [1mNG8004: No pipe found with name 'translate'.[0m [1m[35m[plugin angular-compiler][0m

    src/app/features/drivers/driver-create-modal/driver-create-modal.component.html:6:55:
[37m      6 â”‚ ...l]="'common.fields.phone' | [32mtranslate[37m" [control]="form.controls[...
        â•µ                                [32m~~~~~~~~~[0m

  Error occurs in the template of component DriverCreateModalComponent.

    src/app/features/drivers/driver-create-modal/driver-create-modal.component.ts:15:15:
[37m      15 â”‚   templateUrl: [32m'./driver-create-modal.component.html'[37m,
         â•µ                [32m~~~~~~~~~~~~~~~~~~~~~~~~~~~~~~~~~~~~~~[0m


[31mâœ˜ [41;31m[[41;97mERROR[41;31m][0m [1mNG8004: No pipe found with name 'translate'.[0m [1m[35m[plugin angular-compiler][0m

    src/app/features/drivers/driver-create-modal/driver-create-modal.component.html:6:162:
[37m      6 â”‚ ...ommon.placeholders.phone' | [32mtranslate[37m" [required]="true"></app-f...
        â•µ                                [32m~~~~~~~~~[0m

  Error occurs in the template of component DriverCreateModalComponent.

    src/app/features/drivers/driver-create-modal/driver-create-modal.component.ts:15:15:
[37m      15 â”‚   templateUrl: [32m'./driver-create-modal.component.html'[37m,
         â•µ                [32m~~~~~~~~~~~~~~~~~~~~~~~~~~~~~~~~~~~~~~[0m


[31mâœ˜ [41;31m[[41;97mERROR[41;31m][0m [1mNG8004: No pipe found with name 'translate'.[0m [1m[35m[plugin angular-compiler][0m

    src/app/features/drivers/driver-create-modal/driver-create-modal.component.html:7:55:
[37m      7 â”‚ ...l]="'common.fields.email' | [32mtranslate[37m" [control]="form.controls[...
        â•µ                                [32m~~~~~~~~~[0m

  Error occurs in the template of component DriverCreateModalComponent.

    src/app/features/drivers/driver-create-modal/driver-create-modal.component.ts:15:15:
[37m      15 â”‚   templateUrl: [32m'./driver-create-modal.component.html'[37m,
         â•µ                [32m~~~~~~~~~~~~~~~~~~~~~~~~~~~~~~~~~~~~~~[0m


[31mâœ˜ [41;31m[[41;97mERROR[41;31m][0m [1mNG8004: No pipe found with name 'translate'.[0m [1m[35m[plugin angular-compiler][0m

    src/app/features/drivers/driver-create-modal/driver-create-modal.component.html:7:163:
[37m      7 â”‚ ...holder]="'common.placeholders.email' | [32mtranslate[37m"></app-form-field>
        â•µ                                           [32m~~~~~~~~~[0m

  Error occurs in the template of component DriverCreateModalComponent.

    src/app/features/drivers/driver-create-modal/driver-create-modal.component.ts:15:15:
[37m      15 â”‚   templateUrl: [32m'./driver-create-modal.component.html'[37m,
         â•µ                [32m~~~~~~~~~~~~~~~~~~~~~~~~~~~~~~~~~~~~~~[0m


[31mâœ˜ [41;31m[[41;97mERROR[41;31m][0m [1mNG8004: No pipe found with name 'translate'.[0m [1m[35m[plugin angular-compiler][0m

    src/app/features/drivers/driver-create-modal/driver-create-modal.component.html:10:269:
[37m      10 â”‚ ...nsition-colors">{{ 'common.buttons.cancel' | [32mtranslate[37m }}</button>
         â•µ                                                 [32m~~~~~~~~~[0m

  Error occurs in the template of component DriverCreateModalComponent.

    src/app/features/drivers/driver-create-modal/driver-create-modal.component.ts:15:15:
[37m      15 â”‚   templateUrl: [32m'./driver-create-modal.component.html'[37m,
         â•µ                [32m~~~~~~~~~~~~~~~~~~~~~~~~~~~~~~~~~~~~~~[0m


[31mâœ˜ [41;31m[[41;97mERROR[41;31m][0m [1mNG8004: No pipe found with name 'translate'.[0m [1m[35m[plugin angular-compiler][0m

    src/app/features/drivers/driver-create-modal/driver-create-modal.component.html:11:176:
[37m      11 â”‚ ...ng) { {{ 'common.saving' | [32mtranslate[37m }} } @else { {{ 'drivers.c...
         â•µ                               [32m~~~~~~~~~[0m

  Error occurs in the template of component DriverCreateModalComponent.

    src/app/features/drivers/driver-create-modal/driver-create-modal.component.ts:15:15:
[37m      15 â”‚   templateUrl: [32m'./driver-create-modal.component.html'[37m,
         â•µ                [32m~~~~~~~~~~~~~~~~~~~~~~~~~~~~~~~~~~~~~~[0m


[31mâœ˜ [41;31m[[41;97mERROR[41;31m][0m [1mNG8004: No pipe found with name 'translate'.[0m [1m[35m[plugin angular-compiler][0m

    src/app/features/drivers/driver-create-modal/driver-create-modal.component.html:11:227:
[37m      11 â”‚ ...e }} } @else { {{ 'drivers.createDriver' | [32mtranslate[37m }} }</button>
         â•µ                                               [32m~~~~~~~~~[0m

  Error occurs in the template of component DriverCreateModalComponent.

    src/app/features/drivers/driver-create-modal/driver-create-modal.component.ts:15:15:
[37m      15 â”‚   templateUrl: [32m'./driver-create-modal.component.html'[37m,
         â•µ                [32m~~~~~~~~~~~~~~~~~~~~~~~~~~~~~~~~~~~~~~[0m


[31mâœ˜ [41;31m[[41;97mERROR[41;31m][0m [1mNG8004: No pipe found with name 'translate'.[0m [1m[35m[plugin angular-compiler][0m

    src/app/features/drivers/driver-edit-modal/driver-edit-modal.component.html:1:61:
[37m      1 â”‚ ...le]="'drivers.editDriver' | [32mtranslate[37m" [size]="'md'" (close)="on...
        â•µ                                [32m~~~~~~~~~[0m

  Error occurs in the template of component DriverEditModalComponent.

    src/app/features/drivers/driver-edit-modal/driver-edit-modal.component.ts:14:15:
[37m      14 â”‚   templateUrl: [32m'./driver-edit-modal.component.html'[37m,
         â•µ                [32m~~~~~~~~~~~~~~~~~~~~~~~~~~~~~~~~~~~~[0m


[31mâœ˜ [41;31m[[41;97mERROR[41;31m][0m [1mNG8004: No pipe found with name 'translate'.[0m [1m[35m[plugin angular-compiler][0m

    src/app/features/drivers/driver-edit-modal/driver-edit-modal.component.html:4:54:
[37m      4 â”‚ ...el]="'common.fields.name' | [32mtranslate[37m" [control]="form.controls[...
        â•µ                                [32m~~~~~~~~~[0m

  Error occurs in the template of component DriverEditModalComponent.

    src/app/features/drivers/driver-edit-modal/driver-edit-modal.component.ts:14:15:
[37m      14 â”‚   templateUrl: [32m'./driver-edit-modal.component.html'[37m,
         â•µ                [32m~~~~~~~~~~~~~~~~~~~~~~~~~~~~~~~~~~~~[0m


[31mâœ˜ [41;31m[[41;97mERROR[41;31m][0m [1mNG8004: No pipe found with name 'translate'.[0m [1m[35m[plugin angular-compiler][0m

    src/app/features/drivers/driver-edit-modal/driver-edit-modal.component.html:5:64:
[37m      5 â”‚ ...ers.fields.licenseNumber' | [32mtranslate[37m" [control]="form.controls[...
        â•µ                                [32m~~~~~~~~~[0m

  Error occurs in the template of component DriverEditModalComponent.

    src/app/features/drivers/driver-edit-modal/driver-edit-modal.component.ts:14:15:
[37m      14 â”‚   templateUrl: [32m'./driver-edit-modal.component.html'[37m,
         â•µ                [32m~~~~~~~~~~~~~~~~~~~~~~~~~~~~~~~~~~~~[0m


[31mâœ˜ [41;31m[[41;97mERROR[41;31m][0m [1mNG8004: No pipe found with name 'translate'.[0m [1m[35m[plugin angular-compiler][0m

    src/app/features/drivers/driver-edit-modal/driver-edit-modal.component.html:6:55:
[37m      6 â”‚ ...l]="'common.fields.phone' | [32mtranslate[37m" [control]="form.controls[...
        â•µ                                [32m~~~~~~~~~[0m

  Error occurs in the template of component DriverEditModalComponent.

    src/app/features/drivers/driver-edit-modal/driver-edit-modal.component.ts:14:15:
[37m      14 â”‚   templateUrl: [32m'./driver-edit-modal.component.html'[37m,
         â•µ                [32m~~~~~~~~~~~~~~~~~~~~~~~~~~~~~~~~~~~~[0m


[31mâœ˜ [41;31m[[41;97mERROR[41;31m][0m [1mNG8004: No pipe found with name 'translate'.[0m [1m[35m[plugin angular-compiler][0m

    src/app/features/drivers/driver-edit-modal/driver-edit-modal.component.html:7:55:
[37m      7 â”‚ ...l]="'common.fields.email' | [32mtranslate[37m" [control]="form.controls[...
        â•µ                                [32m~~~~~~~~~[0m

  Error occurs in the template of component DriverEditModalComponent.

    src/app/features/drivers/driver-edit-modal/driver-edit-modal.component.ts:14:15:
[37m      14 â”‚   templateUrl: [32m'./driver-edit-modal.component.html'[37m,
         â•µ                [32m~~~~~~~~~~~~~~~~~~~~~~~~~~~~~~~~~~~~[0m


[31mâœ˜ [41;31m[[41;97mERROR[41;31m][0m [1mNG8004: No pipe found with name 'translate'.[0m [1m[35m[plugin angular-compiler][0m

    src/app/features/drivers/driver-edit-modal/driver-edit-modal.component.html:8:201:
[37m      8 â”‚ ...-slate-300">{{ 'common.status.active' | [32mtranslate[37m }}</span></label>
        â•µ                                            [32m~~~~~~~~~[0m

  Error occurs in the template of component DriverEditModalComponent.

    src/app/features/drivers/driver-edit-modal/driver-edit-modal.component.ts:14:15:
[37m      14 â”‚   templateUrl: [32m'./driver-edit-modal.component.html'[37m,
         â•µ                [32m~~~~~~~~~~~~~~~~~~~~~~~~~~~~~~~~~~~~[0m


[31mâœ˜ [41;31m[[41;97mERROR[41;31m][0m [1mNG8004: No pipe found with name 'translate'.[0m [1m[35m[plugin angular-compiler][0m

    src/app/features/drivers/driver-edit-modal/driver-edit-modal.component.html:11:269:
[37m      11 â”‚ ...nsition-colors">{{ 'common.buttons.cancel' | [32mtranslate[37m }}</button>
         â•µ                                                 [32m~~~~~~~~~[0m

  Error occurs in the template of component DriverEditModalComponent.

    src/app/features/drivers/driver-edit-modal/driver-edit-modal.component.ts:14:15:
[37m      14 â”‚   templateUrl: [32m'./driver-edit-modal.component.html'[37m,
         â•µ                [32m~~~~~~~~~~~~~~~~~~~~~~~~~~~~~~~~~~~~[0m


[31mâœ˜ [41;31m[[41;97mERROR[41;31m][0m [1mNG8004: No pipe found with name 'translate'.[0m [1m[35m[plugin angular-compiler][0m

    src/app/features/drivers/driver-edit-modal/driver-edit-modal.component.html:12:176:
[37m      12 â”‚ ...ng) { {{ 'common.saving' | [32mtranslate[37m }} } @else { {{ 'common.bu...
         â•µ                               [32m~~~~~~~~~[0m

  Error occurs in the template of component DriverEditModalComponent.

    src/app/features/drivers/driver-edit-modal/driver-edit-modal.component.ts:14:15:
[37m      14 â”‚   templateUrl: [32m'./driver-edit-modal.component.html'[37m,
         â•µ                [32m~~~~~~~~~~~~~~~~~~~~~~~~~~~~~~~~~~~~[0m


[31mâœ˜ [41;31m[[41;97mERROR[41;31m][0m [1mNG8004: No pipe found with name 'translate'.[0m [1m[35m[plugin angular-compiler][0m

    src/app/features/drivers/driver-edit-modal/driver-edit-modal.component.html:12:226:
[37m      12 â”‚ ...te }} } @else { {{ 'common.buttons.save' | [32mtranslate[37m }} }</button>
         â•µ                                               [32m~~~~~~~~~[0m

  Error occurs in the template of component DriverEditModalComponent.

    src/app/features/drivers/driver-edit-modal/driver-edit-modal.component.ts:14:15:
[37m      14 â”‚   templateUrl: [32m'./driver-edit-modal.component.html'[37m,
         â•µ                [32m~~~~~~~~~~~~~~~~~~~~~~~~~~~~~~~~~~~~[0m


[31mâœ˜ [41;31m[[41;97mERROR[41;31m][0m [1mNG8004: No pipe found with name 'translate'.[0m [1m[35m[plugin angular-compiler][0m

    src/app/features/orders/order-create-modal/order-create-modal.component.html:6:96:
[37m      6 â”‚ ...e-800 dark:text-slate-100">{{ 'orders.newOrder' | [32mtranslate[37m }}</h2>
        â•µ                                                      [32m~~~~~~~~~[0m

  Error occurs in the template of component OrderCreateModalComponent.

    src/app/features/orders/order-create-modal/order-create-modal.component.ts:13:15:
[37m      13 â”‚   templateUrl: [32m'./order-create-modal.component.html'[37m,
         â•µ                [32m~~~~~~~~~~~~~~~~~~~~~~~~~~~~~~~~~~~~~[0m


[31mâœ˜ [41;31m[[41;97mERROR[41;31m][0m [1mNG8004: No pipe found with name 'translate'.[0m [1m[35m[plugin angular-compiler][0m

    src/app/features/orders/order-create-modal/order-create-modal.component.html:18:108:
[37m      18 â”‚ ...ark:text-slate-100 mb-4">{{ 'orders.orderInfo' | [32mtranslate[37m }}</h3>
         â•µ                                                     [32m~~~~~~~~~[0m

  Error occurs in the template of component OrderCreateModalComponent.

    src/app/features/orders/order-create-modal/order-create-modal.component.ts:13:15:
[37m      13 â”‚   templateUrl: [32m'./order-create-modal.component.html'[37m,
         â•µ                [32m~~~~~~~~~~~~~~~~~~~~~~~~~~~~~~~~~~~~~[0m


[31mâœ˜ [41;31m[[41;97mERROR[41;31m][0m [1mNG8004: No pipe found with name 'translate'.[0m [1m[35m[plugin angular-compiler][0m

    src/app/features/orders/order-create-modal/order-create-modal.component.html:23:49:
[37m      23 â”‚ ...ders.fields.orderNumber' | [32mtranslate[37m }} <span class="text-red-5...
         â•µ                               [32m~~~~~~~~~[0m

  Error occurs in the template of component OrderCreateModalComponent.

    src/app/features/orders/order-create-modal/order-create-modal.component.ts:13:15:
[37m      13 â”‚   templateUrl: [32m'./order-create-modal.component.html'[37m,
         â•µ                [32m~~~~~~~~~~~~~~~~~~~~~~~~~~~~~~~~~~~~~[0m


[31mâœ˜ [41;31m[[41;97mERROR[41;31m][0m [1mNG8004: No pipe found with name 'translate'.[0m [1m[35m[plugin angular-compiler][0m

    src/app/features/orders/order-create-modal/order-create-modal.component.html:36:42:
[37m      36 â”‚ ... {{ 'orders.fields.type' | [32mtranslate[37m }} <span class="text-red-5...
         â•µ                               [32m~~~~~~~~~[0m

  Error occurs in the template of component OrderCreateModalComponent.

    src/app/features/orders/order-create-modal/order-create-modal.component.ts:13:15:
[37m      13 â”‚   templateUrl: [32m'./order-create-modal.component.html'[37m,
         â•µ                [32m~~~~~~~~~~~~~~~~~~~~~~~~~~~~~~~~~~~~~[0m


[31mâœ˜ [41;31m[[41;97mERROR[41;31m][0m [1mNG8004: No pipe found with name 'translate'.[0m [1m[35m[plugin angular-compiler][0m

    src/app/features/orders/order-create-modal/order-create-modal.component.html:49:44:
[37m      49 â”‚ ...{ 'orders.fields.source' | [32mtranslate[37m }} <span class="text-red-5...
         â•µ                               [32m~~~~~~~~~[0m

  Error occurs in the template of component OrderCreateModalComponent.

    src/app/features/orders/order-create-modal/order-create-modal.component.ts:13:15:
[37m      13 â”‚   templateUrl: [32m'./order-create-modal.component.html'[37m,
         â•µ                [32m~~~~~~~~~~~~~~~~~~~~~~~~~~~~~~~~~~~~~[0m


[31mâœ˜ [41;31m[[41;97mERROR[41;31m][0m [1mNG8004: No pipe found with name 'translate'.[0m [1m[35m[plugin angular-compiler][0m

    src/app/features/orders/order-create-modal/order-create-modal.component.html:62:46:
[37m      62 â”‚ ...'orders.fields.priority' | [32mtranslate[37m }} <span class="text-red-5...
         â•µ                               [32m~~~~~~~~~[0m

  Error occurs in the template of component OrderCreateModalComponent.

    src/app/features/orders/order-create-modal/order-create-modal.component.ts:13:15:
[37m      13 â”‚   templateUrl: [32m'./order-create-modal.component.html'[37m,
         â•µ                [32m~~~~~~~~~~~~~~~~~~~~~~~~~~~~~~~~~~~~~[0m


[31mâœ˜ [41;31m[[41;97mERROR[41;31m][0m [1mNG8004: No pipe found with name 'translate'.[0m [1m[35m[plugin angular-compiler][0m

    src/app/features/orders/order-create-modal/order-create-modal.component.html:74:129:
[37m      74 â”‚ ...e-300 mb-1">{{ 'orders.fields.expectedDate' | [32mtranslate[37m }}</label>
         â•µ                                                  [32m~~~~~~~~~[0m

  Error occurs in the template of component OrderCreateModalComponent.

    src/app/features/orders/order-create-modal/order-create-modal.component.ts:13:15:
[37m      13 â”‚   templateUrl: [32m'./order-create-modal.component.html'[37m,
         â•µ                [32m~~~~~~~~~~~~~~~~~~~~~~~~~~~~~~~~~~~~~[0m


[31mâœ˜ [41;31m[[41;97mERROR[41;31m][0m [1mNG8004: No pipe found with name 'translate'.[0m [1m[35m[plugin angular-compiler][0m

    src/app/features/orders/order-create-modal/order-create-modal.component.html:82:112:
[37m      82 â”‚ ...ark:text-slate-300">{{ 'orders.fields.bopis' | [32mtranslate[37m }}</span>
         â•µ                                                   [32m~~~~~~~~~[0m

  Error occurs in the template of component OrderCreateModalComponent.

    src/app/features/orders/order-create-modal/order-create-modal.component.ts:13:15:
[37m      13 â”‚   templateUrl: [32m'./order-create-modal.component.html'[37m,
         â•µ                [32m~~~~~~~~~~~~~~~~~~~~~~~~~~~~~~~~~~~~~[0m


[31mâœ˜ [41;31m[[41;97mERROR[41;31m][0m [1mNG8004: No pipe found with name 'translate'.[0m [1m[35m[plugin angular-compiler][0m

    src/app/features/orders/order-create-modal/order-create-modal.component.html:91:115:
[37m      91 â”‚ ...t-slate-100 mb-4">{{ 'orders.customerSupplier' | [32mtranslate[37m }}</h3>
         â•µ                                                     [32m~~~~~~~~~[0m

  Error occurs in the template of component OrderCreateModalComponent.

    src/app/features/orders/order-create-modal/order-create-modal.component.ts:13:15:
[37m      13 â”‚   templateUrl: [32m'./order-create-modal.component.html'[37m,
         â•µ                [32m~~~~~~~~~~~~~~~~~~~~~~~~~~~~~~~~~~~~~[0m


[31mâœ˜ [41;31m[[41;97mERROR[41;31m][0m [1mNG8004: No pipe found with name 'translate'.[0m [1m[35m[plugin angular-compiler][0m

    src/app/features/orders/order-create-modal/order-create-modal.component.html:110:114:
[37m      110 â”‚ ...t-slate-100 mb-4">{{ 'orders.deliveryDetails' | [32mtranslate[37m }}</h3>
          â•µ                                                    [32m~~~~~~~~~[0m

  Error occurs in the template of component OrderCreateModalComponent.

    src/app/features/orders/order-create-modal/order-create-modal.component.ts:13:15:
[37m      13 â”‚   templateUrl: [32m'./order-create-modal.component.html'[37m,
         â•µ                [32m~~~~~~~~~~~~~~~~~~~~~~~~~~~~~~~~~~~~~[0m


[31mâœ˜ [41;31m[[41;97mERROR[41;31m][0m [1mNG8004: No pipe found with name 'translate'.[0m [1m[35m[plugin angular-compiler][0m

    src/app/features/orders/order-create-modal/order-create-modal.component.html:113:132:
[37m      113 â”‚ ...0 mb-1">{{ 'orders.fields.shippingAddress' | [32mtranslate[37m }}</label>
          â•µ                                                 [32m~~~~~~~~~[0m

  Error occurs in the template of component OrderCreateModalComponent.

    src/app/features/orders/order-create-modal/order-create-modal.component.ts:13:15:
[37m      13 â”‚   templateUrl: [32m'./order-create-modal.component.html'[37m,
         â•µ                [32m~~~~~~~~~~~~~~~~~~~~~~~~~~~~~~~~~~~~~[0m


[31mâœ˜ [41;31m[[41;97mERROR[41;31m][0m [1mNG8004: No pipe found with name 'translate'.[0m [1m[35m[plugin angular-compiler][0m

    src/app/features/orders/order-create-modal/order-create-modal.component.html:119:136:
[37m      119 â”‚ ...-1">{{ 'orders.fields.specialInstructions' | [32mtranslate[37m }}</label>
          â•µ                                                 [32m~~~~~~~~~[0m

  Error occurs in the template of component OrderCreateModalComponent.

    src/app/features/orders/order-create-modal/order-create-modal.component.ts:13:15:
[37m      13 â”‚   templateUrl: [32m'./order-create-modal.component.html'[37m,
         â•µ                [32m~~~~~~~~~~~~~~~~~~~~~~~~~~~~~~~~~~~~~[0m


[31mâœ˜ [41;31m[[41;97mERROR[41;31m][0m [1mNG8004: No pipe found with name 'translate'.[0m [1m[35m[plugin angular-compiler][0m

    src/app/features/orders/order-create-modal/order-create-modal.component.html:130:106:
[37m      130 â”‚ ...0 dark:text-slate-100">{{ 'orders.orderItems' | [32mtranslate[37m }}</h3>
          â•µ                                                    [32m~~~~~~~~~[0m

  Error occurs in the template of component OrderCreateModalComponent.

    src/app/features/orders/order-create-modal/order-create-modal.component.ts:13:15:
[37m      13 â”‚   templateUrl: [32m'./order-create-modal.component.html'[37m,
         â•µ                [32m~~~~~~~~~~~~~~~~~~~~~~~~~~~~~~~~~~~~~[0m


[31mâœ˜ [41;31m[[41;97mERROR[41;31m][0m [1mNG8004: No pipe found with name 'translate'.[0m [1m[35m[plugin angular-compiler][0m

    src/app/features/orders/order-create-modal/order-create-modal.component.html:136:36:
[37m      136 â”‚               {{ 'orders.addItem' | [32mtranslate[37m }}
          â•µ                                     [32m~~~~~~~~~[0m

  Error occurs in the template of component OrderCreateModalComponent.

    src/app/features/orders/order-create-modal/order-create-modal.component.ts:13:15:
[37m      13 â”‚   templateUrl: [32m'./order-create-modal.component.html'[37m,
         â•µ                [32m~~~~~~~~~~~~~~~~~~~~~~~~~~~~~~~~~~~~~[0m


[31mâœ˜ [41;31m[[41;97mERROR[41;31m][0m [1mNG8004: No pipe found with name 'translate'.[0m [1m[35m[plugin angular-compiler][0m

    src/app/features/orders/order-create-modal/order-create-modal.component.html:145:132:
[37m      145 â”‚ ...e-400 mb-1">{{ 'orders.fields.productId' | [32mtranslate[37m }} *</label>
          â•µ                                               [32m~~~~~~~~~[0m

  Error occurs in the template of component OrderCreateModalComponent.

    src/app/features/orders/order-create-modal/order-create-modal.component.ts:13:15:
[37m      13 â”‚   templateUrl: [32m'./order-create-modal.component.html'[37m,
         â•µ                [32m~~~~~~~~~~~~~~~~~~~~~~~~~~~~~~~~~~~~~[0m


[31mâœ˜ [41;31m[[41;97mERROR[41;31m][0m [1mNG8004: No pipe found with name 'translate'.[0m [1m[35m[plugin angular-compiler][0m

    src/app/features/orders/order-create-modal/order-create-modal.component.html:151:128:
[37m      151 â”‚ ...slate-400 mb-1">{{ 'products.fields.sku' | [32mtranslate[37m }} *</label>
          â•µ                                               [32m~~~~~~~~~[0m

  Error occurs in the template of component OrderCreateModalComponent.

    src/app/features/orders/order-create-modal/order-create-modal.component.ts:13:15:
[37m      13 â”‚   templateUrl: [32m'./order-create-modal.component.html'[37m,
         â•µ                [32m~~~~~~~~~~~~~~~~~~~~~~~~~~~~~~~~~~~~~[0m


[31mâœ˜ [41;31m[[41;97mERROR[41;31m][0m [1mNG8004: No pipe found with name 'translate'.[0m [1m[35m[plugin angular-compiler][0m

    src/app/features/orders/order-create-modal/order-create-modal.component.html:157:126:
[37m      157 â”‚ ...t-slate-400 mb-1">{{ 'orders.fields.qty' | [32mtranslate[37m }} *</label>
          â•µ                                               [32m~~~~~~~~~[0m

  Error occurs in the template of component OrderCreateModalComponent.

    src/app/features/orders/order-create-modal/order-create-modal.component.ts:13:15:
[37m      13 â”‚   templateUrl: [32m'./order-create-modal.component.html'[37m,
         â•µ                [32m~~~~~~~~~~~~~~~~~~~~~~~~~~~~~~~~~~~~~[0m


[31mâœ˜ [41;31m[[41;97mERROR[41;31m][0m [1mNG8004: No pipe found with name 'translate'.[0m [1m[35m[plugin angular-compiler][0m

    src/app/features/orders/order-create-modal/order-create-modal.component.html:163:132:
[37m      163 â”‚ ...e-400 mb-1">{{ 'orders.fields.unitPrice' | [32mtranslate[37m }} *</label>
          â•µ                                               [32m~~~~~~~~~[0m

  Error occurs in the template of component OrderCreateModalComponent.

    src/app/features/orders/order-create-modal/order-create-modal.component.ts:13:15:
[37m      13 â”‚   templateUrl: [32m'./order-create-modal.component.html'[37m,
         â•µ                [32m~~~~~~~~~~~~~~~~~~~~~~~~~~~~~~~~~~~~~[0m


[31mâœ˜ [41;31m[[41;97mERROR[41;31m][0m [1mNG8004: No pipe found with name 'translate'.[0m [1m[35m[plugin angular-compiler][0m

    src/app/features/orders/order-create-modal/order-create-modal.component.html:169:131:
[37m      169 â”‚ ...late-400 mb-1">{{ 'orders.fields.subtotal' | [32mtranslate[37m }}</label>
          â•µ                                                 [32m~~~~~~~~~[0m

  Error occurs in the template of component OrderCreateModalComponent.

    src/app/features/orders/order-create-modal/order-create-modal.component.ts:13:15:
[37m      13 â”‚   templateUrl: [32m'./order-create-modal.component.html'[37m,
         â•µ                [32m~~~~~~~~~~~~~~~~~~~~~~~~~~~~~~~~~~~~~[0m


[31mâœ˜ [41;31m[[41;97mERROR[41;31m][0m [1mNG8004: No pipe found with name 'translate'.[0m [1m[35m[plugin angular-compiler][0m

    src/app/features/orders/order-create-modal/order-create-modal.component.html:191:98:
[37m      191 â”‚ ...dark:text-slate-400">{{ 'orders.totalItems' | [32mtranslate[37m }}</span>
          â•µ                                                  [32m~~~~~~~~~[0m

  Error occurs in the template of component OrderCreateModalComponent.

    src/app/features/orders/order-create-modal/order-create-modal.component.ts:13:15:
[37m      13 â”‚   templateUrl: [32m'./order-create-modal.component.html'[37m,
         â•µ                [32m~~~~~~~~~~~~~~~~~~~~~~~~~~~~~~~~~~~~~[0m


[31mâœ˜ [41;31m[[41;97mERROR[41;31m][0m [1mNG8004: No pipe found with name 'translate'.[0m [1m[35m[plugin angular-compiler][0m

    src/app/features/orders/order-create-modal/order-create-modal.component.html:195:96:
[37m      195 â”‚ ...0 dark:text-slate-400">{{ 'orders.totalQty' | [32mtranslate[37m }}</span>
          â•µ                                                  [32m~~~~~~~~~[0m

  Error occurs in the template of component OrderCreateModalComponent.

    src/app/features/orders/order-create-modal/order-create-modal.component.ts:13:15:
[37m      13 â”‚   templateUrl: [32m'./order-create-modal.component.html'[37m,
         â•µ                [32m~~~~~~~~~~~~~~~~~~~~~~~~~~~~~~~~~~~~~[0m


[31mâœ˜ [41;31m[[41;97mERROR[41;31m][0m [1mNG8004: No pipe found with name 'translate'.[0m [1m[35m[plugin angular-compiler][0m

    src/app/features/orders/order-create-modal/order-create-modal.component.html:199:98:
[37m      199 â”‚ ...dark:text-slate-400">{{ 'orders.totalValue' | [32mtranslate[37m }}</span>
          â•µ                                                  [32m~~~~~~~~~[0m

  Error occurs in the template of component OrderCreateModalComponent.

    src/app/features/orders/order-create-modal/order-create-modal.component.ts:13:15:
[37m      13 â”‚   templateUrl: [32m'./order-create-modal.component.html'[37m,
         â•µ                [32m~~~~~~~~~~~~~~~~~~~~~~~~~~~~~~~~~~~~~[0m


[31mâœ˜ [41;31m[[41;97mERROR[41;31m][0m [1mNG8004: No pipe found with name 'translate'.[0m [1m[35m[plugin angular-compiler][0m

    src/app/features/orders/order-create-modal/order-create-modal.component.html:212:39:
[37m      212 â”‚           {{ 'common.buttons.cancel' | [32mtranslate[37m }}
          â•µ                                        [32m~~~~~~~~~[0m

  Error occurs in the template of component OrderCreateModalComponent.

    src/app/features/orders/order-create-modal/order-create-modal.component.ts:13:15:
[37m      13 â”‚   templateUrl: [32m'./order-create-modal.component.html'[37m,
         â•µ                [32m~~~~~~~~~~~~~~~~~~~~~~~~~~~~~~~~~~~~~[0m


[31mâœ˜ [41;31m[[41;97mERROR[41;31m][0m [1mNG8004: No pipe found with name 'translate'.[0m [1m[35m[plugin angular-compiler][0m

    src/app/features/orders/order-create-modal/order-create-modal.component.html:219:36:
[37m      219 â”‚           {{ 'orders.createOrder' | [32mtranslate[37m }}
          â•µ                                     [32m~~~~~~~~~[0m

  Error occurs in the template of component OrderCreateModalComponent.

    src/app/features/orders/order-create-modal/order-create-modal.component.ts:13:15:
[37m      13 â”‚   templateUrl: [32m'./order-create-modal.component.html'[37m,
         â•µ                [32m~~~~~~~~~~~~~~~~~~~~~~~~~~~~~~~~~~~~~[0m


[31mâœ˜ [41;31m[[41;97mERROR[41;31m][0m [1mNG8004: No pipe found with name 'translate'.[0m [1m[35m[plugin angular-compiler][0m

    src/app/features/orders/order-edit-modal/order-edit-modal.component.html:8:99:
[37m      8 â”‚ ...-800 dark:text-slate-100">{{ 'modals.editOrder' | [32mtranslate[37m }}</h2>
        â•µ                                                      [32m~~~~~~~~~[0m

  Error occurs in the template of component OrderEditModalComponent.

    src/app/features/orders/order-edit-modal/order-edit-modal.component.ts:21:15:
[37m      21 â”‚   templateUrl: [32m'./order-edit-modal.component.html'[37m,
         â•µ                [32m~~~~~~~~~~~~~~~~~~~~~~~~~~~~~~~~~~~[0m


[31mâœ˜ [41;31m[[41;97mERROR[41;31m][0m [1mNG8004: No pipe found with name 'translate'.[0m [1m[35m[plugin angular-compiler][0m

    src/app/features/orders/order-edit-modal/order-edit-modal.component.html:22:121:
[37m      22 â”‚ ...t-slate-300 mb-1">{{ 'common.fields.status' | [32mtranslate[37m }}</label>
         â•µ                                                  [32m~~~~~~~~~[0m

  Error occurs in the template of component OrderEditModalComponent.

    src/app/features/orders/order-edit-modal/order-edit-modal.component.ts:21:15:
[37m      21 â”‚   templateUrl: [32m'./order-edit-modal.component.html'[37m,
         â•µ                [32m~~~~~~~~~~~~~~~~~~~~~~~~~~~~~~~~~~~[0m


[31mâœ˜ [41;31m[[41;97mERROR[41;31m][0m [1mNG8004: No pipe found with name 'translate'.[0m [1m[35m[plugin angular-compiler][0m

    src/app/features/orders/order-edit-modal/order-edit-modal.component.html:25:82:
[37m      25 â”‚ ...tatus.Draft">{{ 'common.orderStatus.draft' | [32mtranslate[37m }}</option>
         â•µ                                                 [32m~~~~~~~~~[0m

  Error occurs in the template of component OrderEditModalComponent.

    src/app/features/orders/order-edit-modal/order-edit-modal.component.ts:21:15:
[37m      21 â”‚   templateUrl: [32m'./order-edit-modal.component.html'[37m,
         â•µ                [32m~~~~~~~~~~~~~~~~~~~~~~~~~~~~~~~~~~~[0m


[31mâœ˜ [41;31m[[41;97mERROR[41;31m][0m [1mNG8004: No pipe found with name 'translate'.[0m [1m[35m[plugin angular-compiler][0m

    src/app/features/orders/order-edit-modal/order-edit-modal.component.html:26:86:
[37m      26 â”‚ ...s.Pending">{{ 'common.orderStatus.pending' | [32mtranslate[37m }}</option>
         â•µ                                                 [32m~~~~~~~~~[0m

  Error occurs in the template of component OrderEditModalComponent.

    src/app/features/orders/order-edit-modal/order-edit-modal.component.ts:21:15:
[37m      21 â”‚   templateUrl: [32m'./order-edit-modal.component.html'[37m,
         â•µ                [32m~~~~~~~~~~~~~~~~~~~~~~~~~~~~~~~~~~~[0m


[31mâœ˜ [41;31m[[41;97mERROR[41;31m][0m [1mNG8004: No pipe found with name 'translate'.[0m [1m[35m[plugin angular-compiler][0m

    src/app/features/orders/order-edit-modal/order-edit-modal.component.html:27:90:
[37m      27 â”‚ ...nfirmed">{{ 'common.orderStatus.confirmed' | [32mtranslate[37m }}</option>
         â•µ                                                 [32m~~~~~~~~~[0m

  Error occurs in the template of component OrderEditModalComponent.

    src/app/features/orders/order-edit-modal/order-edit-modal.component.ts:21:15:
[37m      21 â”‚   templateUrl: [32m'./order-edit-modal.component.html'[37m,
         â•µ                [32m~~~~~~~~~~~~~~~~~~~~~~~~~~~~~~~~~~~[0m


[31mâœ˜ [41;31m[[41;97mERROR[41;31m][0m [1mNG8004: No pipe found with name 'translate'.[0m [1m[35m[plugin angular-compiler][0m

    src/app/features/orders/order-edit-modal/order-edit-modal.component.html:28:92:
[37m      28 â”‚ ...ogress">{{ 'common.orderStatus.inProgress' | [32mtranslate[37m }}</option>
         â•µ                                                 [32m~~~~~~~~~[0m

  Error occurs in the template of component OrderEditModalComponent.

    src/app/features/orders/order-edit-modal/order-edit-modal.component.ts:21:15:
[37m      21 â”‚   templateUrl: [32m'./order-edit-modal.component.html'[37m,
         â•µ                [32m~~~~~~~~~~~~~~~~~~~~~~~~~~~~~~~~~~~[0m


[31mâœ˜ [41;31m[[41;97mERROR[41;31m][0m [1mNG8004: No pipe found with name 'translate'.[0m [1m[35m[plugin angular-compiler][0m

    src/app/features/orders/order-edit-modal/order-edit-modal.component.html:29:108:
[37m      29 â”‚ ...{{ 'common.orderStatus.partiallyFulfilled' | [32mtranslate[37m }}</option>
         â•µ                                                 [32m~~~~~~~~~[0m

  Error occurs in the template of component OrderEditModalComponent.

    src/app/features/orders/order-edit-modal/order-edit-modal.component.ts:21:15:
[37m      21 â”‚   templateUrl: [32m'./order-edit-modal.component.html'[37m,
         â•µ                [32m~~~~~~~~~~~~~~~~~~~~~~~~~~~~~~~~~~~[0m


[31mâœ˜ [41;31m[[41;97mERROR[41;31m][0m [1mNG8004: No pipe found with name 'translate'.[0m [1m[35m[plugin angular-compiler][0m

    src/app/features/orders/order-edit-modal/order-edit-modal.component.html:30:90:
[37m      30 â”‚ ...lfilled">{{ 'common.orderStatus.fulfilled' | [32mtranslate[37m }}</option>
         â•µ                                                 [32m~~~~~~~~~[0m

  Error occurs in the template of component OrderEditModalComponent.

    src/app/features/orders/order-edit-modal/order-edit-modal.component.ts:21:15:
[37m      21 â”‚   templateUrl: [32m'./order-edit-modal.component.html'[37m,
         â•µ                [32m~~~~~~~~~~~~~~~~~~~~~~~~~~~~~~~~~~~[0m


[31mâœ˜ [41;31m[[41;97mERROR[41;31m][0m [1mNG8004: No pipe found with name 'translate'.[0m [1m[35m[plugin angular-compiler][0m

    src/app/features/orders/order-edit-modal/order-edit-modal.component.html:31:86:
[37m      31 â”‚ ...s.Shipped">{{ 'common.orderStatus.shipped' | [32mtranslate[37m }}</option>
         â•µ                                                 [32m~~~~~~~~~[0m

  Error occurs in the template of component OrderEditModalComponent.

    src/app/features/orders/order-edit-modal/order-edit-modal.component.ts:21:15:
[37m      21 â”‚   templateUrl: [32m'./order-edit-modal.component.html'[37m,
         â•µ                [32m~~~~~~~~~~~~~~~~~~~~~~~~~~~~~~~~~~~[0m


[31mâœ˜ [41;31m[[41;97mERROR[41;31m][0m [1mNG8004: No pipe found with name 'translate'.[0m [1m[35m[plugin angular-compiler][0m

    src/app/features/orders/order-edit-modal/order-edit-modal.component.html:32:90:
[37m      32 â”‚ ...livered">{{ 'common.orderStatus.delivered' | [32mtranslate[37m }}</option>
         â•µ                                                 [32m~~~~~~~~~[0m

  Error occurs in the template of component OrderEditModalComponent.

    src/app/features/orders/order-edit-modal/order-edit-modal.component.ts:21:15:
[37m      21 â”‚   templateUrl: [32m'./order-edit-modal.component.html'[37m,
         â•µ                [32m~~~~~~~~~~~~~~~~~~~~~~~~~~~~~~~~~~~[0m


[31mâœ˜ [41;31m[[41;97mERROR[41;31m][0m [1mNG8004: No pipe found with name 'translate'.[0m [1m[35m[plugin angular-compiler][0m

    src/app/features/orders/order-edit-modal/order-edit-modal.component.html:33:90:
[37m      33 â”‚ ...ncelled">{{ 'common.orderStatus.cancelled' | [32mtranslate[37m }}</option>
         â•µ                                                 [32m~~~~~~~~~[0m

  Error occurs in the template of component OrderEditModalComponent.

    src/app/features/orders/order-edit-modal/order-edit-modal.component.ts:21:15:
[37m      21 â”‚   templateUrl: [32m'./order-edit-modal.component.html'[37m,
         â•µ                [32m~~~~~~~~~~~~~~~~~~~~~~~~~~~~~~~~~~~[0m


[31mâœ˜ [41;31m[[41;97mERROR[41;31m][0m [1mNG8004: No pipe found with name 'translate'.[0m [1m[35m[plugin angular-compiler][0m

    src/app/features/orders/order-edit-modal/order-edit-modal.component.html:34:84:
[37m      34 â”‚ ...tus.OnHold">{{ 'common.orderStatus.onHold' | [32mtranslate[37m }}</option>
         â•µ                                                 [32m~~~~~~~~~[0m

  Error occurs in the template of component OrderEditModalComponent.

    src/app/features/orders/order-edit-modal/order-edit-modal.component.ts:21:15:
[37m      21 â”‚   templateUrl: [32m'./order-edit-modal.component.html'[37m,
         â•µ                [32m~~~~~~~~~~~~~~~~~~~~~~~~~~~~~~~~~~~[0m


[31mâœ˜ [41;31m[[41;97mERROR[41;31m][0m [1mNG8004: No pipe found with name 'translate'.[0m [1m[35m[plugin angular-compiler][0m

    src/app/features/orders/order-edit-modal/order-edit-modal.component.html:39:123:
[37m      39 â”‚ ...slate-300 mb-1">{{ 'common.fields.priority' | [32mtranslate[37m }}</label>
         â•µ                                                  [32m~~~~~~~~~[0m

  Error occurs in the template of component OrderEditModalComponent.

    src/app/features/orders/order-edit-modal/order-edit-modal.component.ts:21:15:
[37m      21 â”‚   templateUrl: [32m'./order-edit-modal.component.html'[37m,
         â•µ                [32m~~~~~~~~~~~~~~~~~~~~~~~~~~~~~~~~~~~[0m


[31mâœ˜ [41;31m[[41;97mERROR[41;31m][0m [1mNG8004: No pipe found with name 'translate'.[0m [1m[35m[plugin angular-compiler][0m

    src/app/features/orders/order-edit-modal/order-edit-modal.component.html:42:77:
[37m      42 â”‚ ...rderPriority.Low">{{ 'orders.priority.low' | [32mtranslate[37m }}</option>
         â•µ                                                 [32m~~~~~~~~~[0m

  Error occurs in the template of component OrderEditModalComponent.

    src/app/features/orders/order-edit-modal/order-edit-modal.component.ts:21:15:
[37m      21 â”‚   templateUrl: [32m'./order-edit-modal.component.html'[37m,
         â•µ                [32m~~~~~~~~~~~~~~~~~~~~~~~~~~~~~~~~~~~[0m


[31mâœ˜ [41;31m[[41;97mERROR[41;31m][0m [1mNG8004: No pipe found with name 'translate'.[0m [1m[35m[plugin angular-compiler][0m

    src/app/features/orders/order-edit-modal/order-edit-modal.component.html:43:83:
[37m      43 â”‚ ...iority.Normal">{{ 'orders.priority.normal' | [32mtranslate[37m }}</option>
         â•µ                                                 [32m~~~~~~~~~[0m

  Error occurs in the template of component OrderEditModalComponent.

    src/app/features/orders/order-edit-modal/order-edit-modal.component.ts:21:15:
[37m      21 â”‚   templateUrl: [32m'./order-edit-modal.component.html'[37m,
         â•µ                [32m~~~~~~~~~~~~~~~~~~~~~~~~~~~~~~~~~~~[0m


[31mâœ˜ [41;31m[[41;97mERROR[41;31m][0m [1mNG8004: No pipe found with name 'translate'.[0m [1m[35m[plugin angular-compiler][0m

    src/app/features/orders/order-edit-modal/order-edit-modal.component.html:44:79:
[37m      44 â”‚ ...erPriority.High">{{ 'orders.priority.high' | [32mtranslate[37m }}</option>
         â•µ                                                 [32m~~~~~~~~~[0m

  Error occurs in the template of component OrderEditModalComponent.

    src/app/features/orders/order-edit-modal/order-edit-modal.component.ts:21:15:
[37m      21 â”‚   templateUrl: [32m'./order-edit-modal.component.html'[37m,
         â•µ                [32m~~~~~~~~~~~~~~~~~~~~~~~~~~~~~~~~~~~[0m


[31mâœ˜ [41;31m[[41;97mERROR[41;31m][0m [1mNG8004: No pipe found with name 'translate'.[0m [1m[35m[plugin angular-compiler][0m

    src/app/features/orders/order-edit-modal/order-edit-modal.component.html:45:83:
[37m      45 â”‚ ...iority.Urgent">{{ 'orders.priority.urgent' | [32mtranslate[37m }}</option>
         â•µ                                                 [32m~~~~~~~~~[0m

  Error occurs in the template of component OrderEditModalComponent.

    src/app/features/orders/order-edit-modal/order-edit-modal.component.ts:21:15:
[37m      21 â”‚   templateUrl: [32m'./order-edit-modal.component.html'[37m,
         â•µ                [32m~~~~~~~~~~~~~~~~~~~~~~~~~~~~~~~~~~~[0m


[31mâœ˜ [41;31m[[41;97mERROR[41;31m][0m [1mNG8004: No pipe found with name 'translate'.[0m [1m[35m[plugin angular-compiler][0m

    src/app/features/orders/order-edit-modal/order-edit-modal.component.html:50:127:
[37m      50 â”‚ ...e-300 mb-1">{{ 'common.fields.expectedDate' | [32mtranslate[37m }}</label>
         â•µ                                                  [32m~~~~~~~~~[0m

  Error occurs in the template of component OrderEditModalComponent.

    src/app/features/orders/order-edit-modal/order-edit-modal.component.ts:21:15:
[37m      21 â”‚   templateUrl: [32m'./order-edit-modal.component.html'[37m,
         â•µ                [32m~~~~~~~~~~~~~~~~~~~~~~~~~~~~~~~~~~~[0m


[31mâœ˜ [41;31m[[41;97mERROR[41;31m][0m [1mNG8004: No pipe found with name 'translate'.[0m [1m[35m[plugin angular-compiler][0m

    src/app/features/orders/order-edit-modal/order-edit-modal.component.html:56:130:
[37m      56 â”‚ ...00 mb-1">{{ 'common.fields.shippingAddress' | [32mtranslate[37m }}</label>
         â•µ                                                  [32m~~~~~~~~~[0m

  Error occurs in the template of component OrderEditModalComponent.

    src/app/features/orders/order-edit-modal/order-edit-modal.component.ts:21:15:
[37m      21 â”‚   templateUrl: [32m'./order-edit-modal.component.html'[37m,
         â•µ                [32m~~~~~~~~~~~~~~~~~~~~~~~~~~~~~~~~~~~[0m


[31mâœ˜ [41;31m[[41;97mERROR[41;31m][0m [1mNG8004: No pipe found with name 'translate'.[0m [1m[35m[plugin angular-compiler][0m

    src/app/features/orders/order-edit-modal/order-edit-modal.component.html:62:134:
[37m      62 â”‚ ...b-1">{{ 'common.fields.specialInstructions' | [32mtranslate[37m }}</label>
         â•µ                                                  [32m~~~~~~~~~[0m

  Error occurs in the template of component OrderEditModalComponent.

    src/app/features/orders/order-edit-modal/order-edit-modal.component.ts:21:15:
[37m      21 â”‚   templateUrl: [32m'./order-edit-modal.component.html'[37m,
         â•µ                [32m~~~~~~~~~~~~~~~~~~~~~~~~~~~~~~~~~~~[0m


[31mâœ˜ [41;31m[[41;97mERROR[41;31m][0m [1mNG8004: No pipe found with name 'translate'.[0m [1m[35m[plugin angular-compiler][0m

    src/app/features/orders/order-edit-modal/order-edit-modal.component.html:73:41:
[37m      73 â”‚               {{ 'modals.wmsLogistics' | [32mtranslate[37m }}
         â•µ                                          [32m~~~~~~~~~[0m

  Error occurs in the template of component OrderEditModalComponent.

    src/app/features/orders/order-edit-modal/order-edit-modal.component.ts:21:15:
[37m      21 â”‚   templateUrl: [32m'./order-edit-modal.component.html'[37m,
         â•µ                [32m~~~~~~~~~~~~~~~~~~~~~~~~~~~~~~~~~~~[0m


[31mâœ˜ [41;31m[[41;97mERROR[41;31m][0m [1mNG8004: No pipe found with name 'translate'.[0m [1m[35m[plugin angular-compiler][0m

    src/app/features/orders/order-edit-modal/order-edit-modal.component.html:78:122:
[37m      78 â”‚ ...-slate-300 mb-1">{{ 'common.fields.vehicle' | [32mtranslate[37m }}</label>
         â•µ                                                  [32m~~~~~~~~~[0m

  Error occurs in the template of component OrderEditModalComponent.

    src/app/features/orders/order-edit-modal/order-edit-modal.component.ts:21:15:
[37m      21 â”‚   templateUrl: [32m'./order-edit-modal.component.html'[37m,
         â•µ                [32m~~~~~~~~~~~~~~~~~~~~~~~~~~~~~~~~~~~[0m


[31mâœ˜ [41;31m[[41;97mERROR[41;31m][0m [1mNG8004: No pipe found with name 'translate'.[0m [1m[35m[plugin angular-compiler][0m

    src/app/features/orders/order-edit-modal/order-edit-modal.component.html:84:86:
[37m      84 â”‚ ...-400">{{ 'common.placeholders.selectVehicle' | [32mtranslate[37m }}</span>
         â•µ                                                   [32m~~~~~~~~~[0m

  Error occurs in the template of component OrderEditModalComponent.

    src/app/features/orders/order-edit-modal/order-edit-modal.component.ts:21:15:
[37m      21 â”‚   templateUrl: [32m'./order-edit-modal.component.html'[37m,
         â•µ                [32m~~~~~~~~~~~~~~~~~~~~~~~~~~~~~~~~~~~[0m


[31mâœ˜ [41;31m[[41;97mERROR[41;31m][0m [1mNG8004: No pipe found with name 'translate'.[0m [1m[35m[plugin angular-compiler][0m

    src/app/features/orders/order-edit-modal/order-edit-modal.component.html:93:121:
[37m      93 â”‚ ...t-slate-300 mb-1">{{ 'common.fields.driver' | [32mtranslate[37m }}</label>
         â•µ                                                  [32m~~~~~~~~~[0m

  Error occurs in the template of component OrderEditModalComponent.

    src/app/features/orders/order-edit-modal/order-edit-modal.component.ts:21:15:
[37m      21 â”‚   templateUrl: [32m'./order-edit-modal.component.html'[37m,
         â•µ                [32m~~~~~~~~~~~~~~~~~~~~~~~~~~~~~~~~~~~[0m


[31mâœ˜ [41;31m[[41;97mERROR[41;31m][0m [1mNG8004: No pipe found with name 'translate'.[0m [1m[35m[plugin angular-compiler][0m

    src/app/features/orders/order-edit-modal/order-edit-modal.component.html:97:96:
[37m      97 â”‚ ...- {{ 'common.fields.cnh' | [32mtranslate[37m }}: {{selectedDriver()?.li...
         â•µ                               [32m~~~~~~~~~[0m

  Error occurs in the template of component OrderEditModalComponent.

    src/app/features/orders/order-edit-modal/order-edit-modal.component.ts:21:15:
[37m      21 â”‚   templateUrl: [32m'./order-edit-modal.component.html'[37m,
         â•µ                [32m~~~~~~~~~~~~~~~~~~~~~~~~~~~~~~~~~~~[0m


[31mâœ˜ [41;31m[[41;97mERROR[41;31m][0m [1mNG8004: No pipe found with name 'translate'.[0m [1m[35m[plugin angular-compiler][0m

    src/app/features/orders/order-edit-modal/order-edit-modal.component.html:99:85:
[37m      99 â”‚ ...e-400">{{ 'common.placeholders.selectDriver' | [32mtranslate[37m }}</span>
         â•µ                                                   [32m~~~~~~~~~[0m

  Error occurs in the template of component OrderEditModalComponent.

    src/app/features/orders/order-edit-modal/order-edit-modal.component.ts:21:15:
[37m      21 â”‚   templateUrl: [32m'./order-edit-modal.component.html'[37m,
         â•µ                [32m~~~~~~~~~~~~~~~~~~~~~~~~~~~~~~~~~~~[0m


[31mâœ˜ [41;31m[[41;97mERROR[41;31m][0m [1mNG8004: No pipe found with name 'translate'.[0m [1m[35m[plugin angular-compiler][0m

    src/app/features/orders/order-edit-modal/order-edit-modal.component.html:108:130:
[37m      108 â”‚ ...0 mb-1">{{ 'common.fields.originWarehouse' | [32mtranslate[37m }}</label>
          â•µ                                                 [32m~~~~~~~~~[0m

  Error occurs in the template of component OrderEditModalComponent.

    src/app/features/orders/order-edit-modal/order-edit-modal.component.ts:21:15:
[37m      21 â”‚   templateUrl: [32m'./order-edit-modal.component.html'[37m,
         â•µ                [32m~~~~~~~~~~~~~~~~~~~~~~~~~~~~~~~~~~~[0m


[31mâœ˜ [41;31m[[41;97mERROR[41;31m][0m [1mNG8004: No pipe found with name 'translate'.[0m [1m[35m[plugin angular-compiler][0m

    src/app/features/orders/order-edit-modal/order-edit-modal.component.html:114:88:
[37m      114 â”‚ ...0">{{ 'common.placeholders.selectWarehouse' | [32mtranslate[37m }}</span>
          â•µ                                                  [32m~~~~~~~~~[0m

  Error occurs in the template of component OrderEditModalComponent.

    src/app/features/orders/order-edit-modal/order-edit-modal.component.ts:21:15:
[37m      21 â”‚   templateUrl: [32m'./order-edit-modal.component.html'[37m,
         â•µ                [32m~~~~~~~~~~~~~~~~~~~~~~~~~~~~~~~~~~~[0m


[31mâœ˜ [41;31m[[41;97mERROR[41;31m][0m [1mNG8004: No pipe found with name 'translate'.[0m [1m[35m[plugin angular-compiler][0m

    src/app/features/orders/order-edit-modal/order-edit-modal.component.html:123:130:
[37m      123 â”‚ ...0 mb-2">{{ 'common.fields.destinationType' | [32mtranslate[37m }}</label>
          â•µ                                                 [32m~~~~~~~~~[0m

  Error occurs in the template of component OrderEditModalComponent.

    src/app/features/orders/order-edit-modal/order-edit-modal.component.ts:21:15:
[37m      21 â”‚   templateUrl: [32m'./order-edit-modal.component.html'[37m,
         â•µ                [32m~~~~~~~~~~~~~~~~~~~~~~~~~~~~~~~~~~~[0m


[31mâœ˜ [41;31m[[41;97mERROR[41;31m][0m [1mNG8004: No pipe found with name 'translate'.[0m [1m[35m[plugin angular-compiler][0m

    src/app/features/orders/order-edit-modal/order-edit-modal.component.html:127:95:
[37m      127 â”‚ ...text-slate-300">{{ 'common.fields.customer' | [32mtranslate[37m }}</span>
          â•µ                                                  [32m~~~~~~~~~[0m

  Error occurs in the template of component OrderEditModalComponent.

    src/app/features/orders/order-edit-modal/order-edit-modal.component.ts:21:15:
[37m      21 â”‚   templateUrl: [32m'./order-edit-modal.component.html'[37m,
         â•µ                [32m~~~~~~~~~~~~~~~~~~~~~~~~~~~~~~~~~~~[0m


[31mâœ˜ [41;31m[[41;97mERROR[41;31m][0m [1mNG8004: No pipe found with name 'translate'.[0m [1m[35m[plugin angular-compiler][0m

    src/app/features/orders/order-edit-modal/order-edit-modal.component.html:131:104:
[37m      131 â”‚ ...e-300">{{ 'common.fields.warehouseTransfer' | [32mtranslate[37m }}</span>
          â•µ                                                  [32m~~~~~~~~~[0m

  Error occurs in the template of component OrderEditModalComponent.

    src/app/features/orders/order-edit-modal/order-edit-modal.component.ts:21:15:
[37m      21 â”‚   templateUrl: [32m'./order-edit-modal.component.html'[37m,
         â•µ                [32m~~~~~~~~~~~~~~~~~~~~~~~~~~~~~~~~~~~[0m


[31mâœ˜ [41;31m[[41;97mERROR[41;31m][0m [1mNG8004: No pipe found with name 'translate'.[0m [1m[35m[plugin angular-compiler][0m

    src/app/features/orders/order-edit-modal/order-edit-modal.component.html:138:136:
[37m      138 â”‚ ...-1">{{ 'common.fields.customerDestination' | [32mtranslate[37m }}</label>
          â•µ                                                 [32m~~~~~~~~~[0m

  Error occurs in the template of component OrderEditModalComponent.

    src/app/features/orders/order-edit-modal/order-edit-modal.component.ts:21:15:
[37m      21 â”‚   templateUrl: [32m'./order-edit-modal.component.html'[37m,
         â•µ                [32m~~~~~~~~~~~~~~~~~~~~~~~~~~~~~~~~~~~[0m


[31mâœ˜ [41;31m[[41;97mERROR[41;31m][0m [1mNG8004: No pipe found with name 'translate'.[0m [1m[35m[plugin angular-compiler][0m

    src/app/features/orders/order-edit-modal/order-edit-modal.component.html:144:89:
[37m      144 â”‚ ...00">{{ 'common.placeholders.selectCustomer' | [32mtranslate[37m }}</span>
          â•µ                                                  [32m~~~~~~~~~[0m

  Error occurs in the template of component OrderEditModalComponent.

    src/app/features/orders/order-edit-modal/order-edit-modal.component.ts:21:15:
[37m      21 â”‚   templateUrl: [32m'./order-edit-modal.component.html'[37m,
         â•µ                [32m~~~~~~~~~~~~~~~~~~~~~~~~~~~~~~~~~~~[0m


[31mâœ˜ [41;31m[[41;97mERROR[41;31m][0m [1mNG8004: No pipe found with name 'translate'.[0m [1m[35m[plugin angular-compiler][0m

    src/app/features/orders/order-edit-modal/order-edit-modal.component.html:155:137:
[37m      155 â”‚ ...1">{{ 'common.fields.destinationWarehouse' | [32mtranslate[37m }}</label>
          â•µ                                                 [32m~~~~~~~~~[0m

  Error occurs in the template of component OrderEditModalComponent.

    src/app/features/orders/order-edit-modal/order-edit-modal.component.ts:21:15:
[37m      21 â”‚   templateUrl: [32m'./order-edit-modal.component.html'[37m,
         â•µ                [32m~~~~~~~~~~~~~~~~~~~~~~~~~~~~~~~~~~~[0m


[31mâœ˜ [41;31m[[41;97mERROR[41;31m][0m [1mNG8004: No pipe found with name 'translate'.[0m [1m[35m[plugin angular-compiler][0m

    src/app/features/orders/order-edit-modal/order-edit-modal.component.html:161:90:
[37m      161 â”‚ ...0">{{ 'common.placeholders.selectWarehouse' | [32mtranslate[37m }}</span>
          â•µ                                                  [32m~~~~~~~~~[0m

  Error occurs in the template of component OrderEditModalComponent.

    src/app/features/orders/order-edit-modal/order-edit-modal.component.ts:21:15:
[37m      21 â”‚   templateUrl: [32m'./order-edit-modal.component.html'[37m,
         â•µ                [32m~~~~~~~~~~~~~~~~~~~~~~~~~~~~~~~~~~~[0m


[31mâœ˜ [41;31m[[41;97mERROR[41;31m][0m [1mNG8004: No pipe found with name 'translate'.[0m [1m[35m[plugin angular-compiler][0m

    src/app/features/orders/order-edit-modal/order-edit-modal.component.html:177:44:
[37m      177 â”‚                 {{ 'modals.deliveryRoute' | [32mtranslate[37m }}
          â•µ                                             [32m~~~~~~~~~[0m

  Error occurs in the template of component OrderEditModalComponent.

    src/app/features/orders/order-edit-modal/order-edit-modal.component.ts:21:15:
[37m      21 â”‚   templateUrl: [32m'./order-edit-modal.component.html'[37m,
         â•µ                [32m~~~~~~~~~~~~~~~~~~~~~~~~~~~~~~~~~~~[0m


[31mâœ˜ [41;31m[[41;97mERROR[41;31m][0m [1mNG8004: No pipe found with name 'translate'.[0m [1m[35m[plugin angular-compiler][0m

    src/app/features/orders/order-edit-modal/order-edit-modal.component.html:185:98:
[37m      185 â”‚ ...e-800 dark:text-slate-100">{{ 'modals.origin' | [32mtranslate[37m }}</h4>
          â•µ                                                    [32m~~~~~~~~~[0m

  Error occurs in the template of component OrderEditModalComponent.

    src/app/features/orders/order-edit-modal/order-edit-modal.component.ts:21:15:
[37m      21 â”‚   templateUrl: [32m'./order-edit-modal.component.html'[37m,
         â•µ                [32m~~~~~~~~~~~~~~~~~~~~~~~~~~~~~~~~~~~[0m


[31mâœ˜ [41;31m[[41;97mERROR[41;31m][0m [1mNG8004: No pipe found with name 'translate'.[0m [1m[35m[plugin angular-compiler][0m

    src/app/features/orders/order-edit-modal/order-edit-modal.component.html:189:92:
[37m      189 â”‚ ...>{{ 'common.fields.code' | [32mtranslate[37m }}: {{selectedOriginWareh...
          â•µ                               [32m~~~~~~~~~[0m

  Error occurs in the template of component OrderEditModalComponent.

    src/app/features/orders/order-edit-modal/order-edit-modal.component.ts:21:15:
[37m      21 â”‚   templateUrl: [32m'./order-edit-modal.component.html'[37m,
         â•µ                [32m~~~~~~~~~~~~~~~~~~~~~~~~~~~~~~~~~~~[0m


[31mâœ˜ [41;31m[[41;97mERROR[41;31m][0m [1mNG8004: No pipe found with name 'translate'.[0m [1m[35m[plugin angular-compiler][0m

    src/app/features/orders/order-edit-modal/order-edit-modal.component.html:195:97:
[37m      195 â”‚ ... 'common.fields.zipCode' | [32mtranslate[37m }}: {{selectedOriginWareh...
          â•µ                               [32m~~~~~~~~~[0m

  Error occurs in the template of component OrderEditModalComponent.

    src/app/features/orders/order-edit-modal/order-edit-modal.component.ts:21:15:
[37m      21 â”‚   templateUrl: [32m'./order-edit-modal.component.html'[37m,
         â•µ                [32m~~~~~~~~~~~~~~~~~~~~~~~~~~~~~~~~~~~[0m


[31mâœ˜ [41;31m[[41;97mERROR[41;31m][0m [1mNG8004: No pipe found with name 'translate'.[0m [1m[35m[plugin angular-compiler][0m

    src/app/features/orders/order-edit-modal/order-edit-modal.component.html:205:103:
[37m      205 â”‚ ... dark:text-slate-100">{{ 'modals.destination' | [32mtranslate[37m }}</h4>
          â•µ                                                    [32m~~~~~~~~~[0m

  Error occurs in the template of component OrderEditModalComponent.

    src/app/features/orders/order-edit-modal/order-edit-modal.component.ts:21:15:
[37m      21 â”‚   templateUrl: [32m'./order-edit-modal.component.html'[37m,
         â•µ                [32m~~~~~~~~~~~~~~~~~~~~~~~~~~~~~~~~~~~[0m


[31mâœ˜ [41;31m[[41;97mERROR[41;31m][0m [1mNG8004: No pipe found with name 'translate'.[0m [1m[35m[plugin angular-compiler][0m

    src/app/features/orders/order-edit-modal/order-edit-modal.component.html:217:99:
[37m      217 â”‚ ... 'common.fields.zipCode' | [32mtranslate[37m }}: {{selectedCustomer()?...
          â•µ                               [32m~~~~~~~~~[0m

  Error occurs in the template of component OrderEditModalComponent.

    src/app/features/orders/order-edit-modal/order-edit-modal.component.ts:21:15:
[37m      21 â”‚   templateUrl: [32m'./order-edit-modal.component.html'[37m,
         â•µ                [32m~~~~~~~~~~~~~~~~~~~~~~~~~~~~~~~~~~~[0m


[31mâœ˜ [41;31m[[41;97mERROR[41;31m][0m [1mNG8004: No pipe found with name 'translate'.[0m [1m[35m[plugin angular-compiler][0m

    src/app/features/orders/order-edit-modal/order-edit-modal.component.html:226:94:
[37m      226 â”‚ ...>{{ 'common.fields.code' | [32mtranslate[37m }}: {{selectedDestination...
          â•µ                               [32m~~~~~~~~~[0m

  Error occurs in the template of component OrderEditModalComponent.

    src/app/features/orders/order-edit-modal/order-edit-modal.component.ts:21:15:
[37m      21 â”‚   templateUrl: [32m'./order-edit-modal.component.html'[37m,
         â•µ                [32m~~~~~~~~~~~~~~~~~~~~~~~~~~~~~~~~~~~[0m


[31mâœ˜ [41;31m[[41;97mERROR[41;31m][0m [1mNG8004: No pipe found with name 'translate'.[0m [1m[35m[plugin angular-compiler][0m

    src/app/features/orders/order-edit-modal/order-edit-modal.component.html:232:99:
[37m      232 â”‚ ... 'common.fields.zipCode' | [32mtranslate[37m }}: {{selectedDestination...
          â•µ                               [32m~~~~~~~~~[0m

  Error occurs in the template of component OrderEditModalComponent.

    src/app/features/orders/order-edit-modal/order-edit-modal.component.ts:21:15:
[37m      21 â”‚   templateUrl: [32m'./order-edit-modal.component.html'[37m,
         â•µ                [32m~~~~~~~~~~~~~~~~~~~~~~~~~~~~~~~~~~~[0m


[31mâœ˜ [41;31m[[41;97mERROR[41;31m][0m [1mNG8004: No pipe found with name 'translate'.[0m [1m[35m[plugin angular-compiler][0m

    src/app/features/orders/order-edit-modal/order-edit-modal.component.html:247:37:
[37m      247 â”‚               {{ 'modals.tracking' | [32mtranslate[37m }}
          â•µ                                      [32m~~~~~~~~~[0m

  Error occurs in the template of component OrderEditModalComponent.

    src/app/features/orders/order-edit-modal/order-edit-modal.component.ts:21:15:
[37m      21 â”‚   templateUrl: [32m'./order-edit-modal.component.html'[37m,
         â•µ                [32m~~~~~~~~~~~~~~~~~~~~~~~~~~~~~~~~~~~[0m


[31mâœ˜ [41;31m[[41;97mERROR[41;31m][0m [1mNG8004: No pipe found with name 'translate'.[0m [1m[35m[plugin angular-compiler][0m

    src/app/features/orders/order-edit-modal/order-edit-modal.component.html:252:129:
[37m      252 â”‚ ...00 mb-1">{{ 'common.fields.trackingNumber' | [32mtranslate[37m }}</label>
          â•µ                                                 [32m~~~~~~~~~[0m

  Error occurs in the template of component OrderEditModalComponent.

    src/app/features/orders/order-edit-modal/order-edit-modal.component.ts:21:15:
[37m      21 â”‚   templateUrl: [32m'./order-edit-modal.component.html'[37m,
         â•µ                [32m~~~~~~~~~~~~~~~~~~~~~~~~~~~~~~~~~~~[0m


[31mâœ˜ [41;31m[[41;97mERROR[41;31m][0m [1mNG8004: No pipe found with name 'translate'.[0m [1m[35m[plugin angular-compiler][0m

    src/app/features/orders/order-edit-modal/order-edit-modal.component.html:253:116:
[37m      253 â”‚ ...r" [placeholder]="'common.placeholders.trackingCode' | [32mtranslate[37m"
          â•µ                                                           [32m~~~~~~~~~[0m

  Error occurs in the template of component OrderEditModalComponent.

    src/app/features/orders/order-edit-modal/order-edit-modal.component.ts:21:15:
[37m      21 â”‚   templateUrl: [32m'./order-edit-modal.component.html'[37m,
         â•µ                [32m~~~~~~~~~~~~~~~~~~~~~~~~~~~~~~~~~~~[0m


[31mâœ˜ [41;31m[[41;97mERROR[41;31m][0m [1mNG8004: No pipe found with name 'translate'.[0m [1m[35m[plugin angular-compiler][0m

    src/app/features/orders/order-edit-modal/order-edit-modal.component.html:258:136:
[37m      258 â”‚ ...">{{ 'common.fields.estimatedDeliveryDate' | [32mtranslate[37m }}</label>
          â•µ                                                 [32m~~~~~~~~~[0m

  Error occurs in the template of component OrderEditModalComponent.

    src/app/features/orders/order-edit-modal/order-edit-modal.component.ts:21:15:
[37m      21 â”‚   templateUrl: [32m'./order-edit-modal.component.html'[37m,
         â•µ                [32m~~~~~~~~~~~~~~~~~~~~~~~~~~~~~~~~~~~[0m


[31mâœ˜ [41;31m[[41;97mERROR[41;31m][0m [1mNG8004: No pipe found with name 'translate'.[0m [1m[35m[plugin angular-compiler][0m

    src/app/features/orders/order-edit-modal/order-edit-modal.component.html:269:39:
[37m      269 â”‚           {{ 'common.buttons.cancel' | [32mtranslate[37m }}
          â•µ                                        [32m~~~~~~~~~[0m

  Error occurs in the template of component OrderEditModalComponent.

    src/app/features/orders/order-edit-modal/order-edit-modal.component.ts:21:15:
[37m      21 â”‚   templateUrl: [32m'./order-edit-modal.component.html'[37m,
         â•µ                [32m~~~~~~~~~~~~~~~~~~~~~~~~~~~~~~~~~~~[0m


[31mâœ˜ [41;31m[[41;97mERROR[41;31m][0m [1mNG8004: No pipe found with name 'translate'.[0m [1m[35m[plugin angular-compiler][0m

    src/app/features/orders/order-edit-modal/order-edit-modal.component.html:276:44:
[37m      276 â”‚           {{ 'common.buttons.saveChanges' | [32mtranslate[37m }}
          â•µ                                             [32m~~~~~~~~~[0m

  Error occurs in the template of component OrderEditModalComponent.

    src/app/features/orders/order-edit-modal/order-edit-modal.component.ts:21:15:
[37m      21 â”‚   templateUrl: [32m'./order-edit-modal.component.html'[37m,
         â•µ                [32m~~~~~~~~~~~~~~~~~~~~~~~~~~~~~~~~~~~[0m


[31mâœ˜ [41;31m[[41;97mERROR[41;31m][0m [1mNG8004: No pipe found with name 'translate'.[0m [1m[35m[plugin angular-compiler][0m

    src/app/features/products/product-create-modal/product-create-modal.component.html:1:60:
[37m      1 â”‚ ...tle]="'modals.newProduct' | [32mtranslate[37m" [size]="'lg'" (close)="on...
        â•µ                                [32m~~~~~~~~~[0m

  Error occurs in the template of component ProductCreateModalComponent.

    src/app/features/products/product-create-modal/product-create-modal.component.ts:15:15:
[37m      15 â”‚   templateUrl: [32m'./product-create-modal.component.html'[37m,
         â•µ                [32m~~~~~~~~~~~~~~~~~~~~~~~~~~~~~~~~~~~~~~~[0m


[31mâœ˜ [41;31m[[41;97mERROR[41;31m][0m [1mNG8004: No pipe found with name 'translate'.[0m [1m[35m[plugin angular-compiler][0m

    src/app/features/products/product-create-modal/product-create-modal.component.html:7:51:
[37m      7 â”‚           [label]="'products.fields.productName' | [32mtranslate[37m"
        â•µ                                                    [32m~~~~~~~~~[0m

  Error occurs in the template of component ProductCreateModalComponent.

    src/app/features/products/product-create-modal/product-create-modal.component.ts:15:15:
[37m      15 â”‚   templateUrl: [32m'./product-create-modal.component.html'[37m,
         â•µ                [32m~~~~~~~~~~~~~~~~~~~~~~~~~~~~~~~~~~~~~~~[0m


[31mâœ˜ [41;31m[[41;97mERROR[41;31m][0m [1mNG8004: No pipe found with name 'translate'.[0m [1m[35m[plugin angular-compiler][0m

    src/app/features/products/product-create-modal/product-create-modal.component.html:10:64:
[37m      10 â”‚ ...  [placeholder]="'common.placeholders.exampleProduct' | [32mtranslate[37m"
         â•µ                                                            [32m~~~~~~~~~[0m

  Error occurs in the template of component ProductCreateModalComponent.

    src/app/features/products/product-create-modal/product-create-modal.component.ts:15:15:
[37m      15 â”‚   templateUrl: [32m'./product-create-modal.component.html'[37m,
         â•µ                [32m~~~~~~~~~~~~~~~~~~~~~~~~~~~~~~~~~~~~~~~[0m


[31mâœ˜ [41;31m[[41;97mERROR[41;31m][0m [1mNG8004: No pipe found with name 'translate'.[0m [1m[35m[plugin angular-compiler][0m

    src/app/features/products/product-create-modal/product-create-modal.component.html:17:41:
[37m      17 â”‚         [label]="'products.fields.sku' | [32mtranslate[37m"
         â•µ                                          [32m~~~~~~~~~[0m

  Error occurs in the template of component ProductCreateModalComponent.

    src/app/features/products/product-create-modal/product-create-modal.component.ts:15:15:
[37m      15 â”‚   templateUrl: [32m'./product-create-modal.component.html'[37m,
         â•µ                [32m~~~~~~~~~~~~~~~~~~~~~~~~~~~~~~~~~~~~~~~[0m


[31mâœ˜ [41;31m[[41;97mERROR[41;31m][0m [1mNG8004: No pipe found with name 'translate'.[0m [1m[35m[plugin angular-compiler][0m

    src/app/features/products/product-create-modal/product-create-modal.component.html:20:58:
[37m      20 â”‚         [placeholder]="'common.placeholders.exampleSKU' | [32mtranslate[37m"
         â•µ                                                           [32m~~~~~~~~~[0m

  Error occurs in the template of component ProductCreateModalComponent.

    src/app/features/products/product-create-modal/product-create-modal.component.ts:15:15:
[37m      15 â”‚   templateUrl: [32m'./product-create-modal.component.html'[37m,
         â•µ                [32m~~~~~~~~~~~~~~~~~~~~~~~~~~~~~~~~~~~~~~~[0m


[31mâœ˜ [41;31m[[41;97mERROR[41;31m][0m [1mNG8004: No pipe found with name 'translate'.[0m [1m[35m[plugin angular-compiler][0m

    src/app/features/products/product-create-modal/product-create-modal.component.html:26:45:
[37m      26 â”‚         [label]="'products.fields.barcode' | [32mtranslate[37m"
         â•µ                                              [32m~~~~~~~~~[0m

  Error occurs in the template of component ProductCreateModalComponent.

    src/app/features/products/product-create-modal/product-create-modal.component.ts:15:15:
[37m      15 â”‚   templateUrl: [32m'./product-create-modal.component.html'[37m,
         â•µ                [32m~~~~~~~~~~~~~~~~~~~~~~~~~~~~~~~~~~~~~~~[0m


[31mâœ˜ [41;31m[[41;97mERROR[41;31m][0m [1mNG8004: No pipe found with name 'translate'.[0m [1m[35m[plugin angular-compiler][0m

    src/app/features/products/product-create-modal/product-create-modal.component.html:29:62:
[37m      29 â”‚ ...  [placeholder]="'common.placeholders.exampleBarcode' | [32mtranslate[37m"
         â•µ                                                            [32m~~~~~~~~~[0m

  Error occurs in the template of component ProductCreateModalComponent.

    src/app/features/products/product-create-modal/product-create-modal.component.ts:15:15:
[37m      15 â”‚   templateUrl: [32m'./product-create-modal.component.html'[37m,
         â•µ                [32m~~~~~~~~~~~~~~~~~~~~~~~~~~~~~~~~~~~~~~~[0m


[31mâœ˜ [41;31m[[41;97mERROR[41;31m][0m [1mNG8004: No pipe found with name 'translate'.[0m [1m[35m[plugin angular-compiler][0m

    src/app/features/products/product-create-modal/product-create-modal.component.html:34:124:
[37m      34 â”‚ ...-300 mb-2">{{ 'products.fields.description' | [32mtranslate[37m }}</label>
         â•µ                                                  [32m~~~~~~~~~[0m

  Error occurs in the template of component ProductCreateModalComponent.

    src/app/features/products/product-create-modal/product-create-modal.component.ts:15:15:
[37m      15 â”‚   templateUrl: [32m'./product-create-modal.component.html'[37m,
         â•µ                [32m~~~~~~~~~~~~~~~~~~~~~~~~~~~~~~~~~~~~~~~[0m


[31mâœ˜ [41;31m[[41;97mERROR[41;31m][0m [1mNG8004: No pipe found with name 'translate'.[0m [1m[35m[plugin angular-compiler][0m

    src/app/features/products/product-create-modal/product-create-modal.component.html:38:68:
[37m      38 â”‚ ...laceholder]="'common.placeholders.productDescription' | [32mtranslate[37m"
         â•µ                                                            [32m~~~~~~~~~[0m

  Error occurs in the template of component ProductCreateModalComponent.

    src/app/features/products/product-create-modal/product-create-modal.component.ts:15:15:
[37m      15 â”‚   templateUrl: [32m'./product-create-modal.component.html'[37m,
         â•µ                [32m~~~~~~~~~~~~~~~~~~~~~~~~~~~~~~~~~~~~~~~[0m


[31mâœ˜ [41;31m[[41;97mERROR[41;31m][0m [1mNG8004: No pipe found with name 'translate'.[0m [1m[35m[plugin angular-compiler][0m

    src/app/features/products/product-create-modal/product-create-modal.component.html:45:119:
[37m      45 â”‚ ...'products.fields.weight' | [32mtranslate[37m }} <span class="text-red-5...
         â•µ                               [32m~~~~~~~~~[0m

  Error occurs in the template of component ProductCreateModalComponent.

    src/app/features/products/product-create-modal/product-create-modal.component.ts:15:15:
[37m      15 â”‚   templateUrl: [32m'./product-create-modal.component.html'[37m,
         â•µ                [32m~~~~~~~~~~~~~~~~~~~~~~~~~~~~~~~~~~~~~~~[0m


[31mâœ˜ [41;31m[[41;97mERROR[41;31m][0m [1mNG8004: No pipe found with name 'translate'.[0m [1m[35m[plugin angular-compiler][0m

    src/app/features/products/product-create-modal/product-create-modal.component.html:50:65:
[37m      50 â”‚ ...   [placeholder]="'common.placeholders.exampleWeight' | [32mtranslate[37m"
         â•µ                                                            [32m~~~~~~~~~[0m

  Error occurs in the template of component ProductCreateModalComponent.

    src/app/features/products/product-create-modal/product-create-modal.component.ts:15:15:
[37m      15 â”‚   templateUrl: [32m'./product-create-modal.component.html'[37m,
         â•µ                [32m~~~~~~~~~~~~~~~~~~~~~~~~~~~~~~~~~~~~~~~[0m


[31mâœ˜ [41;31m[[41;97mERROR[41;31m][0m [1mNG8004: No pipe found with name 'translate'.[0m [1m[35m[plugin angular-compiler][0m

    src/app/features/products/product-create-modal/product-create-modal.component.html:66:119:
[37m      66 â”‚ ...slate-300 mb-2">{{ 'products.fields.volume' | [32mtranslate[37m }}</label>
         â•µ                                                  [32m~~~~~~~~~[0m

  Error occurs in the template of component ProductCreateModalComponent.

    src/app/features/products/product-create-modal/product-create-modal.component.ts:15:15:
[37m      15 â”‚   templateUrl: [32m'./product-create-modal.component.html'[37m,
         â•µ                [32m~~~~~~~~~~~~~~~~~~~~~~~~~~~~~~~~~~~~~~~[0m


[31mâœ˜ [41;31m[[41;97mERROR[41;31m][0m [1mNG8004: No pipe found with name 'translate'.[0m [1m[35m[plugin angular-compiler][0m

    src/app/features/products/product-create-modal/product-create-modal.component.html:71:65:
[37m      71 â”‚ ...   [placeholder]="'common.placeholders.exampleWeight' | [32mtranslate[37m"
         â•µ                                                            [32m~~~~~~~~~[0m

  Error occurs in the template of component ProductCreateModalComponent.

    src/app/features/products/product-create-modal/product-create-modal.component.ts:15:15:
[37m      15 â”‚   templateUrl: [32m'./product-create-modal.component.html'[37m,
         â•µ                [32m~~~~~~~~~~~~~~~~~~~~~~~~~~~~~~~~~~~~~~~[0m


[31mâœ˜ [41;31m[[41;97mERROR[41;31m][0m [1mNG8004: No pipe found with name 'translate'.[0m [1m[35m[plugin angular-compiler][0m

    src/app/features/products/product-create-modal/product-create-modal.component.html:86:121:
[37m      86 â”‚ ...ate-300 mb-2">{{ 'common.fields.dimensions' | [32mtranslate[37m }}</label>
         â•µ                                                  [32m~~~~~~~~~[0m

  Error occurs in the template of component ProductCreateModalComponent.

    src/app/features/products/product-create-modal/product-create-modal.component.ts:15:15:
[37m      15 â”‚   templateUrl: [32m'./product-create-modal.component.html'[37m,
         â•µ                [32m~~~~~~~~~~~~~~~~~~~~~~~~~~~~~~~~~~~~~~~[0m


[31mâœ˜ [41;31m[[41;97mERROR[41;31m][0m [1mNG8004: No pipe found with name 'translate'.[0m [1m[35m[plugin angular-compiler][0m

    src/app/features/products/product-create-modal/product-create-modal.component.html:91:52:
[37m      91 â”‚             [placeholder]="'common.fields.length' | [32mtranslate[37m"
         â•µ                                                     [32m~~~~~~~~~[0m

  Error occurs in the template of component ProductCreateModalComponent.

    src/app/features/products/product-create-modal/product-create-modal.component.ts:15:15:
[37m      15 â”‚   templateUrl: [32m'./product-create-modal.component.html'[37m,
         â•µ                [32m~~~~~~~~~~~~~~~~~~~~~~~~~~~~~~~~~~~~~~~[0m


[31mâœ˜ [41;31m[[41;97mERROR[41;31m][0m [1mNG8004: No pipe found with name 'translate'.[0m [1m[35m[plugin angular-compiler][0m

    src/app/features/products/product-create-modal/product-create-modal.component.html:97:51:
[37m      97 â”‚             [placeholder]="'common.fields.width' | [32mtranslate[37m"
         â•µ                                                    [32m~~~~~~~~~[0m

  Error occurs in the template of component ProductCreateModalComponent.

    src/app/features/products/product-create-modal/product-create-modal.component.ts:15:15:
[37m      15 â”‚   templateUrl: [32m'./product-create-modal.component.html'[37m,
         â•µ                [32m~~~~~~~~~~~~~~~~~~~~~~~~~~~~~~~~~~~~~~~[0m


[31mâœ˜ [41;31m[[41;97mERROR[41;31m][0m [1mNG8004: No pipe found with name 'translate'.[0m [1m[35m[plugin angular-compiler][0m

    src/app/features/products/product-create-modal/product-create-modal.component.html:103:52:
[37m      103 â”‚             [placeholder]="'common.fields.height' | [32mtranslate[37m"
          â•µ                                                     [32m~~~~~~~~~[0m

  Error occurs in the template of component ProductCreateModalComponent.

    src/app/features/products/product-create-modal/product-create-modal.component.ts:15:15:
[37m      15 â”‚   templateUrl: [32m'./product-create-modal.component.html'[37m,
         â•µ                [32m~~~~~~~~~~~~~~~~~~~~~~~~~~~~~~~~~~~~~~~[0m


[31mâœ˜ [41;31m[[41;97mERROR[41;31m][0m [1mNG8004: No pipe found with name 'translate'.[0m [1m[35m[plugin angular-compiler][0m

    src/app/features/products/product-create-modal/product-create-modal.component.html:125:110:
[37m      125 â”‚ ...0">{{ 'products.fields.requiresLotTracking' | [32mtranslate[37m }}</span>
          â•µ                                                  [32m~~~~~~~~~[0m

  Error occurs in the template of component ProductCreateModalComponent.

    src/app/features/products/product-create-modal/product-create-modal.component.ts:15:15:
[37m      15 â”‚   templateUrl: [32m'./product-create-modal.component.html'[37m,
         â•µ                [32m~~~~~~~~~~~~~~~~~~~~~~~~~~~~~~~~~~~~~~~[0m


[31mâœ˜ [41;31m[[41;97mERROR[41;31m][0m [1mNG8004: No pipe found with name 'translate'.[0m [1m[35m[plugin angular-compiler][0m

    src/app/features/products/product-create-modal/product-create-modal.component.html:134:113:
[37m      134 â”‚ ...{{ 'products.fields.requiresSerialTracking' | [32mtranslate[37m }}</span>
          â•µ                                                  [32m~~~~~~~~~[0m

  Error occurs in the template of component ProductCreateModalComponent.

    src/app/features/products/product-create-modal/product-create-modal.component.ts:15:15:
[37m      15 â”‚   templateUrl: [32m'./product-create-modal.component.html'[37m,
         â•µ                [32m~~~~~~~~~~~~~~~~~~~~~~~~~~~~~~~~~~~~~~~[0m


[31mâœ˜ [41;31m[[41;97mERROR[41;31m][0m [1mNG8004: No pipe found with name 'translate'.[0m [1m[35m[plugin angular-compiler][0m

    src/app/features/products/product-create-modal/product-create-modal.component.html:143:101:
[37m      143 â”‚ ...-slate-300">{{ 'products.fields.perishable' | [32mtranslate[37m }}</span>
          â•µ                                                  [32m~~~~~~~~~[0m

  Error occurs in the template of component ProductCreateModalComponent.

    src/app/features/products/product-create-modal/product-create-modal.component.ts:15:15:
[37m      15 â”‚   templateUrl: [32m'./product-create-modal.component.html'[37m,
         â•µ                [32m~~~~~~~~~~~~~~~~~~~~~~~~~~~~~~~~~~~~~~~[0m


[31mâœ˜ [41;31m[[41;97mERROR[41;31m][0m [1mNG8004: No pipe found with name 'translate'.[0m [1m[35m[plugin angular-compiler][0m

    src/app/features/products/product-create-modal/product-create-modal.component.html:150:53:
[37m      150 â”‚           [label]="'products.fields.shelfLifeDays' | [32mtranslate[37m"
          â•µ                                                      [32m~~~~~~~~~[0m

  Error occurs in the template of component ProductCreateModalComponent.

    src/app/features/products/product-create-modal/product-create-modal.component.ts:15:15:
[37m      15 â”‚   templateUrl: [32m'./product-create-modal.component.html'[37m,
         â•µ                [32m~~~~~~~~~~~~~~~~~~~~~~~~~~~~~~~~~~~~~~~[0m


[31mâœ˜ [41;31m[[41;97mERROR[41;31m][0m [1mNG8004: No pipe found with name 'translate'.[0m [1m[35m[plugin angular-compiler][0m

    src/app/features/products/product-create-modal/product-create-modal.component.html:153:65:
[37m      153 â”‚ ...[placeholder]="'common.placeholders.exampleValidity' | [32mtranslate[37m"
          â•µ                                                           [32m~~~~~~~~~[0m

  Error occurs in the template of component ProductCreateModalComponent.

    src/app/features/products/product-create-modal/product-create-modal.component.ts:15:15:
[37m      15 â”‚   templateUrl: [32m'./product-create-modal.component.html'[37m,
         â•µ                [32m~~~~~~~~~~~~~~~~~~~~~~~~~~~~~~~~~~~~~~~[0m


[31mâœ˜ [41;31m[[41;97mERROR[41;31m][0m [1mNG8004: No pipe found with name 'translate'.[0m [1m[35m[plugin angular-compiler][0m

    src/app/features/products/product-create-modal/product-create-modal.component.html:160:50:
[37m      160 â”‚         [label]="'products.fields.minimumStock' | [32mtranslate[37m"
          â•µ                                                   [32m~~~~~~~~~[0m

  Error occurs in the template of component ProductCreateModalComponent.

    src/app/features/products/product-create-modal/product-create-modal.component.ts:15:15:
[37m      15 â”‚   templateUrl: [32m'./product-create-modal.component.html'[37m,
         â•µ                [32m~~~~~~~~~~~~~~~~~~~~~~~~~~~~~~~~~~~~~~~[0m


[31mâœ˜ [41;31m[[41;97mERROR[41;31m][0m [1mNG8004: No pipe found with name 'translate'.[0m [1m[35m[plugin angular-compiler][0m

    src/app/features/products/product-create-modal/product-create-modal.component.html:163:60:
[37m      163 â”‚ ...   [placeholder]="'common.placeholders.exampleStock' | [32mtranslate[37m"
          â•µ                                                           [32m~~~~~~~~~[0m

  Error occurs in the template of component ProductCreateModalComponent.

    src/app/features/products/product-create-modal/product-create-modal.component.ts:15:15:
[37m      15 â”‚   templateUrl: [32m'./product-create-modal.component.html'[37m,
         â•µ                [32m~~~~~~~~~~~~~~~~~~~~~~~~~~~~~~~~~~~~~~~[0m


[31mâœ˜ [41;31m[[41;97mERROR[41;31m][0m [1mNG8004: No pipe found with name 'translate'.[0m [1m[35m[plugin angular-compiler][0m

    src/app/features/products/product-create-modal/product-create-modal.component.html:168:49:
[37m      168 â”‚         [label]="'products.fields.safetyStock' | [32mtranslate[37m"
          â•µ                                                  [32m~~~~~~~~~[0m

  Error occurs in the template of component ProductCreateModalComponent.

    src/app/features/products/product-create-modal/product-create-modal.component.ts:15:15:
[37m      15 â”‚   templateUrl: [32m'./product-create-modal.component.html'[37m,
         â•µ                [32m~~~~~~~~~~~~~~~~~~~~~~~~~~~~~~~~~~~~~~~[0m


[31mâœ˜ [41;31m[[41;97mERROR[41;31m][0m [1mNG8004: No pipe found with name 'translate'.[0m [1m[35m[plugin angular-compiler][0m

    src/app/features/products/product-create-modal/product-create-modal.component.html:171:60:
[37m      171 â”‚ ...   [placeholder]="'common.placeholders.exampleStock' | [32mtranslate[37m"
          â•µ                                                           [32m~~~~~~~~~[0m

  Error occurs in the template of component ProductCreateModalComponent.

    src/app/features/products/product-create-modal/product-create-modal.component.ts:15:15:
[37m      15 â”‚   templateUrl: [32m'./product-create-modal.component.html'[37m,
         â•µ                [32m~~~~~~~~~~~~~~~~~~~~~~~~~~~~~~~~~~~~~~~[0m


[31mâœ˜ [41;31m[[41;97mERROR[41;31m][0m [1mNG8004: No pipe found with name 'translate'.[0m [1m[35m[plugin angular-compiler][0m

    src/app/features/products/product-create-modal/product-create-modal.component.html:176:130:
[37m      176 â”‚ ...-2">{{ 'products.fields.abcClassification' | [32mtranslate[37m }}</label>
          â•µ                                                 [32m~~~~~~~~~[0m

  Error occurs in the template of component ProductCreateModalComponent.

    src/app/features/products/product-create-modal/product-create-modal.component.ts:15:15:
[37m      15 â”‚   templateUrl: [32m'./product-create-modal.component.html'[37m,
         â•µ                [32m~~~~~~~~~~~~~~~~~~~~~~~~~~~~~~~~~~~~~~~[0m


[31mâœ˜ [41;31m[[41;97mERROR[41;31m][0m [1mNG8004: No pipe found with name 'translate'.[0m [1m[35m[plugin angular-compiler][0m

    src/app/features/products/product-create-modal/product-create-modal.component.html:181:64:
[37m      181 â”‚ ...lue="A">{{ 'products.fields.highTurnover' | [32mtranslate[37m }}</option>
          â•µ                                                [32m~~~~~~~~~[0m

  Error occurs in the template of component ProductCreateModalComponent.

    src/app/features/products/product-create-modal/product-create-modal.component.ts:15:15:
[37m      15 â”‚   templateUrl: [32m'./product-create-modal.component.html'[37m,
         â•µ                [32m~~~~~~~~~~~~~~~~~~~~~~~~~~~~~~~~~~~~~~~[0m


[31mâœ˜ [41;31m[[41;97mERROR[41;31m][0m [1mNG8004: No pipe found with name 'translate'.[0m [1m[35m[plugin angular-compiler][0m

    src/app/features/products/product-create-modal/product-create-modal.component.html:182:66:
[37m      182 â”‚ ...e="B">{{ 'products.fields.mediumTurnover' | [32mtranslate[37m }}</option>
          â•µ                                                [32m~~~~~~~~~[0m

  Error occurs in the template of component ProductCreateModalComponent.

    src/app/features/products/product-create-modal/product-create-modal.component.ts:15:15:
[37m      15 â”‚   templateUrl: [32m'./product-create-modal.component.html'[37m,
         â•µ                [32m~~~~~~~~~~~~~~~~~~~~~~~~~~~~~~~~~~~~~~~[0m


[31mâœ˜ [41;31m[[41;97mERROR[41;31m][0m [1mNG8004: No pipe found with name 'translate'.[0m [1m[35m[plugin angular-compiler][0m

    src/app/features/products/product-create-modal/product-create-modal.component.html:183:63:
[37m      183 â”‚ ...alue="C">{{ 'products.fields.lowTurnover' | [32mtranslate[37m }}</option>
          â•µ                                                [32m~~~~~~~~~[0m

  Error occurs in the template of component ProductCreateModalComponent.

    src/app/features/products/product-create-modal/product-create-modal.component.ts:15:15:
[37m      15 â”‚   templateUrl: [32m'./product-create-modal.component.html'[37m,
         â•µ                [32m~~~~~~~~~~~~~~~~~~~~~~~~~~~~~~~~~~~~~~~[0m


[31mâœ˜ [41;31m[[41;97mERROR[41;31m][0m [1mNG8004: No pipe found with name 'translate'.[0m [1m[35m[plugin angular-compiler][0m

    src/app/features/products/product-create-modal/product-create-modal.component.html:196:37:
[37m      196 â”‚         {{ 'common.buttons.cancel' | [32mtranslate[37m }}
          â•µ                                      [32m~~~~~~~~~[0m

  Error occurs in the template of component ProductCreateModalComponent.

    src/app/features/products/product-create-modal/product-create-modal.component.ts:15:15:
[37m      15 â”‚   templateUrl: [32m'./product-create-modal.component.html'[37m,
         â•µ                [32m~~~~~~~~~~~~~~~~~~~~~~~~~~~~~~~~~~~~~~~[0m


[31mâœ˜ [41;31m[[41;97mERROR[41;31m][0m [1mNG8004: No pipe found with name 'translate'.[0m [1m[35m[plugin angular-compiler][0m

    src/app/features/products/product-create-modal/product-create-modal.component.html:208:31:
[37m      208 â”‚           {{ 'common.saving' | [32mtranslate[37m }}
          â•µ                                [32m~~~~~~~~~[0m

  Error occurs in the template of component ProductCreateModalComponent.

    src/app/features/products/product-create-modal/product-create-modal.component.ts:15:15:
[37m      15 â”‚   templateUrl: [32m'./product-create-modal.component.html'[37m,
         â•µ                [32m~~~~~~~~~~~~~~~~~~~~~~~~~~~~~~~~~~~~~~~[0m


[31mâœ˜ [41;31m[[41;97mERROR[41;31m][0m [1mNG8004: No pipe found with name 'translate'.[0m [1m[35m[plugin angular-compiler][0m

    src/app/features/products/product-create-modal/product-create-modal.component.html:210:46:
[37m      210 â”‚           {{ 'common.buttons.createProduct' | [32mtranslate[37m }}
          â•µ                                               [32m~~~~~~~~~[0m

  Error occurs in the template of component ProductCreateModalComponent.

    src/app/features/products/product-create-modal/product-create-modal.component.ts:15:15:
[37m      15 â”‚   templateUrl: [32m'./product-create-modal.component.html'[37m,
         â•µ                [32m~~~~~~~~~~~~~~~~~~~~~~~~~~~~~~~~~~~~~~~[0m


[31mâœ˜ [41;31m[[41;97mERROR[41;31m][0m [1mNG8004: No pipe found with name 'translate'.[0m [1m[35m[plugin angular-compiler][0m

    src/app/features/products/product-edit-modal/product-edit-modal.component.html:1:63:
[37m      1 â”‚ ...]="'products.editProduct' | [32mtranslate[37m" [size]="'lg'" (close)="on...
        â•µ                                [32m~~~~~~~~~[0m

  Error occurs in the template of component ProductEditModalComponent.

    src/app/features/products/product-edit-modal/product-edit-modal.component.ts:14:15:
[37m      14 â”‚   templateUrl: [32m'./product-edit-modal.component.html'[37m,
         â•µ                [32m~~~~~~~~~~~~~~~~~~~~~~~~~~~~~~~~~~~~~[0m


[31mâœ˜ [41;31m[[41;97mERROR[41;31m][0m [1mNG8004: No pipe found with name 'translate'.[0m [1m[35m[plugin angular-compiler][0m

    src/app/features/products/product-edit-modal/product-edit-modal.component.html:7:51:
[37m      7 â”‚           [label]="'products.fields.productName' | [32mtranslate[37m"
        â•µ                                                    [32m~~~~~~~~~[0m

  Error occurs in the template of component ProductEditModalComponent.

    src/app/features/products/product-edit-modal/product-edit-modal.component.ts:14:15:
[37m      14 â”‚   templateUrl: [32m'./product-edit-modal.component.html'[37m,
         â•µ                [32m~~~~~~~~~~~~~~~~~~~~~~~~~~~~~~~~~~~~~[0m


[31mâœ˜ [41;31m[[41;97mERROR[41;31m][0m [1mNG8004: No pipe found with name 'translate'.[0m [1m[35m[plugin angular-compiler][0m

    src/app/features/products/product-edit-modal/product-edit-modal.component.html:10:64:
[37m      10 â”‚ ...  [placeholder]="'common.placeholders.exampleProduct' | [32mtranslate[37m"
         â•µ                                                            [32m~~~~~~~~~[0m

  Error occurs in the template of component ProductEditModalComponent.

    src/app/features/products/product-edit-modal/product-edit-modal.component.ts:14:15:
[37m      14 â”‚   templateUrl: [32m'./product-edit-modal.component.html'[37m,
         â•µ                [32m~~~~~~~~~~~~~~~~~~~~~~~~~~~~~~~~~~~~~[0m


[31mâœ˜ [41;31m[[41;97mERROR[41;31m][0m [1mNG8004: No pipe found with name 'translate'.[0m [1m[35m[plugin angular-compiler][0m

    src/app/features/products/product-edit-modal/product-edit-modal.component.html:17:41:
[37m      17 â”‚         [label]="'products.fields.sku' | [32mtranslate[37m"
         â•µ                                          [32m~~~~~~~~~[0m

  Error occurs in the template of component ProductEditModalComponent.

    src/app/features/products/product-edit-modal/product-edit-modal.component.ts:14:15:
[37m      14 â”‚   templateUrl: [32m'./product-edit-modal.component.html'[37m,
         â•µ                [32m~~~~~~~~~~~~~~~~~~~~~~~~~~~~~~~~~~~~~[0m


[31mâœ˜ [41;31m[[41;97mERROR[41;31m][0m [1mNG8004: No pipe found with name 'translate'.[0m [1m[35m[plugin angular-compiler][0m

    src/app/features/products/product-edit-modal/product-edit-modal.component.html:20:58:
[37m      20 â”‚         [placeholder]="'common.placeholders.exampleSKU' | [32mtranslate[37m"
         â•µ                                                           [32m~~~~~~~~~[0m

  Error occurs in the template of component ProductEditModalComponent.

    src/app/features/products/product-edit-modal/product-edit-modal.component.ts:14:15:
[37m      14 â”‚   templateUrl: [32m'./product-edit-modal.component.html'[37m,
         â•µ                [32m~~~~~~~~~~~~~~~~~~~~~~~~~~~~~~~~~~~~~[0m


[31mâœ˜ [41;31m[[41;97mERROR[41;31m][0m [1mNG8004: No pipe found with name 'translate'.[0m [1m[35m[plugin angular-compiler][0m

    src/app/features/products/product-edit-modal/product-edit-modal.component.html:26:45:
[37m      26 â”‚         [label]="'products.fields.barcode' | [32mtranslate[37m"
         â•µ                                              [32m~~~~~~~~~[0m

  Error occurs in the template of component ProductEditModalComponent.

    src/app/features/products/product-edit-modal/product-edit-modal.component.ts:14:15:
[37m      14 â”‚   templateUrl: [32m'./product-edit-modal.component.html'[37m,
         â•µ                [32m~~~~~~~~~~~~~~~~~~~~~~~~~~~~~~~~~~~~~[0m


[31mâœ˜ [41;31m[[41;97mERROR[41;31m][0m [1mNG8004: No pipe found with name 'translate'.[0m [1m[35m[plugin angular-compiler][0m

    src/app/features/products/product-edit-modal/product-edit-modal.component.html:29:62:
[37m      29 â”‚ ...  [placeholder]="'common.placeholders.exampleBarcode' | [32mtranslate[37m"
         â•µ                                                            [32m~~~~~~~~~[0m

  Error occurs in the template of component ProductEditModalComponent.

    src/app/features/products/product-edit-modal/product-edit-modal.component.ts:14:15:
[37m      14 â”‚   templateUrl: [32m'./product-edit-modal.component.html'[37m,
         â•µ                [32m~~~~~~~~~~~~~~~~~~~~~~~~~~~~~~~~~~~~~[0m


[31mâœ˜ [41;31m[[41;97mERROR[41;31m][0m [1mNG8004: No pipe found with name 'translate'.[0m [1m[35m[plugin angular-compiler][0m

    src/app/features/products/product-edit-modal/product-edit-modal.component.html:34:124:
[37m      34 â”‚ ...-300 mb-2">{{ 'products.fields.description' | [32mtranslate[37m }}</label>
         â•µ                                                  [32m~~~~~~~~~[0m

  Error occurs in the template of component ProductEditModalComponent.

    src/app/features/products/product-edit-modal/product-edit-modal.component.ts:14:15:
[37m      14 â”‚   templateUrl: [32m'./product-edit-modal.component.html'[37m,
         â•µ                [32m~~~~~~~~~~~~~~~~~~~~~~~~~~~~~~~~~~~~~[0m


[31mâœ˜ [41;31m[[41;97mERROR[41;31m][0m [1mNG8004: No pipe found with name 'translate'.[0m [1m[35m[plugin angular-compiler][0m

    src/app/features/products/product-edit-modal/product-edit-modal.component.html:38:68:
[37m      38 â”‚ ...laceholder]="'common.placeholders.productDescription' | [32mtranslate[37m"
         â•µ                                                            [32m~~~~~~~~~[0m

  Error occurs in the template of component ProductEditModalComponent.

    src/app/features/products/product-edit-modal/product-edit-modal.component.ts:14:15:
[37m      14 â”‚   templateUrl: [32m'./product-edit-modal.component.html'[37m,
         â•µ                [32m~~~~~~~~~~~~~~~~~~~~~~~~~~~~~~~~~~~~~[0m


[31mâœ˜ [41;31m[[41;97mERROR[41;31m][0m [1mNG8004: No pipe found with name 'translate'.[0m [1m[35m[plugin angular-compiler][0m

    src/app/features/products/product-edit-modal/product-edit-modal.component.html:45:119:
[37m      45 â”‚ ...'products.fields.weight' | [32mtranslate[37m }} <span class="text-red-5...
         â•µ                               [32m~~~~~~~~~[0m

  Error occurs in the template of component ProductEditModalComponent.

    src/app/features/products/product-edit-modal/product-edit-modal.component.ts:14:15:
[37m      14 â”‚   templateUrl: [32m'./product-edit-modal.component.html'[37m,
         â•µ                [32m~~~~~~~~~~~~~~~~~~~~~~~~~~~~~~~~~~~~~[0m


[31mâœ˜ [41;31m[[41;97mERROR[41;31m][0m [1mNG8004: No pipe found with name 'translate'.[0m [1m[35m[plugin angular-compiler][0m

    src/app/features/products/product-edit-modal/product-edit-modal.component.html:50:65:
[37m      50 â”‚ ...   [placeholder]="'common.placeholders.exampleWeight' | [32mtranslate[37m"
         â•µ                                                            [32m~~~~~~~~~[0m

  Error occurs in the template of component ProductEditModalComponent.

    src/app/features/products/product-edit-modal/product-edit-modal.component.ts:14:15:
[37m      14 â”‚   templateUrl: [32m'./product-edit-modal.component.html'[37m,
         â•µ                [32m~~~~~~~~~~~~~~~~~~~~~~~~~~~~~~~~~~~~~[0m


[31mâœ˜ [41;31m[[41;97mERROR[41;31m][0m [1mNG8004: No pipe found with name 'translate'.[0m [1m[35m[plugin angular-compiler][0m

    src/app/features/products/product-edit-modal/product-edit-modal.component.html:66:119:
[37m      66 â”‚ ...slate-300 mb-2">{{ 'products.fields.volume' | [32mtranslate[37m }}</label>
         â•µ                                                  [32m~~~~~~~~~[0m

  Error occurs in the template of component ProductEditModalComponent.

    src/app/features/products/product-edit-modal/product-edit-modal.component.ts:14:15:
[37m      14 â”‚   templateUrl: [32m'./product-edit-modal.component.html'[37m,
         â•µ                [32m~~~~~~~~~~~~~~~~~~~~~~~~~~~~~~~~~~~~~[0m


[31mâœ˜ [41;31m[[41;97mERROR[41;31m][0m [1mNG8004: No pipe found with name 'translate'.[0m [1m[35m[plugin angular-compiler][0m

    src/app/features/products/product-edit-modal/product-edit-modal.component.html:71:65:
[37m      71 â”‚ ...   [placeholder]="'common.placeholders.exampleWeight' | [32mtranslate[37m"
         â•µ                                                            [32m~~~~~~~~~[0m

  Error occurs in the template of component ProductEditModalComponent.

    src/app/features/products/product-edit-modal/product-edit-modal.component.ts:14:15:
[37m      14 â”‚   templateUrl: [32m'./product-edit-modal.component.html'[37m,
         â•µ                [32m~~~~~~~~~~~~~~~~~~~~~~~~~~~~~~~~~~~~~[0m


[31mâœ˜ [41;31m[[41;97mERROR[41;31m][0m [1mNG8004: No pipe found with name 'translate'.[0m [1m[35m[plugin angular-compiler][0m

    src/app/features/products/product-edit-modal/product-edit-modal.component.html:86:121:
[37m      86 â”‚ ...ate-300 mb-2">{{ 'common.fields.dimensions' | [32mtranslate[37m }}</label>
         â•µ                                                  [32m~~~~~~~~~[0m

  Error occurs in the template of component ProductEditModalComponent.

    src/app/features/products/product-edit-modal/product-edit-modal.component.ts:14:15:
[37m      14 â”‚   templateUrl: [32m'./product-edit-modal.component.html'[37m,
         â•µ                [32m~~~~~~~~~~~~~~~~~~~~~~~~~~~~~~~~~~~~~[0m


[31mâœ˜ [41;31m[[41;97mERROR[41;31m][0m [1mNG8004: No pipe found with name 'translate'.[0m [1m[35m[plugin angular-compiler][0m

    src/app/features/products/product-edit-modal/product-edit-modal.component.html:91:52:
[37m      91 â”‚             [placeholder]="'common.fields.length' | [32mtranslate[37m"
         â•µ                                                     [32m~~~~~~~~~[0m

  Error occurs in the template of component ProductEditModalComponent.

    src/app/features/products/product-edit-modal/product-edit-modal.component.ts:14:15:
[37m      14 â”‚   templateUrl: [32m'./product-edit-modal.component.html'[37m,
         â•µ                [32m~~~~~~~~~~~~~~~~~~~~~~~~~~~~~~~~~~~~~[0m


[31mâœ˜ [41;31m[[41;97mERROR[41;31m][0m [1mNG8004: No pipe found with name 'translate'.[0m [1m[35m[plugin angular-compiler][0m

    src/app/features/products/product-edit-modal/product-edit-modal.component.html:97:51:
[37m      97 â”‚             [placeholder]="'common.fields.width' | [32mtranslate[37m"
         â•µ                                                    [32m~~~~~~~~~[0m

  Error occurs in the template of component ProductEditModalComponent.

    src/app/features/products/product-edit-modal/product-edit-modal.component.ts:14:15:
[37m      14 â”‚   templateUrl: [32m'./product-edit-modal.component.html'[37m,
         â•µ                [32m~~~~~~~~~~~~~~~~~~~~~~~~~~~~~~~~~~~~~[0m


[31mâœ˜ [41;31m[[41;97mERROR[41;31m][0m [1mNG8004: No pipe found with name 'translate'.[0m [1m[35m[plugin angular-compiler][0m

    src/app/features/products/product-edit-modal/product-edit-modal.component.html:103:52:
[37m      103 â”‚             [placeholder]="'common.fields.height' | [32mtranslate[37m"
          â•µ                                                     [32m~~~~~~~~~[0m

  Error occurs in the template of component ProductEditModalComponent.

    src/app/features/products/product-edit-modal/product-edit-modal.component.ts:14:15:
[37m      14 â”‚   templateUrl: [32m'./product-edit-modal.component.html'[37m,
         â•µ                [32m~~~~~~~~~~~~~~~~~~~~~~~~~~~~~~~~~~~~~[0m


[31mâœ˜ [41;31m[[41;97mERROR[41;31m][0m [1mNG8004: No pipe found with name 'translate'.[0m [1m[35m[plugin angular-compiler][0m

    src/app/features/products/product-edit-modal/product-edit-modal.component.html:125:110:
[37m      125 â”‚ ...0">{{ 'products.fields.requiresLotTracking' | [32mtranslate[37m }}</span>
          â•µ                                                  [32m~~~~~~~~~[0m

  Error occurs in the template of component ProductEditModalComponent.

    src/app/features/products/product-edit-modal/product-edit-modal.component.ts:14:15:
[37m      14 â”‚   templateUrl: [32m'./product-edit-modal.component.html'[37m,
         â•µ                [32m~~~~~~~~~~~~~~~~~~~~~~~~~~~~~~~~~~~~~[0m


[31mâœ˜ [41;31m[[41;97mERROR[41;31m][0m [1mNG8004: No pipe found with name 'translate'.[0m [1m[35m[plugin angular-compiler][0m

    src/app/features/products/product-edit-modal/product-edit-modal.component.html:134:113:
[37m      134 â”‚ ...{{ 'products.fields.requiresSerialTracking' | [32mtranslate[37m }}</span>
          â•µ                                                  [32m~~~~~~~~~[0m

  Error occurs in the template of component ProductEditModalComponent.

    src/app/features/products/product-edit-modal/product-edit-modal.component.ts:14:15:
[37m      14 â”‚   templateUrl: [32m'./product-edit-modal.component.html'[37m,
         â•µ                [32m~~~~~~~~~~~~~~~~~~~~~~~~~~~~~~~~~~~~~[0m


[31mâœ˜ [41;31m[[41;97mERROR[41;31m][0m [1mNG8004: No pipe found with name 'translate'.[0m [1m[35m[plugin angular-compiler][0m

    src/app/features/products/product-edit-modal/product-edit-modal.component.html:143:101:
[37m      143 â”‚ ...-slate-300">{{ 'products.fields.perishable' | [32mtranslate[37m }}</span>
          â•µ                                                  [32m~~~~~~~~~[0m

  Error occurs in the template of component ProductEditModalComponent.

    src/app/features/products/product-edit-modal/product-edit-modal.component.ts:14:15:
[37m      14 â”‚   templateUrl: [32m'./product-edit-modal.component.html'[37m,
         â•µ                [32m~~~~~~~~~~~~~~~~~~~~~~~~~~~~~~~~~~~~~[0m


[31mâœ˜ [41;31m[[41;97mERROR[41;31m][0m [1mNG8004: No pipe found with name 'translate'.[0m [1m[35m[plugin angular-compiler][0m

    src/app/features/products/product-edit-modal/product-edit-modal.component.html:152:97:
[37m      152 â”‚ ...text-slate-300">{{ 'products.activeProduct' | [32mtranslate[37m }}</span>
          â•µ                                                  [32m~~~~~~~~~[0m

  Error occurs in the template of component ProductEditModalComponent.

    src/app/features/products/product-edit-modal/product-edit-modal.component.ts:14:15:
[37m      14 â”‚   templateUrl: [32m'./product-edit-modal.component.html'[37m,
         â•µ                [32m~~~~~~~~~~~~~~~~~~~~~~~~~~~~~~~~~~~~~[0m


[31mâœ˜ [41;31m[[41;97mERROR[41;31m][0m [1mNG8004: No pipe found with name 'translate'.[0m [1m[35m[plugin angular-compiler][0m

    src/app/features/products/product-edit-modal/product-edit-modal.component.html:159:53:
[37m      159 â”‚           [label]="'products.fields.shelfLifeDays' | [32mtranslate[37m"
          â•µ                                                      [32m~~~~~~~~~[0m

  Error occurs in the template of component ProductEditModalComponent.

    src/app/features/products/product-edit-modal/product-edit-modal.component.ts:14:15:
[37m      14 â”‚   templateUrl: [32m'./product-edit-modal.component.html'[37m,
         â•µ                [32m~~~~~~~~~~~~~~~~~~~~~~~~~~~~~~~~~~~~~[0m


[31mâœ˜ [41;31m[[41;97mERROR[41;31m][0m [1mNG8004: No pipe found with name 'translate'.[0m [1m[35m[plugin angular-compiler][0m

    src/app/features/products/product-edit-modal/product-edit-modal.component.html:162:65:
[37m      162 â”‚ ...[placeholder]="'common.placeholders.exampleValidity' | [32mtranslate[37m"
          â•µ                                                           [32m~~~~~~~~~[0m

  Error occurs in the template of component ProductEditModalComponent.

    src/app/features/products/product-edit-modal/product-edit-modal.component.ts:14:15:
[37m      14 â”‚   templateUrl: [32m'./product-edit-modal.component.html'[37m,
         â•µ                [32m~~~~~~~~~~~~~~~~~~~~~~~~~~~~~~~~~~~~~[0m


[31mâœ˜ [41;31m[[41;97mERROR[41;31m][0m [1mNG8004: No pipe found with name 'translate'.[0m [1m[35m[plugin angular-compiler][0m

    src/app/features/products/product-edit-modal/product-edit-modal.component.html:169:50:
[37m      169 â”‚         [label]="'products.fields.minimumStock' | [32mtranslate[37m"
          â•µ                                                   [32m~~~~~~~~~[0m

  Error occurs in the template of component ProductEditModalComponent.

    src/app/features/products/product-edit-modal/product-edit-modal.component.ts:14:15:
[37m      14 â”‚   templateUrl: [32m'./product-edit-modal.component.html'[37m,
         â•µ                [32m~~~~~~~~~~~~~~~~~~~~~~~~~~~~~~~~~~~~~[0m


[31mâœ˜ [41;31m[[41;97mERROR[41;31m][0m [1mNG8004: No pipe found with name 'translate'.[0m [1m[35m[plugin angular-compiler][0m

    src/app/features/products/product-edit-modal/product-edit-modal.component.html:172:60:
[37m      172 â”‚ ...   [placeholder]="'common.placeholders.exampleStock' | [32mtranslate[37m"
          â•µ                                                           [32m~~~~~~~~~[0m

  Error occurs in the template of component ProductEditModalComponent.

    src/app/features/products/product-edit-modal/product-edit-modal.component.ts:14:15:
[37m      14 â”‚   templateUrl: [32m'./product-edit-modal.component.html'[37m,
         â•µ                [32m~~~~~~~~~~~~~~~~~~~~~~~~~~~~~~~~~~~~~[0m


[31mâœ˜ [41;31m[[41;97mERROR[41;31m][0m [1mNG8004: No pipe found with name 'translate'.[0m [1m[35m[plugin angular-compiler][0m

    src/app/features/products/product-edit-modal/product-edit-modal.component.html:177:49:
[37m      177 â”‚         [label]="'products.fields.safetyStock' | [32mtranslate[37m"
          â•µ                                                  [32m~~~~~~~~~[0m

  Error occurs in the template of component ProductEditModalComponent.

    src/app/features/products/product-edit-modal/product-edit-modal.component.ts:14:15:
[37m      14 â”‚   templateUrl: [32m'./product-edit-modal.component.html'[37m,
         â•µ                [32m~~~~~~~~~~~~~~~~~~~~~~~~~~~~~~~~~~~~~[0m


[31mâœ˜ [41;31m[[41;97mERROR[41;31m][0m [1mNG8004: No pipe found with name 'translate'.[0m [1m[35m[plugin angular-compiler][0m

    src/app/features/products/product-edit-modal/product-edit-modal.component.html:180:60:
[37m      180 â”‚ ...   [placeholder]="'common.placeholders.exampleStock' | [32mtranslate[37m"
          â•µ                                                           [32m~~~~~~~~~[0m

  Error occurs in the template of component ProductEditModalComponent.

    src/app/features/products/product-edit-modal/product-edit-modal.component.ts:14:15:
[37m      14 â”‚   templateUrl: [32m'./product-edit-modal.component.html'[37m,
         â•µ                [32m~~~~~~~~~~~~~~~~~~~~~~~~~~~~~~~~~~~~~[0m


[31mâœ˜ [41;31m[[41;97mERROR[41;31m][0m [1mNG8004: No pipe found with name 'translate'.[0m [1m[35m[plugin angular-compiler][0m

    src/app/features/products/product-edit-modal/product-edit-modal.component.html:185:130:
[37m      185 â”‚ ...-2">{{ 'products.fields.abcClassification' | [32mtranslate[37m }}</label>
          â•µ                                                 [32m~~~~~~~~~[0m

  Error occurs in the template of component ProductEditModalComponent.

    src/app/features/products/product-edit-modal/product-edit-modal.component.ts:14:15:
[37m      14 â”‚   templateUrl: [32m'./product-edit-modal.component.html'[37m,
         â•µ                [32m~~~~~~~~~~~~~~~~~~~~~~~~~~~~~~~~~~~~~[0m


[31mâœ˜ [41;31m[[41;97mERROR[41;31m][0m [1mNG8004: No pipe found with name 'translate'.[0m [1m[35m[plugin angular-compiler][0m

    src/app/features/products/product-edit-modal/product-edit-modal.component.html:190:64:
[37m      190 â”‚ ...lue="A">{{ 'products.fields.highTurnover' | [32mtranslate[37m }}</option>
          â•µ                                                [32m~~~~~~~~~[0m

  Error occurs in the template of component ProductEditModalComponent.

    src/app/features/products/product-edit-modal/product-edit-modal.component.ts:14:15:
[37m      14 â”‚   templateUrl: [32m'./product-edit-modal.component.html'[37m,
         â•µ                [32m~~~~~~~~~~~~~~~~~~~~~~~~~~~~~~~~~~~~~[0m


[31mâœ˜ [41;31m[[41;97mERROR[41;31m][0m [1mNG8004: No pipe found with name 'translate'.[0m [1m[35m[plugin angular-compiler][0m

    src/app/features/products/product-edit-modal/product-edit-modal.component.html:191:66:
[37m      191 â”‚ ...e="B">{{ 'products.fields.mediumTurnover' | [32mtranslate[37m }}</option>
          â•µ                                                [32m~~~~~~~~~[0m

  Error occurs in the template of component ProductEditModalComponent.

    src/app/features/products/product-edit-modal/product-edit-modal.component.ts:14:15:
[37m      14 â”‚   templateUrl: [32m'./product-edit-modal.component.html'[37m,
         â•µ                [32m~~~~~~~~~~~~~~~~~~~~~~~~~~~~~~~~~~~~~[0m


[31mâœ˜ [41;31m[[41;97mERROR[41;31m][0m [1mNG8004: No pipe found with name 'translate'.[0m [1m[35m[plugin angular-compiler][0m

    src/app/features/products/product-edit-modal/product-edit-modal.component.html:192:63:
[37m      192 â”‚ ...alue="C">{{ 'products.fields.lowTurnover' | [32mtranslate[37m }}</option>
          â•µ                                                [32m~~~~~~~~~[0m

  Error occurs in the template of component ProductEditModalComponent.

    src/app/features/products/product-edit-modal/product-edit-modal.component.ts:14:15:
[37m      14 â”‚   templateUrl: [32m'./product-edit-modal.component.html'[37m,
         â•µ                [32m~~~~~~~~~~~~~~~~~~~~~~~~~~~~~~~~~~~~~[0m


[31mâœ˜ [41;31m[[41;97mERROR[41;31m][0m [1mNG8004: No pipe found with name 'translate'.[0m [1m[35m[plugin angular-compiler][0m

    src/app/features/products/product-edit-modal/product-edit-modal.component.html:205:37:
[37m      205 â”‚         {{ 'common.buttons.cancel' | [32mtranslate[37m }}
          â•µ                                      [32m~~~~~~~~~[0m

  Error occurs in the template of component ProductEditModalComponent.

    src/app/features/products/product-edit-modal/product-edit-modal.component.ts:14:15:
[37m      14 â”‚   templateUrl: [32m'./product-edit-modal.component.html'[37m,
         â•µ                [32m~~~~~~~~~~~~~~~~~~~~~~~~~~~~~~~~~~~~~[0m


[31mâœ˜ [41;31m[[41;97mERROR[41;31m][0m [1mNG8004: No pipe found with name 'translate'.[0m [1m[35m[plugin angular-compiler][0m

    src/app/features/products/product-edit-modal/product-edit-modal.component.html:217:31:
[37m      217 â”‚           {{ 'common.saving' | [32mtranslate[37m }}
          â•µ                                [32m~~~~~~~~~[0m

  Error occurs in the template of component ProductEditModalComponent.

    src/app/features/products/product-edit-modal/product-edit-modal.component.ts:14:15:
[37m      14 â”‚   templateUrl: [32m'./product-edit-modal.component.html'[37m,
         â•µ                [32m~~~~~~~~~~~~~~~~~~~~~~~~~~~~~~~~~~~~~[0m


[31mâœ˜ [41;31m[[41;97mERROR[41;31m][0m [1mNG8004: No pipe found with name 'translate'.[0m [1m[35m[plugin angular-compiler][0m

    src/app/features/products/product-edit-modal/product-edit-modal.component.html:219:44:
[37m      219 â”‚           {{ 'common.buttons.saveChanges' | [32mtranslate[37m }}
          â•µ                                             [32m~~~~~~~~~[0m

  Error occurs in the template of component ProductEditModalComponent.

    src/app/features/products/product-edit-modal/product-edit-modal.component.ts:14:15:
[37m      14 â”‚   templateUrl: [32m'./product-edit-modal.component.html'[37m,
         â•µ                [32m~~~~~~~~~~~~~~~~~~~~~~~~~~~~~~~~~~~~~[0m


[31mâœ˜ [41;31m[[41;97mERROR[41;31m][0m [1mNG8004: No pipe found with name 'translate'.[0m [1m[35m[plugin angular-compiler][0m

    src/app/features/suppliers/supplier-create-modal/supplier-create-modal.component.html:1:61:
[37m      1 â”‚ ...le]="'modals.newSupplier' | [32mtranslate[37m" [size]="'lg'" (close)="on...
        â•µ                                [32m~~~~~~~~~[0m

  Error occurs in the template of component SupplierCreateModalComponent.

    src/app/features/suppliers/supplier-create-modal/supplier-create-modal.component.ts:15:15:
[37m      15 â”‚   templateUrl: [32m'./supplier-create-modal.component.html'[37m,
         â•µ                [32m~~~~~~~~~~~~~~~~~~~~~~~~~~~~~~~~~~~~~~~~[0m


[31mâœ˜ [41;31m[[41;97mERROR[41;31m][0m [1mNG8004: No pipe found with name 'translate'.[0m [1m[35m[plugin angular-compiler][0m

    src/app/features/suppliers/supplier-create-modal/supplier-create-modal.component.html:5:56:
[37m      5 â”‚ ...el]="'common.fields.name' | [32mtranslate[37m" [control]="form.controls[...
        â•µ                                [32m~~~~~~~~~[0m

  Error occurs in the template of component SupplierCreateModalComponent.

    src/app/features/suppliers/supplier-create-modal/supplier-create-modal.component.ts:15:15:
[37m      15 â”‚   templateUrl: [32m'./supplier-create-modal.component.html'[37m,
         â•µ                [32m~~~~~~~~~~~~~~~~~~~~~~~~~~~~~~~~~~~~~~~~[0m


[31mâœ˜ [41;31m[[41;97mERROR[41;31m][0m [1mNG8004: No pipe found with name 'translate'.[0m [1m[35m[plugin angular-compiler][0m

    src/app/features/suppliers/supplier-create-modal/supplier-create-modal.component.html:5:165:
[37m      5 â”‚ ...on.placeholders.fullName' | [32mtranslate[37m" [required]="true"></app-f...
        â•µ                                [32m~~~~~~~~~[0m

  Error occurs in the template of component SupplierCreateModalComponent.

    src/app/features/suppliers/supplier-create-modal/supplier-create-modal.component.ts:15:15:
[37m      15 â”‚   templateUrl: [32m'./supplier-create-modal.component.html'[37m,
         â•µ                [32m~~~~~~~~~~~~~~~~~~~~~~~~~~~~~~~~~~~~~~~~[0m


[31mâœ˜ [41;31m[[41;97mERROR[41;31m][0m [1mNG8004: No pipe found with name 'translate'.[0m [1m[35m[plugin angular-compiler][0m

    src/app/features/suppliers/supplier-create-modal/supplier-create-modal.component.html:7:55:
[37m      7 â”‚ ...l]="'common.fields.email' | [32mtranslate[37m" [control]="form.controls[...
        â•µ                                [32m~~~~~~~~~[0m

  Error occurs in the template of component SupplierCreateModalComponent.

    src/app/features/suppliers/supplier-create-modal/supplier-create-modal.component.ts:15:15:
[37m      15 â”‚   templateUrl: [32m'./supplier-create-modal.component.html'[37m,
         â•µ                [32m~~~~~~~~~~~~~~~~~~~~~~~~~~~~~~~~~~~~~~~~[0m


[31mâœ˜ [41;31m[[41;97mERROR[41;31m][0m [1mNG8004: No pipe found with name 'translate'.[0m [1m[35m[plugin angular-compiler][0m

    src/app/features/suppliers/supplier-create-modal/supplier-create-modal.component.html:7:163:
[37m      7 â”‚ ...ommon.placeholders.email' | [32mtranslate[37m" [required]="true"></app-f...
        â•µ                                [32m~~~~~~~~~[0m

  Error occurs in the template of component SupplierCreateModalComponent.

    src/app/features/suppliers/supplier-create-modal/supplier-create-modal.component.ts:15:15:
[37m      15 â”‚   templateUrl: [32m'./supplier-create-modal.component.html'[37m,
         â•µ                [32m~~~~~~~~~~~~~~~~~~~~~~~~~~~~~~~~~~~~~~~~[0m


[31mâœ˜ [41;31m[[41;97mERROR[41;31m][0m [1mNG8004: No pipe found with name 'translate'.[0m [1m[35m[plugin angular-compiler][0m

    src/app/features/suppliers/supplier-create-modal/supplier-create-modal.component.html:8:55:
[37m      8 â”‚ ...l]="'common.fields.phone' | [32mtranslate[37m" [control]="form.controls[...
        â•µ                                [32m~~~~~~~~~[0m

  Error occurs in the template of component SupplierCreateModalComponent.

    src/app/features/suppliers/supplier-create-modal/supplier-create-modal.component.ts:15:15:
[37m      15 â”‚   templateUrl: [32m'./supplier-create-modal.component.html'[37m,
         â•µ                [32m~~~~~~~~~~~~~~~~~~~~~~~~~~~~~~~~~~~~~~~~[0m


[31mâœ˜ [41;31m[[41;97mERROR[41;31m][0m [1mNG8004: No pipe found with name 'translate'.[0m [1m[35m[plugin angular-compiler][0m

    src/app/features/suppliers/supplier-create-modal/supplier-create-modal.component.html:8:162:
[37m      8 â”‚ ...ommon.placeholders.phone' | [32mtranslate[37m" [required]="true"></app-f...
        â•µ                                [32m~~~~~~~~~[0m

  Error occurs in the template of component SupplierCreateModalComponent.

    src/app/features/suppliers/supplier-create-modal/supplier-create-modal.component.ts:15:15:
[37m      15 â”‚   templateUrl: [32m'./supplier-create-modal.component.html'[37m,
         â•µ                [32m~~~~~~~~~~~~~~~~~~~~~~~~~~~~~~~~~~~~~~~~[0m


[31mâœ˜ [41;31m[[41;97mERROR[41;31m][0m [1mNG8004: No pipe found with name 'translate'.[0m [1m[35m[plugin angular-compiler][0m

    src/app/features/suppliers/supplier-create-modal/supplier-create-modal.component.html:9:65:
[37m      9 â”‚ ...nies.fields.companyTaxId' | [32mtranslate[37m" [control]="form.controls[...
        â•µ                                [32m~~~~~~~~~[0m

  Error occurs in the template of component SupplierCreateModalComponent.

    src/app/features/suppliers/supplier-create-modal/supplier-create-modal.component.ts:15:15:
[37m      15 â”‚   templateUrl: [32m'./supplier-create-modal.component.html'[37m,
         â•µ                [32m~~~~~~~~~~~~~~~~~~~~~~~~~~~~~~~~~~~~~~~~[0m


[31mâœ˜ [41;31m[[41;97mERROR[41;31m][0m [1mNG8004: No pipe found with name 'translate'.[0m [1m[35m[plugin angular-compiler][0m

    src/app/features/suppliers/supplier-create-modal/supplier-create-modal.component.html:9:182:
[37m      9 â”‚ ...laceholders.companyTaxId' | [32mtranslate[37m" [required]="true"></app-f...
        â•µ                                [32m~~~~~~~~~[0m

  Error occurs in the template of component SupplierCreateModalComponent.

    src/app/features/suppliers/supplier-create-modal/supplier-create-modal.component.ts:15:15:
[37m      15 â”‚   templateUrl: [32m'./supplier-create-modal.component.html'[37m,
         â•µ                [32m~~~~~~~~~~~~~~~~~~~~~~~~~~~~~~~~~~~~~~~~[0m


[31mâœ˜ [41;31m[[41;97mERROR[41;31m][0m [1mNG8004: No pipe found with name 'translate'.[0m [1m[35m[plugin angular-compiler][0m

    src/app/features/suppliers/supplier-create-modal/supplier-create-modal.component.html:10:57:
[37m      10 â”‚ ..."'common.fields.zipCode' | [32mtranslate[37m" [control]="form.controls[...
         â•µ                               [32m~~~~~~~~~[0m

  Error occurs in the template of component SupplierCreateModalComponent.

    src/app/features/suppliers/supplier-create-modal/supplier-create-modal.component.ts:15:15:
[37m      15 â”‚   templateUrl: [32m'./supplier-create-modal.component.html'[37m,
         â•µ                [32m~~~~~~~~~~~~~~~~~~~~~~~~~~~~~~~~~~~~~~~~[0m


[31mâœ˜ [41;31m[[41;97mERROR[41;31m][0m [1mNG8004: No pipe found with name 'translate'.[0m [1m[35m[plugin angular-compiler][0m

    src/app/features/suppliers/supplier-create-modal/supplier-create-modal.component.html:10:168:
[37m      10 â”‚ ...on.placeholders.zipCode' | [32mtranslate[37m" [required]="true"></app-f...
         â•µ                               [32m~~~~~~~~~[0m

  Error occurs in the template of component SupplierCreateModalComponent.

    src/app/features/suppliers/supplier-create-modal/supplier-create-modal.component.ts:15:15:
[37m      15 â”‚   templateUrl: [32m'./supplier-create-modal.component.html'[37m,
         â•µ                [32m~~~~~~~~~~~~~~~~~~~~~~~~~~~~~~~~~~~~~~~~[0m


[31mâœ˜ [41;31m[[41;97mERROR[41;31m][0m [1mNG8004: No pipe found with name 'translate'.[0m [1m[35m[plugin angular-compiler][0m

    src/app/features/suppliers/supplier-create-modal/supplier-create-modal.component.html:12:59:
[37m      12 â”‚ ..."'common.fields.address' | [32mtranslate[37m" [control]="form.controls[...
         â•µ                               [32m~~~~~~~~~[0m

  Error occurs in the template of component SupplierCreateModalComponent.

    src/app/features/suppliers/supplier-create-modal/supplier-create-modal.component.ts:15:15:
[37m      15 â”‚   templateUrl: [32m'./supplier-create-modal.component.html'[37m,
         â•µ                [32m~~~~~~~~~~~~~~~~~~~~~~~~~~~~~~~~~~~~~~~~[0m


[31mâœ˜ [41;31m[[41;97mERROR[41;31m][0m [1mNG8004: No pipe found with name 'translate'.[0m [1m[35m[plugin angular-compiler][0m

    src/app/features/suppliers/supplier-create-modal/supplier-create-modal.component.html:12:176:
[37m      12 â”‚ ...ceholders.addressStreet' | [32mtranslate[37m" [required]="true"></app-f...
         â•µ                               [32m~~~~~~~~~[0m

  Error occurs in the template of component SupplierCreateModalComponent.

    src/app/features/suppliers/supplier-create-modal/supplier-create-modal.component.ts:15:15:
[37m      15 â”‚   templateUrl: [32m'./supplier-create-modal.component.html'[37m,
         â•µ                [32m~~~~~~~~~~~~~~~~~~~~~~~~~~~~~~~~~~~~~~~~[0m


[31mâœ˜ [41;31m[[41;97mERROR[41;31m][0m [1mNG8004: No pipe found with name 'translate'.[0m [1m[35m[plugin angular-compiler][0m

    src/app/features/suppliers/supplier-create-modal/supplier-create-modal.component.html:14:54:
[37m      14 â”‚ ...l]="'common.fields.city' | [32mtranslate[37m" [control]="form.controls[...
         â•µ                               [32m~~~~~~~~~[0m

  Error occurs in the template of component SupplierCreateModalComponent.

    src/app/features/suppliers/supplier-create-modal/supplier-create-modal.component.ts:15:15:
[37m      15 â”‚   templateUrl: [32m'./supplier-create-modal.component.html'[37m,
         â•µ                [32m~~~~~~~~~~~~~~~~~~~~~~~~~~~~~~~~~~~~~~~~[0m


[31mâœ˜ [41;31m[[41;97mERROR[41;31m][0m [1mNG8004: No pipe found with name 'translate'.[0m [1m[35m[plugin angular-compiler][0m

    src/app/features/suppliers/supplier-create-modal/supplier-create-modal.component.html:14:159:
[37m      14 â”‚ ...ommon.placeholders.city' | [32mtranslate[37m" [required]="true"></app-f...
         â•µ                               [32m~~~~~~~~~[0m

  Error occurs in the template of component SupplierCreateModalComponent.

    src/app/features/suppliers/supplier-create-modal/supplier-create-modal.component.ts:15:15:
[37m      15 â”‚   templateUrl: [32m'./supplier-create-modal.component.html'[37m,
         â•µ                [32m~~~~~~~~~~~~~~~~~~~~~~~~~~~~~~~~~~~~~~~~[0m


[31mâœ˜ [41;31m[[41;97mERROR[41;31m][0m [1mNG8004: No pipe found with name 'translate'.[0m [1m[35m[plugin angular-compiler][0m

    src/app/features/suppliers/supplier-create-modal/supplier-create-modal.component.html:15:55:
[37m      15 â”‚ ...]="'common.fields.state' | [32mtranslate[37m" [control]="form.controls[...
         â•µ                               [32m~~~~~~~~~[0m

  Error occurs in the template of component SupplierCreateModalComponent.

    src/app/features/suppliers/supplier-create-modal/supplier-create-modal.component.ts:15:15:
[37m      15 â”‚   templateUrl: [32m'./supplier-create-modal.component.html'[37m,
         â•µ                [32m~~~~~~~~~~~~~~~~~~~~~~~~~~~~~~~~~~~~~~~~[0m


[31mâœ˜ [41;31m[[41;97mERROR[41;31m][0m [1mNG8004: No pipe found with name 'translate'.[0m [1m[35m[plugin angular-compiler][0m

    src/app/features/suppliers/supplier-create-modal/supplier-create-modal.component.html:15:160:
[37m      15 â”‚ ...common.fields.stateAbbr' | [32mtranslate[37m" [required]="true"></app-f...
         â•µ                               [32m~~~~~~~~~[0m

  Error occurs in the template of component SupplierCreateModalComponent.

    src/app/features/suppliers/supplier-create-modal/supplier-create-modal.component.ts:15:15:
[37m      15 â”‚   templateUrl: [32m'./supplier-create-modal.component.html'[37m,
         â•µ                [32m~~~~~~~~~~~~~~~~~~~~~~~~~~~~~~~~~~~~~~~~[0m


[31mâœ˜ [41;31m[[41;97mERROR[41;31m][0m [1mNG8004: No pipe found with name 'translate'.[0m [1m[35m[plugin angular-compiler][0m

    src/app/features/suppliers/supplier-create-modal/supplier-create-modal.component.html:16:57:
[37m      16 â”‚ ..."'common.fields.country' | [32mtranslate[37m" [control]="form.controls[...
         â•µ                               [32m~~~~~~~~~[0m

  Error occurs in the template of component SupplierCreateModalComponent.

    src/app/features/suppliers/supplier-create-modal/supplier-create-modal.component.ts:15:15:
[37m      15 â”‚   templateUrl: [32m'./supplier-create-modal.component.html'[37m,
         â•µ                [32m~~~~~~~~~~~~~~~~~~~~~~~~~~~~~~~~~~~~~~~~[0m


[31mâœ˜ [41;31m[[41;97mERROR[41;31m][0m [1mNG8004: No pipe found with name 'translate'.[0m [1m[35m[plugin angular-compiler][0m

    src/app/features/suppliers/supplier-create-modal/supplier-create-modal.component.html:16:168:
[37m      16 â”‚ ...der]="'common.placeholders.country' | [32mtranslate[37m"></app-form-field>
         â•µ                                          [32m~~~~~~~~~[0m

  Error occurs in the template of component SupplierCreateModalComponent.

    src/app/features/suppliers/supplier-create-modal/supplier-create-modal.component.ts:15:15:
[37m      15 â”‚   templateUrl: [32m'./supplier-create-modal.component.html'[37m,
         â•µ                [32m~~~~~~~~~~~~~~~~~~~~~~~~~~~~~~~~~~~~~~~~[0m


[31mâœ˜ [41;31m[[41;97mERROR[41;31m][0m [1mNG8004: No pipe found with name 'translate'.[0m [1m[35m[plugin angular-compiler][0m

    src/app/features/suppliers/supplier-create-modal/supplier-create-modal.component.html:19:289:
[37m      19 â”‚ ...led:opacity-50">{{ 'common.buttons.cancel' | [32mtranslate[37m }}</button>
         â•µ                                                 [32m~~~~~~~~~[0m

  Error occurs in the template of component SupplierCreateModalComponent.

    src/app/features/suppliers/supplier-create-modal/supplier-create-modal.component.ts:15:15:
[37m      15 â”‚   templateUrl: [32m'./supplier-create-modal.component.html'[37m,
         â•µ                [32m~~~~~~~~~~~~~~~~~~~~~~~~~~~~~~~~~~~~~~~~[0m


[31mâœ˜ [41;31m[[41;97mERROR[41;31m][0m [1mNG8004: No pipe found with name 'translate'.[0m [1m[35m[plugin angular-compiler][0m

    src/app/features/suppliers/supplier-create-modal/supplier-create-modal.component.html:23:31:
[37m      23 â”‚           {{ 'common.saving' | [32mtranslate[37m }}
         â•µ                                [32m~~~~~~~~~[0m

  Error occurs in the template of component SupplierCreateModalComponent.

    src/app/features/suppliers/supplier-create-modal/supplier-create-modal.component.ts:15:15:
[37m      15 â”‚   templateUrl: [32m'./supplier-create-modal.component.html'[37m,
         â•µ                [32m~~~~~~~~~~~~~~~~~~~~~~~~~~~~~~~~~~~~~~~~[0m


[31mâœ˜ [41;31m[[41;97mERROR[41;31m][0m [1mNG8004: No pipe found with name 'translate'.[0m [1m[35m[plugin angular-compiler][0m

    src/app/features/suppliers/supplier-create-modal/supplier-create-modal.component.html:25:39:
[37m      25 â”‚           {{ 'suppliers.newSupplier' | [32mtranslate[37m }}
         â•µ                                        [32m~~~~~~~~~[0m

  Error occurs in the template of component SupplierCreateModalComponent.

    src/app/features/suppliers/supplier-create-modal/supplier-create-modal.component.ts:15:15:
[37m      15 â”‚   templateUrl: [32m'./supplier-create-modal.component.html'[37m,
         â•µ                [32m~~~~~~~~~~~~~~~~~~~~~~~~~~~~~~~~~~~~~~~~[0m


[31mâœ˜ [41;31m[[41;97mERROR[41;31m][0m [1mNG8004: No pipe found with name 'translate'.[0m [1m[35m[plugin angular-compiler][0m

    src/app/features/suppliers/supplier-edit-modal/supplier-edit-modal.component.html:1:62:
[37m      1 â”‚ ...e]="'modals.editSupplier' | [32mtranslate[37m" [size]="'lg'" (close)="on...
        â•µ                                [32m~~~~~~~~~[0m

  Error occurs in the template of component SupplierEditModalComponent.

    src/app/features/suppliers/supplier-edit-modal/supplier-edit-modal.component.ts:14:15:
[37m      14 â”‚   templateUrl: [32m'./supplier-edit-modal.component.html'[37m,
         â•µ                [32m~~~~~~~~~~~~~~~~~~~~~~~~~~~~~~~~~~~~~~[0m


[31mâœ˜ [41;31m[[41;97mERROR[41;31m][0m [1mNG8004: No pipe found with name 'translate'.[0m [1m[35m[plugin angular-compiler][0m

    src/app/features/suppliers/supplier-edit-modal/supplier-edit-modal.component.html:5:56:
[37m      5 â”‚ ...el]="'common.fields.name' | [32mtranslate[37m" [control]="form.controls[...
        â•µ                                [32m~~~~~~~~~[0m

  Error occurs in the template of component SupplierEditModalComponent.

    src/app/features/suppliers/supplier-edit-modal/supplier-edit-modal.component.ts:14:15:
[37m      14 â”‚   templateUrl: [32m'./supplier-edit-modal.component.html'[37m,
         â•µ                [32m~~~~~~~~~~~~~~~~~~~~~~~~~~~~~~~~~~~~~~[0m


[31mâœ˜ [41;31m[[41;97mERROR[41;31m][0m [1mNG8004: No pipe found with name 'translate'.[0m [1m[35m[plugin angular-compiler][0m

    src/app/features/suppliers/supplier-edit-modal/supplier-edit-modal.component.html:5:165:
[37m      5 â”‚ ...on.placeholders.fullName' | [32mtranslate[37m" [required]="true"></app-f...
        â•µ                                [32m~~~~~~~~~[0m

  Error occurs in the template of component SupplierEditModalComponent.

    src/app/features/suppliers/supplier-edit-modal/supplier-edit-modal.component.ts:14:15:
[37m      14 â”‚   templateUrl: [32m'./supplier-edit-modal.component.html'[37m,
         â•µ                [32m~~~~~~~~~~~~~~~~~~~~~~~~~~~~~~~~~~~~~~[0m


[31mâœ˜ [41;31m[[41;97mERROR[41;31m][0m [1mNG8004: No pipe found with name 'translate'.[0m [1m[35m[plugin angular-compiler][0m

    src/app/features/suppliers/supplier-edit-modal/supplier-edit-modal.component.html:7:55:
[37m      7 â”‚ ...l]="'common.fields.email' | [32mtranslate[37m" [control]="form.controls[...
        â•µ                                [32m~~~~~~~~~[0m

  Error occurs in the template of component SupplierEditModalComponent.

    src/app/features/suppliers/supplier-edit-modal/supplier-edit-modal.component.ts:14:15:
[37m      14 â”‚   templateUrl: [32m'./supplier-edit-modal.component.html'[37m,
         â•µ                [32m~~~~~~~~~~~~~~~~~~~~~~~~~~~~~~~~~~~~~~[0m


[31mâœ˜ [41;31m[[41;97mERROR[41;31m][0m [1mNG8004: No pipe found with name 'translate'.[0m [1m[35m[plugin angular-compiler][0m

    src/app/features/suppliers/supplier-edit-modal/supplier-edit-modal.component.html:7:163:
[37m      7 â”‚ ...ommon.placeholders.email' | [32mtranslate[37m" [required]="true"></app-f...
        â•µ                                [32m~~~~~~~~~[0m

  Error occurs in the template of component SupplierEditModalComponent.

    src/app/features/suppliers/supplier-edit-modal/supplier-edit-modal.component.ts:14:15:
[37m      14 â”‚   templateUrl: [32m'./supplier-edit-modal.component.html'[37m,
         â•µ                [32m~~~~~~~~~~~~~~~~~~~~~~~~~~~~~~~~~~~~~~[0m


[31mâœ˜ [41;31m[[41;97mERROR[41;31m][0m [1mNG8004: No pipe found with name 'translate'.[0m [1m[35m[plugin angular-compiler][0m

    src/app/features/suppliers/supplier-edit-modal/supplier-edit-modal.component.html:8:55:
[37m      8 â”‚ ...l]="'common.fields.phone' | [32mtranslate[37m" [control]="form.controls[...
        â•µ                                [32m~~~~~~~~~[0m

  Error occurs in the template of component SupplierEditModalComponent.

    src/app/features/suppliers/supplier-edit-modal/supplier-edit-modal.component.ts:14:15:
[37m      14 â”‚   templateUrl: [32m'./supplier-edit-modal.component.html'[37m,
         â•µ                [32m~~~~~~~~~~~~~~~~~~~~~~~~~~~~~~~~~~~~~~[0m


[31mâœ˜ [41;31m[[41;97mERROR[41;31m][0m [1mNG8004: No pipe found with name 'translate'.[0m [1m[35m[plugin angular-compiler][0m

    src/app/features/suppliers/supplier-edit-modal/supplier-edit-modal.component.html:8:162:
[37m      8 â”‚ ...ommon.placeholders.phone' | [32mtranslate[37m" [required]="true"></app-f...
        â•µ                                [32m~~~~~~~~~[0m

  Error occurs in the template of component SupplierEditModalComponent.

    src/app/features/suppliers/supplier-edit-modal/supplier-edit-modal.component.ts:14:15:
[37m      14 â”‚   templateUrl: [32m'./supplier-edit-modal.component.html'[37m,
         â•µ                [32m~~~~~~~~~~~~~~~~~~~~~~~~~~~~~~~~~~~~~~[0m


[31mâœ˜ [41;31m[[41;97mERROR[41;31m][0m [1mNG8004: No pipe found with name 'translate'.[0m [1m[35m[plugin angular-compiler][0m

    src/app/features/suppliers/supplier-edit-modal/supplier-edit-modal.component.html:9:65:
[37m      9 â”‚ ...nies.fields.companyTaxId' | [32mtranslate[37m" [control]="form.controls[...
        â•µ                                [32m~~~~~~~~~[0m

  Error occurs in the template of component SupplierEditModalComponent.

    src/app/features/suppliers/supplier-edit-modal/supplier-edit-modal.component.ts:14:15:
[37m      14 â”‚   templateUrl: [32m'./supplier-edit-modal.component.html'[37m,
         â•µ                [32m~~~~~~~~~~~~~~~~~~~~~~~~~~~~~~~~~~~~~~[0m


[31mâœ˜ [41;31m[[41;97mERROR[41;31m][0m [1mNG8004: No pipe found with name 'translate'.[0m [1m[35m[plugin angular-compiler][0m

    src/app/features/suppliers/supplier-edit-modal/supplier-edit-modal.component.html:9:182:
[37m      9 â”‚ ...laceholders.companyTaxId' | [32mtranslate[37m" [required]="true"></app-f...
        â•µ                                [32m~~~~~~~~~[0m

  Error occurs in the template of component SupplierEditModalComponent.

    src/app/features/suppliers/supplier-edit-modal/supplier-edit-modal.component.ts:14:15:
[37m      14 â”‚   templateUrl: [32m'./supplier-edit-modal.component.html'[37m,
         â•µ                [32m~~~~~~~~~~~~~~~~~~~~~~~~~~~~~~~~~~~~~~[0m


[31mâœ˜ [41;31m[[41;97mERROR[41;31m][0m [1mNG8004: No pipe found with name 'translate'.[0m [1m[35m[plugin angular-compiler][0m

    src/app/features/suppliers/supplier-edit-modal/supplier-edit-modal.component.html:10:57:
[37m      10 â”‚ ..."'common.fields.zipCode' | [32mtranslate[37m" [control]="form.controls[...
         â•µ                               [32m~~~~~~~~~[0m

  Error occurs in the template of component SupplierEditModalComponent.

    src/app/features/suppliers/supplier-edit-modal/supplier-edit-modal.component.ts:14:15:
[37m      14 â”‚   templateUrl: [32m'./supplier-edit-modal.component.html'[37m,
         â•µ                [32m~~~~~~~~~~~~~~~~~~~~~~~~~~~~~~~~~~~~~~[0m


[31mâœ˜ [41;31m[[41;97mERROR[41;31m][0m [1mNG8004: No pipe found with name 'translate'.[0m [1m[35m[plugin angular-compiler][0m

    src/app/features/suppliers/supplier-edit-modal/supplier-edit-modal.component.html:10:168:
[37m      10 â”‚ ...on.placeholders.zipCode' | [32mtranslate[37m" [required]="true"></app-f...
         â•µ                               [32m~~~~~~~~~[0m

  Error occurs in the template of component SupplierEditModalComponent.

    src/app/features/suppliers/supplier-edit-modal/supplier-edit-modal.component.ts:14:15:
[37m      14 â”‚   templateUrl: [32m'./supplier-edit-modal.component.html'[37m,
         â•µ                [32m~~~~~~~~~~~~~~~~~~~~~~~~~~~~~~~~~~~~~~[0m


[31mâœ˜ [41;31m[[41;97mERROR[41;31m][0m [1mNG8004: No pipe found with name 'translate'.[0m [1m[35m[plugin angular-compiler][0m

    src/app/features/suppliers/supplier-edit-modal/supplier-edit-modal.component.html:12:59:
[37m      12 â”‚ ..."'common.fields.address' | [32mtranslate[37m" [control]="form.controls[...
         â•µ                               [32m~~~~~~~~~[0m

  Error occurs in the template of component SupplierEditModalComponent.

    src/app/features/suppliers/supplier-edit-modal/supplier-edit-modal.component.ts:14:15:
[37m      14 â”‚   templateUrl: [32m'./supplier-edit-modal.component.html'[37m,
         â•µ                [32m~~~~~~~~~~~~~~~~~~~~~~~~~~~~~~~~~~~~~~[0m


[31mâœ˜ [41;31m[[41;97mERROR[41;31m][0m [1mNG8004: No pipe found with name 'translate'.[0m [1m[35m[plugin angular-compiler][0m

    src/app/features/suppliers/supplier-edit-modal/supplier-edit-modal.component.html:12:176:
[37m      12 â”‚ ...ceholders.addressStreet' | [32mtranslate[37m" [required]="true"></app-f...
         â•µ                               [32m~~~~~~~~~[0m

  Error occurs in the template of component SupplierEditModalComponent.

    src/app/features/suppliers/supplier-edit-modal/supplier-edit-modal.component.ts:14:15:
[37m      14 â”‚   templateUrl: [32m'./supplier-edit-modal.component.html'[37m,
         â•µ                [32m~~~~~~~~~~~~~~~~~~~~~~~~~~~~~~~~~~~~~~[0m


[31mâœ˜ [41;31m[[41;97mERROR[41;31m][0m [1mNG8004: No pipe found with name 'translate'.[0m [1m[35m[plugin angular-compiler][0m

    src/app/features/suppliers/supplier-edit-modal/supplier-edit-modal.component.html:14:54:
[37m      14 â”‚ ...l]="'common.fields.city' | [32mtranslate[37m" [control]="form.controls[...
         â•µ                               [32m~~~~~~~~~[0m

  Error occurs in the template of component SupplierEditModalComponent.

    src/app/features/suppliers/supplier-edit-modal/supplier-edit-modal.component.ts:14:15:
[37m      14 â”‚   templateUrl: [32m'./supplier-edit-modal.component.html'[37m,
         â•µ                [32m~~~~~~~~~~~~~~~~~~~~~~~~~~~~~~~~~~~~~~[0m


[31mâœ˜ [41;31m[[41;97mERROR[41;31m][0m [1mNG8004: No pipe found with name 'translate'.[0m [1m[35m[plugin angular-compiler][0m

    src/app/features/suppliers/supplier-edit-modal/supplier-edit-modal.component.html:14:159:
[37m      14 â”‚ ...ommon.placeholders.city' | [32mtranslate[37m" [required]="true"></app-f...
         â•µ                               [32m~~~~~~~~~[0m

  Error occurs in the template of component SupplierEditModalComponent.

    src/app/features/suppliers/supplier-edit-modal/supplier-edit-modal.component.ts:14:15:
[37m      14 â”‚   templateUrl: [32m'./supplier-edit-modal.component.html'[37m,
         â•µ                [32m~~~~~~~~~~~~~~~~~~~~~~~~~~~~~~~~~~~~~~[0m


[31mâœ˜ [41;31m[[41;97mERROR[41;31m][0m [1mNG8004: No pipe found with name 'translate'.[0m [1m[35m[plugin angular-compiler][0m

    src/app/features/suppliers/supplier-edit-modal/supplier-edit-modal.component.html:15:55:
[37m      15 â”‚ ...]="'common.fields.state' | [32mtranslate[37m" [control]="form.controls[...
         â•µ                               [32m~~~~~~~~~[0m

  Error occurs in the template of component SupplierEditModalComponent.

    src/app/features/suppliers/supplier-edit-modal/supplier-edit-modal.component.ts:14:15:
[37m      14 â”‚   templateUrl: [32m'./supplier-edit-modal.component.html'[37m,
         â•µ                [32m~~~~~~~~~~~~~~~~~~~~~~~~~~~~~~~~~~~~~~[0m


[31mâœ˜ [41;31m[[41;97mERROR[41;31m][0m [1mNG8004: No pipe found with name 'translate'.[0m [1m[35m[plugin angular-compiler][0m

    src/app/features/suppliers/supplier-edit-modal/supplier-edit-modal.component.html:15:160:
[37m      15 â”‚ ...common.fields.stateAbbr' | [32mtranslate[37m" [required]="true"></app-f...
         â•µ                               [32m~~~~~~~~~[0m

  Error occurs in the template of component SupplierEditModalComponent.

    src/app/features/suppliers/supplier-edit-modal/supplier-edit-modal.component.ts:14:15:
[37m      14 â”‚   templateUrl: [32m'./supplier-edit-modal.component.html'[37m,
         â•µ                [32m~~~~~~~~~~~~~~~~~~~~~~~~~~~~~~~~~~~~~~[0m


[31mâœ˜ [41;31m[[41;97mERROR[41;31m][0m [1mNG8004: No pipe found with name 'translate'.[0m [1m[35m[plugin angular-compiler][0m

    src/app/features/suppliers/supplier-edit-modal/supplier-edit-modal.component.html:16:57:
[37m      16 â”‚ ..."'common.fields.country' | [32mtranslate[37m" [control]="form.controls[...
         â•µ                               [32m~~~~~~~~~[0m

  Error occurs in the template of component SupplierEditModalComponent.

    src/app/features/suppliers/supplier-edit-modal/supplier-edit-modal.component.ts:14:15:
[37m      14 â”‚   templateUrl: [32m'./supplier-edit-modal.component.html'[37m,
         â•µ                [32m~~~~~~~~~~~~~~~~~~~~~~~~~~~~~~~~~~~~~~[0m


[31mâœ˜ [41;31m[[41;97mERROR[41;31m][0m [1mNG8004: No pipe found with name 'translate'.[0m [1m[35m[plugin angular-compiler][0m

    src/app/features/suppliers/supplier-edit-modal/supplier-edit-modal.component.html:16:168:
[37m      16 â”‚ ...der]="'common.placeholders.country' | [32mtranslate[37m"></app-form-field>
         â•µ                                          [32m~~~~~~~~~[0m

  Error occurs in the template of component SupplierEditModalComponent.

    src/app/features/suppliers/supplier-edit-modal/supplier-edit-modal.component.ts:14:15:
[37m      14 â”‚   templateUrl: [32m'./supplier-edit-modal.component.html'[37m,
         â•µ                [32m~~~~~~~~~~~~~~~~~~~~~~~~~~~~~~~~~~~~~~[0m


[31mâœ˜ [41;31m[[41;97mERROR[41;31m][0m [1mNG8004: No pipe found with name 'translate'.[0m [1m[35m[plugin angular-compiler][0m

    src/app/features/suppliers/supplier-edit-modal/supplier-edit-modal.component.html:20:99:
[37m      20 â”‚ ...ext-slate-300">{{ 'suppliers.activeSupplier' | [32mtranslate[37m }}</span>
         â•µ                                                   [32m~~~~~~~~~[0m

  Error occurs in the template of component SupplierEditModalComponent.

    src/app/features/suppliers/supplier-edit-modal/supplier-edit-modal.component.ts:14:15:
[37m      14 â”‚   templateUrl: [32m'./supplier-edit-modal.component.html'[37m,
         â•µ                [32m~~~~~~~~~~~~~~~~~~~~~~~~~~~~~~~~~~~~~~[0m


[31mâœ˜ [41;31m[[41;97mERROR[41;31m][0m [1mNG8004: No pipe found with name 'translate'.[0m [1m[35m[plugin angular-compiler][0m

    src/app/features/suppliers/supplier-edit-modal/supplier-edit-modal.component.html:25:289:
[37m      25 â”‚ ...led:opacity-50">{{ 'common.buttons.cancel' | [32mtranslate[37m }}</button>
         â•µ                                                 [32m~~~~~~~~~[0m

  Error occurs in the template of component SupplierEditModalComponent.

    src/app/features/suppliers/supplier-edit-modal/supplier-edit-modal.component.ts:14:15:
[37m      14 â”‚   templateUrl: [32m'./supplier-edit-modal.component.html'[37m,
         â•µ                [32m~~~~~~~~~~~~~~~~~~~~~~~~~~~~~~~~~~~~~~[0m


[31mâœ˜ [41;31m[[41;97mERROR[41;31m][0m [1mNG8004: No pipe found with name 'translate'.[0m [1m[35m[plugin angular-compiler][0m

    src/app/features/suppliers/supplier-edit-modal/supplier-edit-modal.component.html:29:31:
[37m      29 â”‚           {{ 'common.saving' | [32mtranslate[37m }}
         â•µ                                [32m~~~~~~~~~[0m

  Error occurs in the template of component SupplierEditModalComponent.

    src/app/features/suppliers/supplier-edit-modal/supplier-edit-modal.component.ts:14:15:
[37m      14 â”‚   templateUrl: [32m'./supplier-edit-modal.component.html'[37m,
         â•µ                [32m~~~~~~~~~~~~~~~~~~~~~~~~~~~~~~~~~~~~~~[0m


[31mâœ˜ [41;31m[[41;97mERROR[41;31m][0m [1mNG8004: No pipe found with name 'translate'.[0m [1m[35m[plugin angular-compiler][0m

    src/app/features/suppliers/supplier-edit-modal/supplier-edit-modal.component.html:31:44:
[37m      31 â”‚           {{ 'common.buttons.saveChanges' | [32mtranslate[37m }}
         â•µ                                             [32m~~~~~~~~~[0m

  Error occurs in the template of component SupplierEditModalComponent.

    src/app/features/suppliers/supplier-edit-modal/supplier-edit-modal.component.ts:14:15:
[37m      14 â”‚   templateUrl: [32m'./supplier-edit-modal.component.html'[37m,
         â•µ                [32m~~~~~~~~~~~~~~~~~~~~~~~~~~~~~~~~~~~~~~[0m


[31mâœ˜ [41;31m[[41;97mERROR[41;31m][0m [1mNG8004: No pipe found with name 'translate'.[0m [1m[35m[plugin angular-compiler][0m

    src/app/features/vehicles/vehicle-create-modal/vehicle-create-modal.component.html:1:62:
[37m      1 â”‚ ...e]="'vehicles.newVehicle' | [32mtranslate[37m" [size]="'md'" (close)="on...
        â•µ                                [32m~~~~~~~~~[0m

  Error occurs in the template of component VehicleCreateModalComponent.

    src/app/features/vehicles/vehicle-create-modal/vehicle-create-modal.component.ts:15:15:
[37m      15 â”‚   templateUrl: [32m'./vehicle-create-modal.component.html'[37m,
         â•µ                [32m~~~~~~~~~~~~~~~~~~~~~~~~~~~~~~~~~~~~~~~[0m


[31mâœ˜ [41;31m[[41;97mERROR[41;31m][0m [1mNG8004: No pipe found with name 'translate'.[0m [1m[35m[plugin angular-compiler][0m

    src/app/features/vehicles/vehicle-create-modal/vehicle-create-modal.component.html:4:63:
[37m      4 â”‚ ...icles.fields.plateNumber' | [32mtranslate[37m" [control]="form.controls[...
        â•µ                                [32m~~~~~~~~~[0m

  Error occurs in the template of component VehicleCreateModalComponent.

    src/app/features/vehicles/vehicle-create-modal/vehicle-create-modal.component.ts:15:15:
[37m      15 â”‚   templateUrl: [32m'./vehicle-create-modal.component.html'[37m,
         â•µ                [32m~~~~~~~~~~~~~~~~~~~~~~~~~~~~~~~~~~~~~~~[0m


[31mâœ˜ [41;31m[[41;97mERROR[41;31m][0m [1mNG8004: No pipe found with name 'translate'.[0m [1m[35m[plugin angular-compiler][0m

    src/app/features/vehicles/vehicle-create-modal/vehicle-create-modal.component.html:4:178:
[37m      4 â”‚ ...icles.placeholders.plate' | [32mtranslate[37m" [required]="true"></app-f...
        â•µ                                [32m~~~~~~~~~[0m

  Error occurs in the template of component VehicleCreateModalComponent.

    src/app/features/vehicles/vehicle-create-modal/vehicle-create-modal.component.ts:15:15:
[37m      15 â”‚   templateUrl: [32m'./vehicle-create-modal.component.html'[37m,
         â•µ                [32m~~~~~~~~~~~~~~~~~~~~~~~~~~~~~~~~~~~~~~~[0m


[31mâœ˜ [41;31m[[41;97mERROR[41;31m][0m [1mNG8004: No pipe found with name 'translate'.[0m [1m[35m[plugin angular-compiler][0m

    src/app/features/vehicles/vehicle-create-modal/vehicle-create-modal.component.html:5:56:
[37m      5 â”‚ ...]="'vehicles.fields.type' | [32mtranslate[37m" [control]="form.controls[...
        â•µ                                [32m~~~~~~~~~[0m

  Error occurs in the template of component VehicleCreateModalComponent.

    src/app/features/vehicles/vehicle-create-modal/vehicle-create-modal.component.ts:15:15:
[37m      15 â”‚   templateUrl: [32m'./vehicle-create-modal.component.html'[37m,
         â•µ                [32m~~~~~~~~~~~~~~~~~~~~~~~~~~~~~~~~~~~~~~~[0m


[31mâœ˜ [41;31m[[41;97mERROR[41;31m][0m [1mNG8004: No pipe found with name 'translate'.[0m [1m[35m[plugin angular-compiler][0m

    src/app/features/vehicles/vehicle-create-modal/vehicle-create-modal.component.html:5:170:
[37m      5 â”‚ ...hicles.placeholders.type' | [32mtranslate[37m" [required]="true"></app-f...
        â•µ                                [32m~~~~~~~~~[0m

  Error occurs in the template of component VehicleCreateModalComponent.

    src/app/features/vehicles/vehicle-create-modal/vehicle-create-modal.component.ts:15:15:
[37m      15 â”‚   templateUrl: [32m'./vehicle-create-modal.component.html'[37m,
         â•µ                [32m~~~~~~~~~~~~~~~~~~~~~~~~~~~~~~~~~~~~~~~[0m


[31mâœ˜ [41;31m[[41;97mERROR[41;31m][0m [1mNG8004: No pipe found with name 'translate'.[0m [1m[35m[plugin angular-compiler][0m

    src/app/features/vehicles/vehicle-create-modal/vehicle-create-modal.component.html:6:57:
[37m      6 â”‚ ...="'vehicles.fields.model' | [32mtranslate[37m" [control]="form.controls[...
        â•µ                                [32m~~~~~~~~~[0m

  Error occurs in the template of component VehicleCreateModalComponent.

    src/app/features/vehicles/vehicle-create-modal/vehicle-create-modal.component.ts:15:15:
[37m      15 â”‚   templateUrl: [32m'./vehicle-create-modal.component.html'[37m,
         â•µ                [32m~~~~~~~~~~~~~~~~~~~~~~~~~~~~~~~~~~~~~~~[0m


[31mâœ˜ [41;31m[[41;97mERROR[41;31m][0m [1mNG8004: No pipe found with name 'translate'.[0m [1m[35m[plugin angular-compiler][0m

    src/app/features/vehicles/vehicle-create-modal/vehicle-create-modal.component.html:6:166:
[37m      6 â”‚ ...icles.placeholders.model' | [32mtranslate[37m" [required]="true"></app-f...
        â•µ                                [32m~~~~~~~~~[0m

  Error occurs in the template of component VehicleCreateModalComponent.

    src/app/features/vehicles/vehicle-create-modal/vehicle-create-modal.component.ts:15:15:
[37m      15 â”‚   templateUrl: [32m'./vehicle-create-modal.component.html'[37m,
         â•µ                [32m~~~~~~~~~~~~~~~~~~~~~~~~~~~~~~~~~~~~~~~[0m


[31mâœ˜ [41;31m[[41;97mERROR[41;31m][0m [1mNG8004: No pipe found with name 'translate'.[0m [1m[35m[plugin angular-compiler][0m

    src/app/features/vehicles/vehicle-create-modal/vehicle-create-modal.component.html:7:60:
[37m      7 â”‚ ...vehicles.fields.capacity' | [32mtranslate[37m" [control]="form.controls[...
        â•µ                                [32m~~~~~~~~~[0m

  Error occurs in the template of component VehicleCreateModalComponent.

    src/app/features/vehicles/vehicle-create-modal/vehicle-create-modal.component.ts:15:15:
[37m      15 â”‚   templateUrl: [32m'./vehicle-create-modal.component.html'[37m,
         â•µ                [32m~~~~~~~~~~~~~~~~~~~~~~~~~~~~~~~~~~~~~~~[0m


[31mâœ˜ [41;31m[[41;97mERROR[41;31m][0m [1mNG8004: No pipe found with name 'translate'.[0m [1m[35m[plugin angular-compiler][0m

    src/app/features/vehicles/vehicle-create-modal/vehicle-create-modal.component.html:7:177:
[37m      7 â”‚ ...es.placeholders.capacity' | [32mtranslate[37m" [required]="true"></app-f...
        â•µ                                [32m~~~~~~~~~[0m

  Error occurs in the template of component VehicleCreateModalComponent.

    src/app/features/vehicles/vehicle-create-modal/vehicle-create-modal.component.ts:15:15:
[37m      15 â”‚   templateUrl: [32m'./vehicle-create-modal.component.html'[37m,
         â•µ                [32m~~~~~~~~~~~~~~~~~~~~~~~~~~~~~~~~~~~~~~~[0m


[31mâœ˜ [41;31m[[41;97mERROR[41;31m][0m [1mNG8004: No pipe found with name 'translate'.[0m [1m[35m[plugin angular-compiler][0m

    src/app/features/vehicles/vehicle-create-modal/vehicle-create-modal.component.html:9:117:
[37m      9 â”‚ ...xt-slate-300 mb-2">{{ 'common.fields.status' | [32mtranslate[37m }}</label>
        â•µ                                                   [32m~~~~~~~~~[0m

  Error occurs in the template of component VehicleCreateModalComponent.

    src/app/features/vehicles/vehicle-create-modal/vehicle-create-modal.component.ts:15:15:
[37m      15 â”‚   templateUrl: [32m'./vehicle-create-modal.component.html'[37m,
         â•µ                [32m~~~~~~~~~~~~~~~~~~~~~~~~~~~~~~~~~~~~~~~[0m


[31mâœ˜ [41;31m[[41;97mERROR[41;31m][0m [1mNG8004: No pipe found with name 'translate'.[0m [1m[35m[plugin angular-compiler][0m

    src/app/features/vehicles/vehicle-create-modal/vehicle-create-modal.component.html:11:69:
[37m      11 â”‚ ..."Available">{{ 'vehicles.status.available' | [32mtranslate[37m }}</option>
         â•µ                                                 [32m~~~~~~~~~[0m

  Error occurs in the template of component VehicleCreateModalComponent.

    src/app/features/vehicles/vehicle-create-modal/vehicle-create-modal.component.ts:15:15:
[37m      15 â”‚   templateUrl: [32m'./vehicle-create-modal.component.html'[37m,
         â•µ                [32m~~~~~~~~~~~~~~~~~~~~~~~~~~~~~~~~~~~~~~~[0m


[31mâœ˜ [41;31m[[41;97mERROR[41;31m][0m [1mNG8004: No pipe found with name 'translate'.[0m [1m[35m[plugin angular-compiler][0m

    src/app/features/vehicles/vehicle-create-modal/vehicle-create-modal.component.html:12:61:
[37m      12 â”‚ ...n value="InUse">{{ 'vehicles.status.inUse' | [32mtranslate[37m }}</option>
         â•µ                                                 [32m~~~~~~~~~[0m

  Error occurs in the template of component VehicleCreateModalComponent.

    src/app/features/vehicles/vehicle-create-modal/vehicle-create-modal.component.ts:15:15:
[37m      15 â”‚   templateUrl: [32m'./vehicle-create-modal.component.html'[37m,
         â•µ                [32m~~~~~~~~~~~~~~~~~~~~~~~~~~~~~~~~~~~~~~~[0m


[31mâœ˜ [41;31m[[41;97mERROR[41;31m][0m [1mNG8004: No pipe found with name 'translate'.[0m [1m[35m[plugin angular-compiler][0m

    src/app/features/vehicles/vehicle-create-modal/vehicle-create-modal.component.html:13:73:
[37m      13 â”‚ ...ntenance">{{ 'vehicles.status.maintenance' | [32mtranslate[37m }}</option>
         â•µ                                                 [32m~~~~~~~~~[0m

  Error occurs in the template of component VehicleCreateModalComponent.

    src/app/features/vehicles/vehicle-create-modal/vehicle-create-modal.component.ts:15:15:
[37m      15 â”‚   templateUrl: [32m'./vehicle-create-modal.component.html'[37m,
         â•µ                [32m~~~~~~~~~~~~~~~~~~~~~~~~~~~~~~~~~~~~~~~[0m


[31mâœ˜ [41;31m[[41;97mERROR[41;31m][0m [1mNG8004: No pipe found with name 'translate'.[0m [1m[35m[plugin angular-compiler][0m

    src/app/features/vehicles/vehicle-create-modal/vehicle-create-modal.component.html:18:289:
[37m      18 â”‚ ...led:opacity-50">{{ 'common.buttons.cancel' | [32mtranslate[37m }}</button>
         â•µ                                                 [32m~~~~~~~~~[0m

  Error occurs in the template of component VehicleCreateModalComponent.

    src/app/features/vehicles/vehicle-create-modal/vehicle-create-modal.component.ts:15:15:
[37m      15 â”‚   templateUrl: [32m'./vehicle-create-modal.component.html'[37m,
         â•µ                [32m~~~~~~~~~~~~~~~~~~~~~~~~~~~~~~~~~~~~~~~[0m


[31mâœ˜ [41;31m[[41;97mERROR[41;31m][0m [1mNG8004: No pipe found with name 'translate'.[0m [1m[35m[plugin angular-compiler][0m

    src/app/features/vehicles/vehicle-create-modal/vehicle-create-modal.component.html:20:46:
[37m      20 â”‚ ...ng) { {{ 'common.saving' | [32mtranslate[37m }} } @else { {{ 'vehicles....
         â•µ                               [32m~~~~~~~~~[0m

  Error occurs in the template of component VehicleCreateModalComponent.

    src/app/features/vehicles/vehicle-create-modal/vehicle-create-modal.component.ts:15:15:
[37m      15 â”‚   templateUrl: [32m'./vehicle-create-modal.component.html'[37m,
         â•µ                [32m~~~~~~~~~~~~~~~~~~~~~~~~~~~~~~~~~~~~~~~[0m


[31mâœ˜ [41;31m[[41;97mERROR[41;31m][0m [1mNG8004: No pipe found with name 'translate'.[0m [1m[35m[plugin angular-compiler][0m

    src/app/features/vehicles/vehicle-create-modal/vehicle-create-modal.component.html:20:99:
[37m      20 â”‚ ...ranslate }} } @else { {{ 'vehicles.createVehicle' | [32mtranslate[37m }} }
         â•µ                                                        [32m~~~~~~~~~[0m

  Error occurs in the template of component VehicleCreateModalComponent.

    src/app/features/vehicles/vehicle-create-modal/vehicle-create-modal.component.ts:15:15:
[37m      15 â”‚   templateUrl: [32m'./vehicle-create-modal.component.html'[37m,
         â•µ                [32m~~~~~~~~~~~~~~~~~~~~~~~~~~~~~~~~~~~~~~~[0m


[31mâœ˜ [41;31m[[41;97mERROR[41;31m][0m [1mNG8004: No pipe found with name 'translate'.[0m [1m[35m[plugin angular-compiler][0m

    src/app/features/vehicles/vehicle-edit-modal/vehicle-edit-modal.component.html:1:63:
[37m      1 â”‚ ...]="'vehicles.editVehicle' | [32mtranslate[37m" [size]="'md'" (close)="on...
        â•µ                                [32m~~~~~~~~~[0m

  Error occurs in the template of component VehicleEditModalComponent.

    src/app/features/vehicles/vehicle-edit-modal/vehicle-edit-modal.component.ts:14:15:
[37m      14 â”‚   templateUrl: [32m'./vehicle-edit-modal.component.html'[37m,
         â•µ                [32m~~~~~~~~~~~~~~~~~~~~~~~~~~~~~~~~~~~~~[0m


[31mâœ˜ [41;31m[[41;97mERROR[41;31m][0m [1mNG8004: No pipe found with name 'translate'.[0m [1m[35m[plugin angular-compiler][0m

    src/app/features/vehicles/vehicle-edit-modal/vehicle-edit-modal.component.html:4:63:
[37m      4 â”‚ ...icles.fields.plateNumber' | [32mtranslate[37m" [control]="form.controls[...
        â•µ                                [32m~~~~~~~~~[0m

  Error occurs in the template of component VehicleEditModalComponent.

    src/app/features/vehicles/vehicle-edit-modal/vehicle-edit-modal.component.ts:14:15:
[37m      14 â”‚   templateUrl: [32m'./vehicle-edit-modal.component.html'[37m,
         â•µ                [32m~~~~~~~~~~~~~~~~~~~~~~~~~~~~~~~~~~~~~[0m


[31mâœ˜ [41;31m[[41;97mERROR[41;31m][0m [1mNG8004: No pipe found with name 'translate'.[0m [1m[35m[plugin angular-compiler][0m

    src/app/features/vehicles/vehicle-edit-modal/vehicle-edit-modal.component.html:5:56:
[37m      5 â”‚ ...]="'vehicles.fields.type' | [32mtranslate[37m" [control]="form.controls[...
        â•µ                                [32m~~~~~~~~~[0m

  Error occurs in the template of component VehicleEditModalComponent.

    src/app/features/vehicles/vehicle-edit-modal/vehicle-edit-modal.component.ts:14:15:
[37m      14 â”‚   templateUrl: [32m'./vehicle-edit-modal.component.html'[37m,
         â•µ                [32m~~~~~~~~~~~~~~~~~~~~~~~~~~~~~~~~~~~~~[0m


[31mâœ˜ [41;31m[[41;97mERROR[41;31m][0m [1mNG8004: No pipe found with name 'translate'.[0m [1m[35m[plugin angular-compiler][0m

    src/app/features/vehicles/vehicle-edit-modal/vehicle-edit-modal.component.html:6:57:
[37m      6 â”‚ ...="'vehicles.fields.model' | [32mtranslate[37m" [control]="form.controls[...
        â•µ                                [32m~~~~~~~~~[0m

  Error occurs in the template of component VehicleEditModalComponent.

    src/app/features/vehicles/vehicle-edit-modal/vehicle-edit-modal.component.ts:14:15:
[37m      14 â”‚   templateUrl: [32m'./vehicle-edit-modal.component.html'[37m,
         â•µ                [32m~~~~~~~~~~~~~~~~~~~~~~~~~~~~~~~~~~~~~[0m


[31mâœ˜ [41;31m[[41;97mERROR[41;31m][0m [1mNG8004: No pipe found with name 'translate'.[0m [1m[35m[plugin angular-compiler][0m

    src/app/features/vehicles/vehicle-edit-modal/vehicle-edit-modal.component.html:7:60:
[37m      7 â”‚ ...vehicles.fields.capacity' | [32mtranslate[37m" [control]="form.controls[...
        â•µ                                [32m~~~~~~~~~[0m

  Error occurs in the template of component VehicleEditModalComponent.

    src/app/features/vehicles/vehicle-edit-modal/vehicle-edit-modal.component.ts:14:15:
[37m      14 â”‚   templateUrl: [32m'./vehicle-edit-modal.component.html'[37m,
         â•µ                [32m~~~~~~~~~~~~~~~~~~~~~~~~~~~~~~~~~~~~~[0m


[31mâœ˜ [41;31m[[41;97mERROR[41;31m][0m [1mNG8004: No pipe found with name 'translate'.[0m [1m[35m[plugin angular-compiler][0m

    src/app/features/vehicles/vehicle-edit-modal/vehicle-edit-modal.component.html:9:117:
[37m      9 â”‚ ...xt-slate-300 mb-2">{{ 'common.fields.status' | [32mtranslate[37m }}</label>
        â•µ                                                   [32m~~~~~~~~~[0m

  Error occurs in the template of component VehicleEditModalComponent.

    src/app/features/vehicles/vehicle-edit-modal/vehicle-edit-modal.component.ts:14:15:
[37m      14 â”‚   templateUrl: [32m'./vehicle-edit-modal.component.html'[37m,
         â•µ                [32m~~~~~~~~~~~~~~~~~~~~~~~~~~~~~~~~~~~~~[0m


[31mâœ˜ [41;31m[[41;97mERROR[41;31m][0m [1mNG8004: No pipe found with name 'translate'.[0m [1m[35m[plugin angular-compiler][0m

    src/app/features/vehicles/vehicle-edit-modal/vehicle-edit-modal.component.html:11:69:
[37m      11 â”‚ ..."Available">{{ 'vehicles.status.available' | [32mtranslate[37m }}</option>
         â•µ                                                 [32m~~~~~~~~~[0m

  Error occurs in the template of component VehicleEditModalComponent.

    src/app/features/vehicles/vehicle-edit-modal/vehicle-edit-modal.component.ts:14:15:
[37m      14 â”‚   templateUrl: [32m'./vehicle-edit-modal.component.html'[37m,
         â•µ                [32m~~~~~~~~~~~~~~~~~~~~~~~~~~~~~~~~~~~~~[0m


[31mâœ˜ [41;31m[[41;97mERROR[41;31m][0m [1mNG8004: No pipe found with name 'translate'.[0m [1m[35m[plugin angular-compiler][0m

    src/app/features/vehicles/vehicle-edit-modal/vehicle-edit-modal.component.html:12:61:
[37m      12 â”‚ ...n value="InUse">{{ 'vehicles.status.inUse' | [32mtranslate[37m }}</option>
         â•µ                                                 [32m~~~~~~~~~[0m

  Error occurs in the template of component VehicleEditModalComponent.

    src/app/features/vehicles/vehicle-edit-modal/vehicle-edit-modal.component.ts:14:15:
[37m      14 â”‚   templateUrl: [32m'./vehicle-edit-modal.component.html'[37m,
         â•µ                [32m~~~~~~~~~~~~~~~~~~~~~~~~~~~~~~~~~~~~~[0m


[31mâœ˜ [41;31m[[41;97mERROR[41;31m][0m [1mNG8004: No pipe found with name 'translate'.[0m [1m[35m[plugin angular-compiler][0m

    src/app/features/vehicles/vehicle-edit-modal/vehicle-edit-modal.component.html:13:73:
[37m      13 â”‚ ...ntenance">{{ 'vehicles.status.maintenance' | [32mtranslate[37m }}</option>
         â•µ                                                 [32m~~~~~~~~~[0m

  Error occurs in the template of component VehicleEditModalComponent.

    src/app/features/vehicles/vehicle-edit-modal/vehicle-edit-modal.component.ts:14:15:
[37m      14 â”‚   templateUrl: [32m'./vehicle-edit-modal.component.html'[37m,
         â•µ                [32m~~~~~~~~~~~~~~~~~~~~~~~~~~~~~~~~~~~~~[0m


[31mâœ˜ [41;31m[[41;97mERROR[41;31m][0m [1mNG8004: No pipe found with name 'translate'.[0m [1m[35m[plugin angular-compiler][0m

    src/app/features/vehicles/vehicle-edit-modal/vehicle-edit-modal.component.html:16:201:
[37m      16 â”‚ ...slate-300">{{ 'common.status.active' | [32mtranslate[37m }}</span></label>
         â•µ                                           [32m~~~~~~~~~[0m

  Error occurs in the template of component VehicleEditModalComponent.

    src/app/features/vehicles/vehicle-edit-modal/vehicle-edit-modal.component.ts:14:15:
[37m      14 â”‚   templateUrl: [32m'./vehicle-edit-modal.component.html'[37m,
         â•µ                [32m~~~~~~~~~~~~~~~~~~~~~~~~~~~~~~~~~~~~~[0m


[31mâœ˜ [41;31m[[41;97mERROR[41;31m][0m [1mNG8004: No pipe found with name 'translate'.[0m [1m[35m[plugin angular-compiler][0m

    src/app/features/vehicles/vehicle-edit-modal/vehicle-edit-modal.component.html:19:269:
[37m      19 â”‚ ...nsition-colors">{{ 'common.buttons.cancel' | [32mtranslate[37m }}</button>
         â•µ                                                 [32m~~~~~~~~~[0m

  Error occurs in the template of component VehicleEditModalComponent.

    src/app/features/vehicles/vehicle-edit-modal/vehicle-edit-modal.component.ts:14:15:
[37m      14 â”‚   templateUrl: [32m'./vehicle-edit-modal.component.html'[37m,
         â•µ                [32m~~~~~~~~~~~~~~~~~~~~~~~~~~~~~~~~~~~~~[0m


[31mâœ˜ [41;31m[[41;97mERROR[41;31m][0m [1mNG8004: No pipe found with name 'translate'.[0m [1m[35m[plugin angular-compiler][0m

    src/app/features/vehicles/vehicle-edit-modal/vehicle-edit-modal.component.html:20:176:
[37m      20 â”‚ ...ng) { {{ 'common.saving' | [32mtranslate[37m }} } @else { {{ 'common.bu...
         â•µ                               [32m~~~~~~~~~[0m

  Error occurs in the template of component VehicleEditModalComponent.

    src/app/features/vehicles/vehicle-edit-modal/vehicle-edit-modal.component.ts:14:15:
[37m      14 â”‚   templateUrl: [32m'./vehicle-edit-modal.component.html'[37m,
         â•µ                [32m~~~~~~~~~~~~~~~~~~~~~~~~~~~~~~~~~~~~~[0m


[31mâœ˜ [41;31m[[41;97mERROR[41;31m][0m [1mNG8004: No pipe found with name 'translate'.[0m [1m[35m[plugin angular-compiler][0m

    src/app/features/vehicles/vehicle-edit-modal/vehicle-edit-modal.component.html:20:226:
[37m      20 â”‚ ...te }} } @else { {{ 'common.buttons.save' | [32mtranslate[37m }} }</button>
         â•µ                                               [32m~~~~~~~~~[0m

  Error occurs in the template of component VehicleEditModalComponent.

    src/app/features/vehicles/vehicle-edit-modal/vehicle-edit-modal.component.ts:14:15:
[37m      14 â”‚   templateUrl: [32m'./vehicle-edit-modal.component.html'[37m,
         â•µ                [32m~~~~~~~~~~~~~~~~~~~~~~~~~~~~~~~~~~~~~[0m


[31mâœ˜ [41;31m[[41;97mERROR[41;31m][0m [1mNG8004: No pipe found with name 'translate'.[0m [1m[35m[plugin angular-compiler][0m

    src/app/features/warehouses/warehouse-create-modal/warehouse-create-modal.component.html:1:62:
[37m      1 â”‚ ...e]="'modals.newWarehouse' | [32mtranslate[37m" [size]="'lg'" (close)="on...
        â•µ                                [32m~~~~~~~~~[0m

  Error occurs in the template of component WarehouseCreateModalComponent.

    src/app/features/warehouses/warehouse-create-modal/warehouse-create-modal.component.ts:15:15:
[37m      15 â”‚   templateUrl: [32m'./warehouse-create-modal.component.html'[37m,
         â•µ                [32m~~~~~~~~~~~~~~~~~~~~~~~~~~~~~~~~~~~~~~~~~[0m


[31mâœ˜ [41;31m[[41;97mERROR[41;31m][0m [1mNG8004: No pipe found with name 'translate'.[0m [1m[35m[plugin angular-compiler][0m

    src/app/features/warehouses/warehouse-create-modal/warehouse-create-modal.component.html:5:65:
[37m      5 â”‚ ...mon.fields.warehouseName' | [32mtranslate[37m" [control]="form.controls[...
        â•µ                                [32m~~~~~~~~~[0m

  Error occurs in the template of component WarehouseCreateModalComponent.

    src/app/features/warehouses/warehouse-create-modal/warehouse-create-modal.component.ts:15:15:
[37m      15 â”‚   templateUrl: [32m'./warehouse-create-modal.component.html'[37m,
         â•µ                [32m~~~~~~~~~~~~~~~~~~~~~~~~~~~~~~~~~~~~~~~~~[0m


[31mâœ˜ [41;31m[[41;97mERROR[41;31m][0m [1mNG8004: No pipe found with name 'translate'.[0m [1m[35m[plugin angular-compiler][0m

    src/app/features/warehouses/warehouse-create-modal/warehouse-create-modal.component.html:5:182:
[37m      5 â”‚ ...holders.exampleWarehouse' | [32mtranslate[37m" [required]="true"></app-f...
        â•µ                                [32m~~~~~~~~~[0m

  Error occurs in the template of component WarehouseCreateModalComponent.

    src/app/features/warehouses/warehouse-create-modal/warehouse-create-modal.component.ts:15:15:
[37m      15 â”‚   templateUrl: [32m'./warehouse-create-modal.component.html'[37m,
         â•µ                [32m~~~~~~~~~~~~~~~~~~~~~~~~~~~~~~~~~~~~~~~~~[0m


[31mâœ˜ [41;31m[[41;97mERROR[41;31m][0m [1mNG8004: No pipe found with name 'translate'.[0m [1m[35m[plugin angular-compiler][0m

    src/app/features/warehouses/warehouse-create-modal/warehouse-create-modal.component.html:7:54:
[37m      7 â”‚ ...el]="'common.fields.code' | [32mtranslate[37m" [control]="form.controls[...
        â•µ                                [32m~~~~~~~~~[0m

  Error occurs in the template of component WarehouseCreateModalComponent.

    src/app/features/warehouses/warehouse-create-modal/warehouse-create-modal.component.ts:15:15:
[37m      15 â”‚   templateUrl: [32m'./warehouse-create-modal.component.html'[37m,
         â•µ                [32m~~~~~~~~~~~~~~~~~~~~~~~~~~~~~~~~~~~~~~~~~[0m


[31mâœ˜ [41;31m[[41;97mERROR[41;31m][0m [1mNG8004: No pipe found with name 'translate'.[0m [1m[35m[plugin angular-compiler][0m

    src/app/features/warehouses/warehouse-create-modal/warehouse-create-modal.component.html:7:166:
[37m      7 â”‚ ...placeholders.exampleCode' | [32mtranslate[37m" [required]="true"></app-f...
        â•µ                                [32m~~~~~~~~~[0m

  Error occurs in the template of component WarehouseCreateModalComponent.

    src/app/features/warehouses/warehouse-create-modal/warehouse-create-modal.component.ts:15:15:
[37m      15 â”‚   templateUrl: [32m'./warehouse-create-modal.component.html'[37m,
         â•µ                [32m~~~~~~~~~~~~~~~~~~~~~~~~~~~~~~~~~~~~~~~~~[0m


[31mâœ˜ [41;31m[[41;97mERROR[41;31m][0m [1mNG8004: No pipe found with name 'translate'.[0m [1m[35m[plugin angular-compiler][0m

    src/app/features/warehouses/warehouse-create-modal/warehouse-create-modal.component.html:8:57:
[37m      8 â”‚ ...="'common.fields.zipCode' | [32mtranslate[37m" [control]="form.controls[...
        â•µ                                [32m~~~~~~~~~[0m

  Error occurs in the template of component WarehouseCreateModalComponent.

    src/app/features/warehouses/warehouse-create-modal/warehouse-create-modal.component.ts:15:15:
[37m      15 â”‚   templateUrl: [32m'./warehouse-create-modal.component.html'[37m,
         â•µ                [32m~~~~~~~~~~~~~~~~~~~~~~~~~~~~~~~~~~~~~~~~~[0m


[31mâœ˜ [41;31m[[41;97mERROR[41;31m][0m [1mNG8004: No pipe found with name 'translate'.[0m [1m[35m[plugin angular-compiler][0m

    src/app/features/warehouses/warehouse-create-modal/warehouse-create-modal.component.html:8:168:
[37m      8 â”‚ ...mon.placeholders.zipCode' | [32mtranslate[37m" [required]="true"></app-f...
        â•µ                                [32m~~~~~~~~~[0m

  Error occurs in the template of component WarehouseCreateModalComponent.

    src/app/features/warehouses/warehouse-create-modal/warehouse-create-modal.component.ts:15:15:
[37m      15 â”‚   templateUrl: [32m'./warehouse-create-modal.component.html'[37m,
         â•µ                [32m~~~~~~~~~~~~~~~~~~~~~~~~~~~~~~~~~~~~~~~~~[0m


[31mâœ˜ [41;31m[[41;97mERROR[41;31m][0m [1mNG8004: No pipe found with name 'translate'.[0m [1m[35m[plugin angular-compiler][0m

    src/app/features/warehouses/warehouse-create-modal/warehouse-create-modal.component.html:10:59:
[37m      10 â”‚ ..."'common.fields.address' | [32mtranslate[37m" [control]="form.controls[...
         â•µ                               [32m~~~~~~~~~[0m

  Error occurs in the template of component WarehouseCreateModalComponent.

    src/app/features/warehouses/warehouse-create-modal/warehouse-create-modal.component.ts:15:15:
[37m      15 â”‚   templateUrl: [32m'./warehouse-create-modal.component.html'[37m,
         â•µ                [32m~~~~~~~~~~~~~~~~~~~~~~~~~~~~~~~~~~~~~~~~~[0m


[31mâœ˜ [41;31m[[41;97mERROR[41;31m][0m [1mNG8004: No pipe found with name 'translate'.[0m [1m[35m[plugin angular-compiler][0m

    src/app/features/warehouses/warehouse-create-modal/warehouse-create-modal.component.html:10:176:
[37m      10 â”‚ ...ceholders.addressStreet' | [32mtranslate[37m" [required]="true"></app-f...
         â•µ                               [32m~~~~~~~~~[0m

  Error occurs in the template of component WarehouseCreateModalComponent.

    src/app/features/warehouses/warehouse-create-modal/warehouse-create-modal.component.ts:15:15:
[37m      15 â”‚   templateUrl: [32m'./warehouse-create-modal.component.html'[37m,
         â•µ                [32m~~~~~~~~~~~~~~~~~~~~~~~~~~~~~~~~~~~~~~~~~[0m


[31mâœ˜ [41;31m[[41;97mERROR[41;31m][0m [1mNG8004: No pipe found with name 'translate'.[0m [1m[35m[plugin angular-compiler][0m

    src/app/features/warehouses/warehouse-create-modal/warehouse-create-modal.component.html:12:54:
[37m      12 â”‚ ...l]="'common.fields.city' | [32mtranslate[37m" [control]="form.controls[...
         â•µ                               [32m~~~~~~~~~[0m

  Error occurs in the template of component WarehouseCreateModalComponent.

    src/app/features/warehouses/warehouse-create-modal/warehouse-create-modal.component.ts:15:15:
[37m      15 â”‚   templateUrl: [32m'./warehouse-create-modal.component.html'[37m,
         â•µ                [32m~~~~~~~~~~~~~~~~~~~~~~~~~~~~~~~~~~~~~~~~~[0m


[31mâœ˜ [41;31m[[41;97mERROR[41;31m][0m [1mNG8004: No pipe found with name 'translate'.[0m [1m[35m[plugin angular-compiler][0m

    src/app/features/warehouses/warehouse-create-modal/warehouse-create-modal.component.html:12:166:
[37m      12 â”‚ ...laceholders.exampleCity' | [32mtranslate[37m" [required]="true"></app-f...
         â•µ                               [32m~~~~~~~~~[0m

  Error occurs in the template of component WarehouseCreateModalComponent.

    src/app/features/warehouses/warehouse-create-modal/warehouse-create-modal.component.ts:15:15:
[37m      15 â”‚   templateUrl: [32m'./warehouse-create-modal.component.html'[37m,
         â•µ                [32m~~~~~~~~~~~~~~~~~~~~~~~~~~~~~~~~~~~~~~~~~[0m


[31mâœ˜ [41;31m[[41;97mERROR[41;31m][0m [1mNG8004: No pipe found with name 'translate'.[0m [1m[35m[plugin angular-compiler][0m

    src/app/features/warehouses/warehouse-create-modal/warehouse-create-modal.component.html:13:55:
[37m      13 â”‚ ...]="'common.fields.state' | [32mtranslate[37m" [control]="form.controls[...
         â•µ                               [32m~~~~~~~~~[0m

  Error occurs in the template of component WarehouseCreateModalComponent.

    src/app/features/warehouses/warehouse-create-modal/warehouse-create-modal.component.ts:15:15:
[37m      15 â”‚   templateUrl: [32m'./warehouse-create-modal.component.html'[37m,
         â•µ                [32m~~~~~~~~~~~~~~~~~~~~~~~~~~~~~~~~~~~~~~~~~[0m


[31mâœ˜ [41;31m[[41;97mERROR[41;31m][0m [1mNG8004: No pipe found with name 'translate'.[0m [1m[35m[plugin angular-compiler][0m

    src/app/features/warehouses/warehouse-create-modal/warehouse-create-modal.component.html:13:166:
[37m      13 â”‚ ....placeholders.stateAbbr' | [32mtranslate[37m" [required]="true"></app-f...
         â•µ                               [32m~~~~~~~~~[0m

  Error occurs in the template of component WarehouseCreateModalComponent.

    src/app/features/warehouses/warehouse-create-modal/warehouse-create-modal.component.ts:15:15:
[37m      15 â”‚   templateUrl: [32m'./warehouse-create-modal.component.html'[37m,
         â•µ                [32m~~~~~~~~~~~~~~~~~~~~~~~~~~~~~~~~~~~~~~~~~[0m


[31mâœ˜ [41;31m[[41;97mERROR[41;31m][0m [1mNG8004: No pipe found with name 'translate'.[0m [1m[35m[plugin angular-compiler][0m

    src/app/features/warehouses/warehouse-create-modal/warehouse-create-modal.component.html:14:57:
[37m      14 â”‚ ..."'common.fields.country' | [32mtranslate[37m" [control]="form.controls[...
         â•µ                               [32m~~~~~~~~~[0m

  Error occurs in the template of component WarehouseCreateModalComponent.

    src/app/features/warehouses/warehouse-create-modal/warehouse-create-modal.component.ts:15:15:
[37m      15 â”‚   templateUrl: [32m'./warehouse-create-modal.component.html'[37m,
         â•µ                [32m~~~~~~~~~~~~~~~~~~~~~~~~~~~~~~~~~~~~~~~~~[0m


[31mâœ˜ [41;31m[[41;97mERROR[41;31m][0m [1mNG8004: No pipe found with name 'translate'.[0m [1m[35m[plugin angular-compiler][0m

    src/app/features/warehouses/warehouse-create-modal/warehouse-create-modal.component.html:14:168:
[37m      14 â”‚ ...der]="'common.placeholders.country' | [32mtranslate[37m"></app-form-field>
         â•µ                                          [32m~~~~~~~~~[0m

  Error occurs in the template of component WarehouseCreateModalComponent.

    src/app/features/warehouses/warehouse-create-modal/warehouse-create-modal.component.ts:15:15:
[37m      15 â”‚   templateUrl: [32m'./warehouse-create-modal.component.html'[37m,
         â•µ                [32m~~~~~~~~~~~~~~~~~~~~~~~~~~~~~~~~~~~~~~~~~[0m


[31mâœ˜ [41;31m[[41;97mERROR[41;31m][0m [1mNG8004: No pipe found with name 'translate'.[0m [1m[35m[plugin angular-compiler][0m

    src/app/features/warehouses/warehouse-create-modal/warehouse-create-modal.component.html:17:269:
[37m      17 â”‚ ...nsition-colors">{{ 'common.buttons.cancel' | [32mtranslate[37m }}</button>
         â•µ                                                 [32m~~~~~~~~~[0m

  Error occurs in the template of component WarehouseCreateModalComponent.

    src/app/features/warehouses/warehouse-create-modal/warehouse-create-modal.component.ts:15:15:
[37m      15 â”‚   templateUrl: [32m'./warehouse-create-modal.component.html'[37m,
         â•µ                [32m~~~~~~~~~~~~~~~~~~~~~~~~~~~~~~~~~~~~~~~~~[0m


[31mâœ˜ [41;31m[[41;97mERROR[41;31m][0m [1mNG8004: No pipe found with name 'translate'.[0m [1m[35m[plugin angular-compiler][0m

    src/app/features/warehouses/warehouse-create-modal/warehouse-create-modal.component.html:18:176:
[37m      18 â”‚ ...ng) { {{ 'common.saving' | [32mtranslate[37m }} } @else { {{ 'common.bu...
         â•µ                               [32m~~~~~~~~~[0m

  Error occurs in the template of component WarehouseCreateModalComponent.

    src/app/features/warehouses/warehouse-create-modal/warehouse-create-modal.component.ts:15:15:
[37m      15 â”‚   templateUrl: [32m'./warehouse-create-modal.component.html'[37m,
         â•µ                [32m~~~~~~~~~~~~~~~~~~~~~~~~~~~~~~~~~~~~~~~~~[0m


[31mâœ˜ [41;31m[[41;97mERROR[41;31m][0m [1mNG8004: No pipe found with name 'translate'.[0m [1m[35m[plugin angular-compiler][0m

    src/app/features/warehouses/warehouse-create-modal/warehouse-create-modal.component.html:18:237:
[37m      18 â”‚ ...se { {{ 'common.buttons.createWarehouse' | [32mtranslate[37m }} }</button>
         â•µ                                               [32m~~~~~~~~~[0m

  Error occurs in the template of component WarehouseCreateModalComponent.

    src/app/features/warehouses/warehouse-create-modal/warehouse-create-modal.component.ts:15:15:
[37m      15 â”‚   templateUrl: [32m'./warehouse-create-modal.component.html'[37m,
         â•µ                [32m~~~~~~~~~~~~~~~~~~~~~~~~~~~~~~~~~~~~~~~~~[0m


[31mâœ˜ [41;31m[[41;97mERROR[41;31m][0m [1mNG8004: No pipe found with name 'translate'.[0m [1m[35m[plugin angular-compiler][0m

    src/app/features/warehouses/warehouse-edit-modal/warehouse-edit-modal.component.html:1:63:
[37m      1 â”‚ ...]="'modals.editWarehouse' | [32mtranslate[37m" [size]="'lg'" (close)="on...
        â•µ                                [32m~~~~~~~~~[0m

  Error occurs in the template of component WarehouseEditModalComponent.

    src/app/features/warehouses/warehouse-edit-modal/warehouse-edit-modal.component.ts:14:15:
[37m      14 â”‚   templateUrl: [32m'./warehouse-edit-modal.component.html'[37m,
         â•µ                [32m~~~~~~~~~~~~~~~~~~~~~~~~~~~~~~~~~~~~~~~[0m


[31mâœ˜ [41;31m[[41;97mERROR[41;31m][0m [1mNG8004: No pipe found with name 'translate'.[0m [1m[35m[plugin angular-compiler][0m

    src/app/features/warehouses/warehouse-edit-modal/warehouse-edit-modal.component.html:5:65:
[37m      5 â”‚ ...mon.fields.warehouseName' | [32mtranslate[37m" [control]="form.controls[...
        â•µ                                [32m~~~~~~~~~[0m

  Error occurs in the template of component WarehouseEditModalComponent.

    src/app/features/warehouses/warehouse-edit-modal/warehouse-edit-modal.component.ts:14:15:
[37m      14 â”‚   templateUrl: [32m'./warehouse-edit-modal.component.html'[37m,
         â•µ                [32m~~~~~~~~~~~~~~~~~~~~~~~~~~~~~~~~~~~~~~~[0m


[31mâœ˜ [41;31m[[41;97mERROR[41;31m][0m [1mNG8004: No pipe found with name 'translate'.[0m [1m[35m[plugin angular-compiler][0m

    src/app/features/warehouses/warehouse-edit-modal/warehouse-edit-modal.component.html:7:54:
[37m      7 â”‚ ...el]="'common.fields.code' | [32mtranslate[37m" [control]="form.controls[...
        â•µ                                [32m~~~~~~~~~[0m

  Error occurs in the template of component WarehouseEditModalComponent.

    src/app/features/warehouses/warehouse-edit-modal/warehouse-edit-modal.component.ts:14:15:
[37m      14 â”‚   templateUrl: [32m'./warehouse-edit-modal.component.html'[37m,
         â•µ                [32m~~~~~~~~~~~~~~~~~~~~~~~~~~~~~~~~~~~~~~~[0m


[31mâœ˜ [41;31m[[41;97mERROR[41;31m][0m [1mNG8004: No pipe found with name 'translate'.[0m [1m[35m[plugin angular-compiler][0m

    src/app/features/warehouses/warehouse-edit-modal/warehouse-edit-modal.component.html:8:57:
[37m      8 â”‚ ...="'common.fields.zipCode' | [32mtranslate[37m" [control]="form.controls[...
        â•µ                                [32m~~~~~~~~~[0m

  Error occurs in the template of component WarehouseEditModalComponent.

    src/app/features/warehouses/warehouse-edit-modal/warehouse-edit-modal.component.ts:14:15:
[37m      14 â”‚   templateUrl: [32m'./warehouse-edit-modal.component.html'[37m,
         â•µ                [32m~~~~~~~~~~~~~~~~~~~~~~~~~~~~~~~~~~~~~~~[0m


[31mâœ˜ [41;31m[[41;97mERROR[41;31m][0m [1mNG8004: No pipe found with name 'translate'.[0m [1m[35m[plugin angular-compiler][0m

    src/app/features/warehouses/warehouse-edit-modal/warehouse-edit-modal.component.html:10:59:
[37m      10 â”‚ ..."'common.fields.address' | [32mtranslate[37m" [control]="form.controls[...
         â•µ                               [32m~~~~~~~~~[0m

  Error occurs in the template of component WarehouseEditModalComponent.

    src/app/features/warehouses/warehouse-edit-modal/warehouse-edit-modal.component.ts:14:15:
[37m      14 â”‚   templateUrl: [32m'./warehouse-edit-modal.component.html'[37m,
         â•µ                [32m~~~~~~~~~~~~~~~~~~~~~~~~~~~~~~~~~~~~~~~[0m


[31mâœ˜ [41;31m[[41;97mERROR[41;31m][0m [1mNG8004: No pipe found with name 'translate'.[0m [1m[35m[plugin angular-compiler][0m

    src/app/features/warehouses/warehouse-edit-modal/warehouse-edit-modal.component.html:12:54:
[37m      12 â”‚ ...l]="'common.fields.city' | [32mtranslate[37m" [control]="form.controls[...
         â•µ                               [32m~~~~~~~~~[0m

  Error occurs in the template of component WarehouseEditModalComponent.

    src/app/features/warehouses/warehouse-edit-modal/warehouse-edit-modal.component.ts:14:15:
[37m      14 â”‚   templateUrl: [32m'./warehouse-edit-modal.component.html'[37m,
         â•µ                [32m~~~~~~~~~~~~~~~~~~~~~~~~~~~~~~~~~~~~~~~[0m


[31mâœ˜ [41;31m[[41;97mERROR[41;31m][0m [1mNG8004: No pipe found with name 'translate'.[0m [1m[35m[plugin angular-compiler][0m

    src/app/features/warehouses/warehouse-edit-modal/warehouse-edit-modal.component.html:13:55:
[37m      13 â”‚ ...]="'common.fields.state' | [32mtranslate[37m" [control]="form.controls[...
         â•µ                               [32m~~~~~~~~~[0m

  Error occurs in the template of component WarehouseEditModalComponent.

    src/app/features/warehouses/warehouse-edit-modal/warehouse-edit-modal.component.ts:14:15:
[37m      14 â”‚   templateUrl: [32m'./warehouse-edit-modal.component.html'[37m,
         â•µ                [32m~~~~~~~~~~~~~~~~~~~~~~~~~~~~~~~~~~~~~~~[0m


[31mâœ˜ [41;31m[[41;97mERROR[41;31m][0m [1mNG8004: No pipe found with name 'translate'.[0m [1m[35m[plugin angular-compiler][0m

    src/app/features/warehouses/warehouse-edit-modal/warehouse-edit-modal.component.html:14:57:
[37m      14 â”‚ ..."'common.fields.country' | [32mtranslate[37m" [control]="form.controls[...
         â•µ                               [32m~~~~~~~~~[0m

  Error occurs in the template of component WarehouseEditModalComponent.

    src/app/features/warehouses/warehouse-edit-modal/warehouse-edit-modal.component.ts:14:15:
[37m      14 â”‚   templateUrl: [32m'./warehouse-edit-modal.component.html'[37m,
         â•µ                [32m~~~~~~~~~~~~~~~~~~~~~~~~~~~~~~~~~~~~~~~[0m


[31mâœ˜ [41;31m[[41;97mERROR[41;31m][0m [1mNG8004: No pipe found with name 'translate'.[0m [1m[35m[plugin angular-compiler][0m

    src/app/features/warehouses/warehouse-edit-modal/warehouse-edit-modal.component.html:16:209:
[37m      16 â”‚ ...300">{{ 'warehouses.activeWarehouse' | [32mtranslate[37m }}</span></label>
         â•µ                                           [32m~~~~~~~~~[0m

  Error occurs in the template of component WarehouseEditModalComponent.

    src/app/features/warehouses/warehouse-edit-modal/warehouse-edit-modal.component.ts:14:15:
[37m      14 â”‚   templateUrl: [32m'./warehouse-edit-modal.component.html'[37m,
         â•µ                [32m~~~~~~~~~~~~~~~~~~~~~~~~~~~~~~~~~~~~~~~[0m


[31mâœ˜ [41;31m[[41;97mERROR[41;31m][0m [1mNG8004: No pipe found with name 'translate'.[0m [1m[35m[plugin angular-compiler][0m

    src/app/features/warehouses/warehouse-edit-modal/warehouse-edit-modal.component.html:20:269:
[37m      20 â”‚ ...nsition-colors">{{ 'common.buttons.cancel' | [32mtranslate[37m }}</button>
         â•µ                                                 [32m~~~~~~~~~[0m

  Error occurs in the template of component WarehouseEditModalComponent.

    src/app/features/warehouses/warehouse-edit-modal/warehouse-edit-modal.component.ts:14:15:
[37m      14 â”‚   templateUrl: [32m'./warehouse-edit-modal.component.html'[37m,
         â•µ                [32m~~~~~~~~~~~~~~~~~~~~~~~~~~~~~~~~~~~~~~~[0m


[31mâœ˜ [41;31m[[41;97mERROR[41;31m][0m [1mNG8004: No pipe found with name 'translate'.[0m [1m[35m[plugin angular-compiler][0m

    src/app/features/warehouses/warehouse-edit-modal/warehouse-edit-modal.component.html:21:176:
[37m      21 â”‚ ...ng) { {{ 'common.saving' | [32mtranslate[37m }} } @else { {{ 'common.bu...
         â•µ                               [32m~~~~~~~~~[0m

  Error occurs in the template of component WarehouseEditModalComponent.

    src/app/features/warehouses/warehouse-edit-modal/warehouse-edit-modal.component.ts:14:15:
[37m      14 â”‚   templateUrl: [32m'./warehouse-edit-modal.component.html'[37m,
         â•µ                [32m~~~~~~~~~~~~~~~~~~~~~~~~~~~~~~~~~~~~~~~[0m


[31mâœ˜ [41;31m[[41;97mERROR[41;31m][0m [1mNG8004: No pipe found with name 'translate'.[0m [1m[35m[plugin angular-compiler][0m

    src/app/features/warehouses/warehouse-edit-modal/warehouse-edit-modal.component.html:21:226:
[37m      21 â”‚ ...te }} } @else { {{ 'common.buttons.save' | [32mtranslate[37m }} }</button>
         â•µ                                               [32m~~~~~~~~~[0m

  Error occurs in the template of component WarehouseEditModalComponent.

    src/app/features/warehouses/warehouse-edit-modal/warehouse-edit-modal.component.ts:14:15:
[37m      14 â”‚   templateUrl: [32m'./warehouse-edit-modal.component.html'[37m,
         â•µ                [32m~~~~~~~~~~~~~~~~~~~~~~~~~~~~~~~~~~~~~~~[0m


[31mâœ˜ [41;31m[[41;97mERROR[41;31m][0m [1mNG8004: No pipe found with name 'translate'.[0m [1m[35m[plugin angular-compiler][0m

    src/app/shared/components/customer-selector-modal/customer-selector-modal.component.html:10:79:
[37m      10 â”‚ ...nt-bold text-white">{{ 'modals.selectCustomer' | [32mtranslate[37m }}</h2>
         â•µ                                                     [32m~~~~~~~~~[0m

  Error occurs in the template of component CustomerSelectorModalComponent.

    src/app/shared/components/customer-selector-modal/customer-selector-modal.component.ts:12:15:
[37m      12 â”‚   templateUrl: [32m'./customer-selector-modal.component.html'[37m,
         â•µ                [32m~~~~~~~~~~~~~~~~~~~~~~~~~~~~~~~~~~~~~~~~~~[0m


[31mâœ˜ [41;31m[[41;97mERROR[41;31m][0m [1mNG8004: No pipe found with name 'translate'.[0m [1m[35m[plugin angular-compiler][0m

    src/app/shared/components/customer-selector-modal/customer-selector-modal.component.html:18:67:
[37m      18 â”‚ ...  [placeholder]="'common.placeholders.searchCustomer' | [32mtranslate[37m"
         â•µ                                                            [32m~~~~~~~~~[0m

  Error occurs in the template of component CustomerSelectorModalComponent.

    src/app/shared/components/customer-selector-modal/customer-selector-modal.component.ts:12:15:
[37m      12 â”‚   templateUrl: [32m'./customer-selector-modal.component.html'[37m,
         â•µ                [32m~~~~~~~~~~~~~~~~~~~~~~~~~~~~~~~~~~~~~~~~~~[0m


[31mâœ˜ [41;31m[[41;97mERROR[41;31m][0m [1mNG8004: No pipe found with name 'translate'.[0m [1m[35m[plugin angular-compiler][0m

    src/app/shared/components/customer-selector-modal/customer-selector-modal.component.html:27:93:
[37m      27 â”‚ ...k:text-slate-400">{{ 'common.loading.customers' | [32mtranslate[37m }}</p>
         â•µ                                                      [32m~~~~~~~~~[0m

  Error occurs in the template of component CustomerSelectorModalComponent.

    src/app/shared/components/customer-selector-modal/customer-selector-modal.component.ts:12:15:
[37m      12 â”‚   templateUrl: [32m'./customer-selector-modal.component.html'[37m,
         â•µ                [32m~~~~~~~~~~~~~~~~~~~~~~~~~~~~~~~~~~~~~~~~~~[0m


[31mâœ˜ [41;31m[[41;97mERROR[41;31m][0m [1mNG8004: No pipe found with name 'translate'.[0m [1m[35m[plugin angular-compiler][0m

    src/app/shared/components/customer-selector-modal/customer-selector-modal.component.html:33:61:
[37m      33 â”‚ ...p class="text-xl">{{ 'common.empty.noCustomers' | [32mtranslate[37m }}</p>
         â•µ                                                      [32m~~~~~~~~~[0m

  Error occurs in the template of component CustomerSelectorModalComponent.

    src/app/shared/components/customer-selector-modal/customer-selector-modal.component.ts:12:15:
[37m      12 â”‚   templateUrl: [32m'./customer-selector-modal.component.html'[37m,
         â•µ                [32m~~~~~~~~~~~~~~~~~~~~~~~~~~~~~~~~~~~~~~~~~~[0m


[31mâœ˜ [41;31m[[41;97mERROR[41;31m][0m [1mNG8004: No pipe found with name 'translate'.[0m [1m[35m[plugin angular-compiler][0m

    src/app/shared/components/customer-selector-modal/customer-selector-modal.component.html:81:139:
[37m      81 â”‚ ... 'common.fields.zipCode' | [32mtranslate[37m }} {{customer.zipCode}}</div>
         â•µ                               [32m~~~~~~~~~[0m

  Error occurs in the template of component CustomerSelectorModalComponent.

    src/app/shared/components/customer-selector-modal/customer-selector-modal.component.ts:12:15:
[37m      12 â”‚   templateUrl: [32m'./customer-selector-modal.component.html'[37m,
         â•µ                [32m~~~~~~~~~~~~~~~~~~~~~~~~~~~~~~~~~~~~~~~~~~[0m


[31mâœ˜ [41;31m[[41;97mERROR[41;31m][0m [1mNG8004: No pipe found with name 'translate'.[0m [1m[35m[plugin angular-compiler][0m

    src/app/shared/components/customer-selector-modal/customer-selector-modal.component.html:96:161:
[37m      96 â”‚ ...old transition">{{ 'common.buttons.cancel' | [32mtranslate[37m }}</button>
         â•µ                                                 [32m~~~~~~~~~[0m

  Error occurs in the template of component CustomerSelectorModalComponent.

    src/app/shared/components/customer-selector-modal/customer-selector-modal.component.ts:12:15:
[37m      12 â”‚   templateUrl: [32m'./customer-selector-modal.component.html'[37m,
         â•µ                [32m~~~~~~~~~~~~~~~~~~~~~~~~~~~~~~~~~~~~~~~~~~[0m


[31mâœ˜ [41;31m[[41;97mERROR[41;31m][0m [1mNG8004: No pipe found with name 'translate'.[0m [1m[35m[plugin angular-compiler][0m

    src/app/shared/components/customer-selector-modal/customer-selector-modal.component.html:97:254:
[37m      97 â”‚ ...ed transition">{{ 'modals.confirmCustomer' | [32mtranslate[37m }}</button>
         â•µ                                                 [32m~~~~~~~~~[0m

  Error occurs in the template of component CustomerSelectorModalComponent.

    src/app/shared/components/customer-selector-modal/customer-selector-modal.component.ts:12:15:
[37m      12 â”‚   templateUrl: [32m'./customer-selector-modal.component.html'[37m,
         â•µ                [32m~~~~~~~~~~~~~~~~~~~~~~~~~~~~~~~~~~~~~~~~~~[0m


